  Equation Data:                             clamped (Gaussian bells)        
  IP pre-factor:                             1        
  Local solver:                              Exact        
  Stream function formulation (Stokes):      false    

  Finite element:                            FE_Q<2>(3)        
  Number of run cycles:                      10        
  Lower dof limit:                           10        
  Upper dof limit:                           1000000        
  Using TBB:                                 false    

  Geometry:                                  Cube        
  Number of refinements:                     1        
  Number of repetitions:                     2        
  Subdivisions per direction:                []        
  Distortion factor:                         -1.000e+00

  Solver:                                    direct        
  Absolute tolerance:                        1.000e-14    
  Relative tolerance:                        1.000e-14    
  Number of maximal iterations:              200        
  Preconditioner:                            None        
  Solver control:                            absolute tolerance        


Cycle: 1 of 10
  Domain:                                    (0, 1) x (0, 1)        
  Root mesh:                                 2 x 2        
  Number of root cells:                      4        
  Number of active cells:                    16        

  Number of degrees of freedom:              169        
interpolating boundary values...
  Solving system                             ...        
  Average reduction (solver):                direct solver        
  Number of iterations (solver):             ---        
  Error in the L2 norm:                      0.00337983        
  Error in the H1 seminorm:                  0.057897        
  Error in energy norm (resp. |.|_h):        2.23354        

Cycle: 2 of 10
  Domain:                                    (0, 1) x (0, 1)        
  Root mesh:                                 2 x 2        
  Number of root cells:                      4        
  Number of active cells:                    64        

  Number of degrees of freedom:              625        
interpolating boundary values...
  Solving system                             ...        
  Average reduction (solver):                direct solver        
  Number of iterations (solver):             ---        
  Error in the L2 norm:                      1.781e-04          
  Error in the H1 seminorm:                  0.00679769        
  Error in energy norm (resp. |.|_h):        0.591616        

Cycle: 3 of 10
  Domain:                                    (0, 1) x (0, 1)        
  Root mesh:                                 2 x 2        
  Number of root cells:                      4        
  Number of active cells:                    256        

  Number of degrees of freedom:              2401        
interpolating boundary values...
  Solving system                             ...        
  Average reduction (solver):                direct solver        
  Number of iterations (solver):             ---        
  Error in the L2 norm:                      1.041e-05          
  Error in the H1 seminorm:                  8.325e-04          
  Error in energy norm (resp. |.|_h):        0.149795        

Cycle: 4 of 10
  Domain:                                    (0, 1) x (0, 1)        
  Root mesh:                                 2 x 2        
  Number of root cells:                      4        
  Number of active cells:                    1024        

  Number of degrees of freedom:              9409        
interpolating boundary values...
  Solving system                             ...        
  Average reduction (solver):                direct solver        
  Number of iterations (solver):             ---        
  Error in the L2 norm:                      6.370e-07         
  Error in the H1 seminorm:                  1.033e-04          
  Error in energy norm (resp. |.|_h):        0.0374077        

Cycle: 5 of 10
  Domain:                                    (0, 1) x (0, 1)        
  Root mesh:                                 2 x 2        
  Number of root cells:                      4        
  Number of active cells:                    4096        

  Number of degrees of freedom:              37249        
interpolating boundary values...
  Solving system                             ...        
  Average reduction (solver):                direct solver        
  Number of iterations (solver):             ---        
  Error in the L2 norm:                      3.962e-08         
  Error in the H1 seminorm:                  1.290e-05          
  Error in energy norm (resp. |.|_h):        0.00933275        

Cycle: 6 of 10
  Domain:                                    (0, 1) x (0, 1)        
  Root mesh:                                 2 x 2        
  Number of root cells:                      4        
  Number of active cells:                    16384        

  Number of degrees of freedom:              148225        
interpolating boundary values...
  Solving system                             ...        
  Average reduction (solver):                direct solver        
  Number of iterations (solver):             ---        
  Error in the L2 norm:                      1.876e-08          
  Error in the H1 seminorm:                  1.614e-06          
  Error in energy norm (resp. |.|_h):        0.00233004        

Cycle: 7 of 10
  Domain:                                    (0, 1) x (0, 1)        
  Root mesh:                                 2 x 2        
  Number of root cells:                      4        
  Number of active cells:                    65536        

  Number of degrees of freedom:              591361        
interpolating boundary values...
  Solving system                             ...        
  Average reduction (solver):                direct solver        
  Number of iterations (solver):             ---        
  Error in the L2 norm:                      4.890e-07          
  Error in the H1 seminorm:                  2.388e-06         
  Error in energy norm (resp. |.|_h):        5.826e-04          

Cycle: 8 of 10
no mesh created... 

Cycle: 9 of 10
no mesh created... 

Cycle: 10 of 10
no mesh created... 



n_levels n_cells n_dofs n_colors n_iter reduction       L2_error           energy_error     
       0      16    169        0 0.0000 0.000e+00 3.380e-03     -     - 2.234e+00    -    - 
       0      64    625        0 0.0000 0.000e+00 1.781e-04 18.98  4.50 5.916e-01 3.78 2.03 
       0     256   2401        0 0.0000 0.000e+00 1.041e-05 17.10  4.22 1.498e-01 3.95 2.04 
       0    1024   9409        0 0.0000 0.000e+00 6.370e-07 16.35  4.09 3.741e-02 4.00 2.03 
       0    4096  37249        0 0.0000 0.000e+00 3.962e-08 16.07  4.04 9.333e-03 4.01 2.02 
       0   16384 148225        0 0.0000 0.000e+00 1.876e-08  2.11  1.08 2.330e-03 4.01 2.01 
       0   65536 591361        0 0.0000 0.000e+00 4.890e-07  0.04 -4.71 5.826e-04 4.00 2.00 
