  Git - deal.II version:                     0a611000a0        
  Git - deal.II branch:                      rt_matrixfree        
  Git - TPSS version:                        6f5fedb        
  Git - TPSS branch:                         RAS        
  Date:                                      2020/11/26        
  Number of MPI processes:                   40        
  Number of threads per MPI proc:            4        
  Vectorization level:                       SSE2        
  Size of global_dof_index (bits):           64        

  n_refinements (initial):                   1        
  n_repetitions (initial):                   2        
  gmres solver reduction:                    1.000e-08    

  //////////////////////////////             //////////////////////////////        
  Poisson run cycle:                         0        

  //////////////////////////////             //////////////////////////////        
  Poisson run cycle:                         1        

  //////////////////////////////             //////////////////////////////        
  Poisson run cycle:                         2        

  Domain:                                    (0, 1) x (0, 1) x (0, 1)        
  Root mesh:                                 2 x 2 x 2        
  Number of root cells:                      8        
  Number of active cells:                    4096        
  Finite element:                            FE_DGQHermite<3>(3)        
  Number of run cycles:                      15        
  Lower dof limit:                           100000        
  Upper dof limit:                           100000000        
  Using TBB:                                 true     

  Geometry:                                  Cube        
  Number of refinements:                     1        
  Number of repetitions:                     2        
  Subdivisions per direction:                []        
  Distortion factor:                         -1.000e+00

  Solver:                                    gmres        
  Absolute tolerance:                        1.000e-14    
  Relative tolerance:                        1.000e-08    
  Number of maximal iterations:              100        
  Preconditioner:                            GMG        
  Use as right preconditioner?               false    

  Multigrid:                                 V-cycle        
  /// Pre-smoother                                   
  Number of smoothing steps:                 2        
  Doubling of smoothing steps:               false    
  Smoother:                                  Schwarz Smoother        
  Schwarz operator                           Additive Vertex Patch        
  Damping factor                             1        
  Patch-local damping factor                 1        
  User-defined coloring                      true     
  Symmetrized Schwarz operator               false    
  Reversed Schwarz operator                  false    
  RAS - weights                              true     
  RAS - boolean weights                      false    
  Number of quad points (surrogate)          4        
  Normalize surrogate patches                false    
  Compute arc length (surrogate)             true     
  Caching strategy                           cached        
  /// Post-smoother                                  
  Number of smoothing steps:                 2        
  Doubling of smoothing steps:               false    
  Smoother:                                  Schwarz Smoother        
  Schwarz operator                           Additive Vertex Patch        
  Damping factor                             1        
  Patch-local damping factor                 1        
  User-defined coloring                      true     
  Symmetrized Schwarz operator               false    
  Reversed Schwarz operator                  false    
  RAS - weights                              true     
  RAS - boolean weights                      false    
  Number of quad points (surrogate)          4        
  Normalize surrogate patches                false    
  Compute arc length (surrogate)             true     
  Caching strategy                           cached        
  /// Coarse grid solver                             
  Coarse grid solver:                        Accurate Iterative Solver        
  Iterative solver:                          gmres        
  Accuracy:                                  1.000e-12    

  Average reduction (solver):                0.0223559        
  Number of iterations (solver):             4.8467        
  ||u - uh||_L2 =                            3.757e-06          
  [SchwarzPrecond] Update residuals:         0.000e+00
  [SchwarzPrecond] Apply inverses:           0.499891        
  [SchwarzPrecond] Compute inverses:         0.0314073        
  [SchwarzPrecond] Copy Locally Owned:       0.0867737        
  [SchwarzPrecond] Step:                     0.500088        
  Vertex patch gathering                     0.0153247        
  Vertex patch coloring (user_avoidrace)     0.0683935        
  Submit vertex patches                      0.00125663        
  //////////////////////////////             //////////////////////////////        
  Poisson run cycle:                         3        

  Domain:                                    (0, 1) x (0, 1) x (0, 1)        
  Root mesh:                                 2 x 2 x 2        
  Number of root cells:                      8        
  Number of active cells:                    32768        
  Finite element:                            FE_DGQHermite<3>(3)        
  Number of run cycles:                      15        
  Lower dof limit:                           100000        
  Upper dof limit:                           100000000        
  Using TBB:                                 true     

  Geometry:                                  Cube        
  Number of refinements:                     1        
  Number of repetitions:                     2        
  Subdivisions per direction:                []        
  Distortion factor:                         -1.000e+00

  Solver:                                    gmres        
  Absolute tolerance:                        1.000e-14    
  Relative tolerance:                        1.000e-08    
  Number of maximal iterations:              100        
  Preconditioner:                            GMG        
  Use as right preconditioner?               false    

  Multigrid:                                 V-cycle        
  /// Pre-smoother                                   
  Number of smoothing steps:                 2        
  Doubling of smoothing steps:               false    
  Smoother:                                  Schwarz Smoother        
  Schwarz operator                           Additive Vertex Patch        
  Damping factor                             1        
  Patch-local damping factor                 1        
  User-defined coloring                      true     
  Symmetrized Schwarz operator               false    
  Reversed Schwarz operator                  false    
  RAS - weights                              true     
  RAS - boolean weights                      false    
  Number of quad points (surrogate)          4        
  Normalize surrogate patches                false    
  Compute arc length (surrogate)             true     
  Caching strategy                           cached        
  /// Post-smoother                                  
  Number of smoothing steps:                 2        
  Doubling of smoothing steps:               false    
  Smoother:                                  Schwarz Smoother        
  Schwarz operator                           Additive Vertex Patch        
  Damping factor                             1        
  Patch-local damping factor                 1        
  User-defined coloring                      true     
  Symmetrized Schwarz operator               false    
  Reversed Schwarz operator                  false    
  RAS - weights                              true     
  RAS - boolean weights                      false    
  Number of quad points (surrogate)          4        
  Normalize surrogate patches                false    
  Compute arc length (surrogate)             true     
  Caching strategy                           cached        
  /// Coarse grid solver                             
  Coarse grid solver:                        Accurate Iterative Solver        
  Iterative solver:                          gmres        
  Accuracy:                                  1.000e-12    

  Average reduction (solver):                0.0200801        
  Number of iterations (solver):             4.71355        
  ||u - uh||_L2 =                            2.435e-07          
  [SchwarzPrecond] Update residuals:         0.000e+00
  [SchwarzPrecond] Apply inverses:           1.92384        
  [SchwarzPrecond] Compute inverses:         0.141625        
  [SchwarzPrecond] Copy Locally Owned:       0.53938        
  [SchwarzPrecond] Step:                     1.92414        
  Vertex patch gathering                     0.0363123        
  Vertex patch coloring (user_avoidrace)     0.222823        
  Submit vertex patches                      0.00167375        
  //////////////////////////////             //////////////////////////////        
  Poisson run cycle:                         4        

  Domain:                                    (0, 1) x (0, 1) x (0, 1)        
  Root mesh:                                 2 x 2 x 2        
  Number of root cells:                      8        
  Number of active cells:                    262144        
  Finite element:                            FE_DGQHermite<3>(3)        
  Number of run cycles:                      15        
  Lower dof limit:                           100000        
  Upper dof limit:                           100000000        
  Using TBB:                                 true     

  Geometry:                                  Cube        
  Number of refinements:                     1        
  Number of repetitions:                     2        
  Subdivisions per direction:                []        
  Distortion factor:                         -1.000e+00

  Solver:                                    gmres        
  Absolute tolerance:                        1.000e-14    
  Relative tolerance:                        1.000e-08    
  Number of maximal iterations:              100        
  Preconditioner:                            GMG        
  Use as right preconditioner?               false    

  Multigrid:                                 V-cycle        
  /// Pre-smoother                                   
  Number of smoothing steps:                 2        
  Doubling of smoothing steps:               false    
  Smoother:                                  Schwarz Smoother        
  Schwarz operator                           Additive Vertex Patch        
  Damping factor                             1        
  Patch-local damping factor                 1        
  User-defined coloring                      true     
  Symmetrized Schwarz operator               false    
  Reversed Schwarz operator                  false    
  RAS - weights                              true     
  RAS - boolean weights                      false    
  Number of quad points (surrogate)          4        
  Normalize surrogate patches                false    
  Compute arc length (surrogate)             true     
  Caching strategy                           cached        
  /// Post-smoother                                  
  Number of smoothing steps:                 2        
  Doubling of smoothing steps:               false    
  Smoother:                                  Schwarz Smoother        
  Schwarz operator                           Additive Vertex Patch        
  Damping factor                             1        
  Patch-local damping factor                 1        
  User-defined coloring                      true     
  Symmetrized Schwarz operator               false    
  Reversed Schwarz operator                  false    
  RAS - weights                              true     
  RAS - boolean weights                      false    
  Number of quad points (surrogate)          4        
  Normalize surrogate patches                false    
  Compute arc length (surrogate)             true     
  Caching strategy                           cached        
  /// Coarse grid solver                             
  Coarse grid solver:                        Accurate Iterative Solver        
  Iterative solver:                          gmres        
  Accuracy:                                  1.000e-12    

  Average reduction (solver):                0.0179182        
  Number of iterations (solver):             4.58005        
  ||u - uh||_L2 =                            1.543e-08          
  [SchwarzPrecond] Update residuals:         0.000e+00
  [SchwarzPrecond] Apply inverses:           27.6679        
  [SchwarzPrecond] Compute inverses:         1.09922        
  [SchwarzPrecond] Copy Locally Owned:       8.93382        
  [SchwarzPrecond] Step:                     27.6682        
  Vertex patch gathering                     0.185973        
  Vertex patch coloring (user_avoidrace)     0.147086        
  Submit vertex patches                      0.0129242        
  //////////////////////////////             //////////////////////////////        
  Poisson run cycle:                         5        

  //////////////////////////////             //////////////////////////////        
  Poisson run cycle:                         6        

  //////////////////////////////             //////////////////////////////        
  Poisson run cycle:                         7        

  //////////////////////////////             //////////////////////////////        
  Poisson run cycle:                         8        

  //////////////////////////////             //////////////////////////////        
  Poisson run cycle:                         9        

  //////////////////////////////             //////////////////////////////        
  Poisson run cycle:                         10        

  //////////////////////////////             //////////////////////////////        
  Poisson run cycle:                         11        

  //////////////////////////////             //////////////////////////////        
  Poisson run cycle:                         12        

  //////////////////////////////             //////////////////////////////        
  Poisson run cycle:                         13        

  //////////////////////////////             //////////////////////////////        
  Poisson run cycle:                         14        



+---------------------------------------------+------------+------------+
| Total wallclock time elapsed since start    |      36.9s |            |
|                                             |            |            |
| Section                         | no. calls |  wall time | % of total |
+---------------------------------+-----------+------------+------------+
| Compute discretization errors   |         3 |      1.15s |       3.1% |
| Create triangulation            |        15 |       2.2s |         6% |
| Distribute dofs                 |         3 |     0.572s |       1.5% |
| Setup MG preconditioner         |         3 |      3.52s |       9.5% |
| Setup linear system             |         3 |     0.678s |       1.8% |
| Solve                           |         3 |      28.7s |        78% |
+---------------------------------+-----------+------------+------------+

!TABLEPP
n_levels n_cells  n_dofs  n_colors n_iter reduction       L2_error       
       4    4096   262144        8 4.8467 2.236e-02 3.757e-06     -    - 
       5   32768  2097152        8 4.7136 2.008e-02 2.435e-07 15.43 3.95 
       6  262144 16777216        8 4.5801 1.792e-02 1.543e-08 15.78 3.98 
TABLE!PP
