  Git - deal.II version:                     0a611000a0        
  Git - deal.II branch:                      rt_matrixfree        
  Git - TPSS version:                        6f5fedb        
  Git - TPSS branch:                         RAS        
  Date:                                      2020/11/26        
  Number of MPI processes:                   40        
  Number of threads per MPI proc:            4        
  Vectorization level:                       SSE2        
  Size of global_dof_index (bits):           64        

  n_refinements (initial):                   1        
  n_repetitions (initial):                   2        
  gmres solver reduction:                    1.000e-08    

  //////////////////////////////             //////////////////////////////        
  Poisson run cycle:                         0        

  //////////////////////////////             //////////////////////////////        
  Poisson run cycle:                         1        

  //////////////////////////////             //////////////////////////////        
  Poisson run cycle:                         2        

  //////////////////////////////             //////////////////////////////        
  Poisson run cycle:                         3        

  //////////////////////////////             //////////////////////////////        
  Poisson run cycle:                         4        

  //////////////////////////////             //////////////////////////////        
  Poisson run cycle:                         5        

  Domain:                                    (0, 1) x (0, 1)        
  Root mesh:                                 2 x 2        
  Number of root cells:                      4        
  Number of active cells:                    16384        
  Finite element:                            FE_DGQHermite<2>(3)        
  Number of run cycles:                      15        
  Lower dof limit:                           100000        
  Upper dof limit:                           100000000        
  Using TBB:                                 true     

  Geometry:                                  Cube        
  Number of refinements:                     1        
  Number of repetitions:                     2        
  Subdivisions per direction:                []        
  Distortion factor:                         -1.000e+00

  Solver:                                    gmres        
  Absolute tolerance:                        1.000e-14    
  Relative tolerance:                        1.000e-08    
  Number of maximal iterations:              100        
  Preconditioner:                            GMG        
  Use as right preconditioner?               false    

  Multigrid:                                 V-cycle        
  /// Pre-smoother                                   
  Number of smoothing steps:                 2        
  Doubling of smoothing steps:               false    
  Smoother:                                  Schwarz Smoother        
  Schwarz operator                           Additive Vertex Patch        
  Damping factor                             1        
  Patch-local damping factor                 1        
  User-defined coloring                      true     
  Symmetrized Schwarz operator               false    
  Reversed Schwarz operator                  false    
  RAS - weights                              true     
  RAS - boolean weights                      false    
  Number of quad points (surrogate)          4        
  Normalize surrogate patches                false    
  Compute arc length (surrogate)             true     
  Caching strategy                           cached        
  /// Post-smoother                                  
  Number of smoothing steps:                 2        
  Doubling of smoothing steps:               false    
  Smoother:                                  Schwarz Smoother        
  Schwarz operator                           Additive Vertex Patch        
  Damping factor                             1        
  Patch-local damping factor                 1        
  User-defined coloring                      true     
  Symmetrized Schwarz operator               false    
  Reversed Schwarz operator                  false    
  RAS - weights                              true     
  RAS - boolean weights                      false    
  Number of quad points (surrogate)          4        
  Normalize surrogate patches                false    
  Compute arc length (surrogate)             true     
  Caching strategy                           cached        
  /// Coarse grid solver                             
  Coarse grid solver:                        Accurate Iterative Solver        
  Iterative solver:                          gmres        
  Accuracy:                                  1.000e-12    

  Average reduction (solver):                0.00803191        
  Number of iterations (solver):             3.81829        
  ||u - uh||_L2 =                            3.384e-09          
  [SchwarzPrecond] Update residuals:         0.000e+00
  [SchwarzPrecond] Apply inverses:           0.220702        
  [SchwarzPrecond] Compute inverses:         0.0651787        
  [SchwarzPrecond] Copy Locally Owned:       0.0151454        
  [SchwarzPrecond] Step:                     0.220864        
  Vertex patch gathering                     0.00687069        
  Vertex patch coloring (user_avoidrace)     0.187193        
  Submit vertex patches                      0.0351928        
  //////////////////////////////             //////////////////////////////        
  Poisson run cycle:                         6        

  Domain:                                    (0, 1) x (0, 1)        
  Root mesh:                                 2 x 2        
  Number of root cells:                      4        
  Number of active cells:                    65536        
  Finite element:                            FE_DGQHermite<2>(3)        
  Number of run cycles:                      15        
  Lower dof limit:                           100000        
  Upper dof limit:                           100000000        
  Using TBB:                                 true     

  Geometry:                                  Cube        
  Number of refinements:                     1        
  Number of repetitions:                     2        
  Subdivisions per direction:                []        
  Distortion factor:                         -1.000e+00

  Solver:                                    gmres        
  Absolute tolerance:                        1.000e-14    
  Relative tolerance:                        1.000e-08    
  Number of maximal iterations:              100        
  Preconditioner:                            GMG        
  Use as right preconditioner?               false    

  Multigrid:                                 V-cycle        
  /// Pre-smoother                                   
  Number of smoothing steps:                 2        
  Doubling of smoothing steps:               false    
  Smoother:                                  Schwarz Smoother        
  Schwarz operator                           Additive Vertex Patch        
  Damping factor                             1        
  Patch-local damping factor                 1        
  User-defined coloring                      true     
  Symmetrized Schwarz operator               false    
  Reversed Schwarz operator                  false    
  RAS - weights                              true     
  RAS - boolean weights                      false    
  Number of quad points (surrogate)          4        
  Normalize surrogate patches                false    
  Compute arc length (surrogate)             true     
  Caching strategy                           cached        
  /// Post-smoother                                  
  Number of smoothing steps:                 2        
  Doubling of smoothing steps:               false    
  Smoother:                                  Schwarz Smoother        
  Schwarz operator                           Additive Vertex Patch        
  Damping factor                             1        
  Patch-local damping factor                 1        
  User-defined coloring                      true     
  Symmetrized Schwarz operator               false    
  Reversed Schwarz operator                  false    
  RAS - weights                              true     
  RAS - boolean weights                      false    
  Number of quad points (surrogate)          4        
  Normalize surrogate patches                false    
  Compute arc length (surrogate)             true     
  Caching strategy                           cached        
  /// Coarse grid solver                             
  Coarse grid solver:                        Accurate Iterative Solver        
  Iterative solver:                          gmres        
  Accuracy:                                  1.000e-12    

  Average reduction (solver):                0.00733212        
  Number of iterations (solver):             3.74748        
  ||u - uh||_L2 =                            2.263e-09          
  [SchwarzPrecond] Update residuals:         0.000e+00
  [SchwarzPrecond] Apply inverses:           0.518593        
  [SchwarzPrecond] Compute inverses:         0.193417        
  [SchwarzPrecond] Copy Locally Owned:       0.076855        
  [SchwarzPrecond] Step:                     0.5188        
  Vertex patch gathering                     0.0151374        
  Vertex patch coloring (user_avoidrace)     0.196408        
  Submit vertex patches                      0.00357792        
  //////////////////////////////             //////////////////////////////        
  Poisson run cycle:                         7        

  Domain:                                    (0, 1) x (0, 1)        
  Root mesh:                                 2 x 2        
  Number of root cells:                      4        
  Number of active cells:                    262144        
  Finite element:                            FE_DGQHermite<2>(3)        
  Number of run cycles:                      15        
  Lower dof limit:                           100000        
  Upper dof limit:                           100000000        
  Using TBB:                                 true     

  Geometry:                                  Cube        
  Number of refinements:                     1        
  Number of repetitions:                     2        
  Subdivisions per direction:                []        
  Distortion factor:                         -1.000e+00

  Solver:                                    gmres        
  Absolute tolerance:                        1.000e-14    
  Relative tolerance:                        1.000e-08    
  Number of maximal iterations:              100        
  Preconditioner:                            GMG        
  Use as right preconditioner?               false    

  Multigrid:                                 V-cycle        
  /// Pre-smoother                                   
  Number of smoothing steps:                 2        
  Doubling of smoothing steps:               false    
  Smoother:                                  Schwarz Smoother        
  Schwarz operator                           Additive Vertex Patch        
  Damping factor                             1        
  Patch-local damping factor                 1        
  User-defined coloring                      true     
  Symmetrized Schwarz operator               false    
  Reversed Schwarz operator                  false    
  RAS - weights                              true     
  RAS - boolean weights                      false    
  Number of quad points (surrogate)          4        
  Normalize surrogate patches                false    
  Compute arc length (surrogate)             true     
  Caching strategy                           cached        
  /// Post-smoother                                  
  Number of smoothing steps:                 2        
  Doubling of smoothing steps:               false    
  Smoother:                                  Schwarz Smoother        
  Schwarz operator                           Additive Vertex Patch        
  Damping factor                             1        
  Patch-local damping factor                 1        
  User-defined coloring                      true     
  Symmetrized Schwarz operator               false    
  Reversed Schwarz operator                  false    
  RAS - weights                              true     
  RAS - boolean weights                      false    
  Number of quad points (surrogate)          4        
  Normalize surrogate patches                false    
  Compute arc length (surrogate)             true     
  Caching strategy                           cached        
  /// Coarse grid solver                             
  Coarse grid solver:                        Accurate Iterative Solver        
  Iterative solver:                          gmres        
  Accuracy:                                  1.000e-12    

  Average reduction (solver):                0.00669583        
  Number of iterations (solver):             3.67952        
  ||u - uh||_L2 =                            1.568e-09          
  [SchwarzPrecond] Update residuals:         0.000e+00
  [SchwarzPrecond] Apply inverses:           3.11307        
  [SchwarzPrecond] Compute inverses:         0.741851        
  [SchwarzPrecond] Copy Locally Owned:       0.664323        
  [SchwarzPrecond] Step:                     3.11331        
  Vertex patch gathering                     0.0528234        
  Vertex patch coloring (user_avoidrace)     0.283598        
  Submit vertex patches                      0.00816507        
  //////////////////////////////             //////////////////////////////        
  Poisson run cycle:                         8        

  Domain:                                    (0, 1) x (0, 1)        
  Root mesh:                                 2 x 2        
  Number of root cells:                      4        
  Number of active cells:                    1048576        
  Finite element:                            FE_DGQHermite<2>(3)        
  Number of run cycles:                      15        
  Lower dof limit:                           100000        
  Upper dof limit:                           100000000        
  Using TBB:                                 true     

  Geometry:                                  Cube        
  Number of refinements:                     1        
  Number of repetitions:                     2        
  Subdivisions per direction:                []        
  Distortion factor:                         -1.000e+00

  Solver:                                    gmres        
  Absolute tolerance:                        1.000e-14    
  Relative tolerance:                        1.000e-08    
  Number of maximal iterations:              100        
  Preconditioner:                            GMG        
  Use as right preconditioner?               false    

  Multigrid:                                 V-cycle        
  /// Pre-smoother                                   
  Number of smoothing steps:                 2        
  Doubling of smoothing steps:               false    
  Smoother:                                  Schwarz Smoother        
  Schwarz operator                           Additive Vertex Patch        
  Damping factor                             1        
  Patch-local damping factor                 1        
  User-defined coloring                      true     
  Symmetrized Schwarz operator               false    
  Reversed Schwarz operator                  false    
  RAS - weights                              true     
  RAS - boolean weights                      false    
  Number of quad points (surrogate)          4        
  Normalize surrogate patches                false    
  Compute arc length (surrogate)             true     
  Caching strategy                           cached        
  /// Post-smoother                                  
  Number of smoothing steps:                 2        
  Doubling of smoothing steps:               false    
  Smoother:                                  Schwarz Smoother        
  Schwarz operator                           Additive Vertex Patch        
  Damping factor                             1        
  Patch-local damping factor                 1        
  User-defined coloring                      true     
  Symmetrized Schwarz operator               false    
  Reversed Schwarz operator                  false    
  RAS - weights                              true     
  RAS - boolean weights                      false    
  Number of quad points (surrogate)          4        
  Normalize surrogate patches                false    
  Compute arc length (surrogate)             true     
  Caching strategy                           cached        
  /// Coarse grid solver                             
  Coarse grid solver:                        Accurate Iterative Solver        
  Iterative solver:                          gmres        
  Accuracy:                                  1.000e-12    

  Average reduction (solver):                0.00614973        
  Number of iterations (solver):             3.61804        
  ||u - uh||_L2 =                            1.116e-09          
  [SchwarzPrecond] Update residuals:         0.000e+00
  [SchwarzPrecond] Apply inverses:           12.8369        
  [SchwarzPrecond] Compute inverses:         3.08403        
  [SchwarzPrecond] Copy Locally Owned:       3.35367        
  [SchwarzPrecond] Step:                     12.8372        
  Vertex patch gathering                     0.169315        
  Vertex patch coloring (user_avoidrace)     0.622221        
  Submit vertex patches                      0.0311274        
  //////////////////////////////             //////////////////////////////        
  Poisson run cycle:                         9        

  Domain:                                    (0, 1) x (0, 1)        
  Root mesh:                                 2 x 2        
  Number of root cells:                      4        
  Number of active cells:                    4194304        
  Finite element:                            FE_DGQHermite<2>(3)        
  Number of run cycles:                      15        
  Lower dof limit:                           100000        
  Upper dof limit:                           100000000        
  Using TBB:                                 true     

  Geometry:                                  Cube        
  Number of refinements:                     1        
  Number of repetitions:                     2        
  Subdivisions per direction:                []        
  Distortion factor:                         -1.000e+00

  Solver:                                    gmres        
  Absolute tolerance:                        1.000e-14    
  Relative tolerance:                        1.000e-08    
  Number of maximal iterations:              100        
  Preconditioner:                            GMG        
  Use as right preconditioner?               false    

  Multigrid:                                 V-cycle        
  /// Pre-smoother                                   
  Number of smoothing steps:                 2        
  Doubling of smoothing steps:               false    
  Smoother:                                  Schwarz Smoother        
  Schwarz operator                           Additive Vertex Patch        
  Damping factor                             1        
  Patch-local damping factor                 1        
  User-defined coloring                      true     
  Symmetrized Schwarz operator               false    
  Reversed Schwarz operator                  false    
  RAS - weights                              true     
  RAS - boolean weights                      false    
  Number of quad points (surrogate)          4        
  Normalize surrogate patches                false    
  Compute arc length (surrogate)             true     
  Caching strategy                           cached        
  /// Post-smoother                                  
  Number of smoothing steps:                 2        
  Doubling of smoothing steps:               false    
  Smoother:                                  Schwarz Smoother        
  Schwarz operator                           Additive Vertex Patch        
  Damping factor                             1        
  Patch-local damping factor                 1        
  User-defined coloring                      true     
  Symmetrized Schwarz operator               false    
  Reversed Schwarz operator                  false    
  RAS - weights                              true     
  RAS - boolean weights                      false    
  Number of quad points (surrogate)          4        
  Normalize surrogate patches                false    
  Compute arc length (surrogate)             true     
  Caching strategy                           cached        
  /// Coarse grid solver                             
  Coarse grid solver:                        Accurate Iterative Solver        
  Iterative solver:                          gmres        
  Accuracy:                                  1.000e-12    

  Average reduction (solver):                0.00568644        
  Number of iterations (solver):             3.56322        
  ||u - uh||_L2 =                            8.339e-10          
  [SchwarzPrecond] Update residuals:         0.000e+00
  [SchwarzPrecond] Apply inverses:           48.1898        
  [SchwarzPrecond] Compute inverses:         11.916        
  [SchwarzPrecond] Copy Locally Owned:       13.4991        
  [SchwarzPrecond] Step:                     48.1902        
  Vertex patch gathering                     0.89587        
  Vertex patch coloring (user_avoidrace)     2.34173        
  Submit vertex patches                      0.30471        
  //////////////////////////////             //////////////////////////////        
  Poisson run cycle:                         10        

  //////////////////////////////             //////////////////////////////        
  Poisson run cycle:                         11        

  //////////////////////////////             //////////////////////////////        
  Poisson run cycle:                         12        

  //////////////////////////////             //////////////////////////////        
  Poisson run cycle:                         13        

  //////////////////////////////             //////////////////////////////        
  Poisson run cycle:                         14        



+---------------------------------------------+------------+------------+
| Total wallclock time elapsed since start    |        99s |            |
|                                             |            |            |
| Section                         | no. calls |  wall time | % of total |
+---------------------------------+-----------+------------+------------+
| Compute discretization errors   |         5 |      2.48s |       2.5% |
| Create triangulation            |        15 |      5.56s |       5.6% |
| Distribute dofs                 |         5 |      1.68s |       1.7% |
| Setup MG preconditioner         |         5 |      23.2s |        23% |
| Setup linear system             |         5 |      2.07s |       2.1% |
| Solve                           |         5 |      63.9s |        65% |
+---------------------------------+-----------+------------+------------+

!TABLEPP
n_levels n_cells  n_dofs  n_colors n_iter reduction      L2_error       
       7   16384   262144        4 3.8183 8.032e-03 3.384e-09    -    - 
       8   65536  1048576        4 3.7475 7.332e-03 2.263e-09 1.50 0.58 
       9  262144  4194304        4 3.6795 6.696e-03 1.568e-09 1.44 0.53 
      10 1048576 16777216        4 3.6180 6.150e-03 1.116e-09 1.40 0.49 
      11 4194304 67108864        4 3.5632 5.686e-03 8.339e-10 1.34 0.42 
TABLE!PP
