  Git - deal.II version:                     0a611000a0        
  Git - deal.II branch:                      rt_matrixfree        
  Git - TPSS version:                        6f5fedb        
  Git - TPSS branch:                         RAS        
  Date:                                      2020/11/26        
  Number of MPI processes:                   40        
  Number of threads per MPI proc:            4        
  Vectorization level:                       SSE2        
  Size of global_dof_index (bits):           64        

  n_refinements (initial):                   1        
  n_repetitions (initial):                   2        
  gmres solver reduction:                    1.000e-08    

  //////////////////////////////             //////////////////////////////        
  Poisson run cycle:                         0        

  //////////////////////////////             //////////////////////////////        
  Poisson run cycle:                         1        

  //////////////////////////////             //////////////////////////////        
  Poisson run cycle:                         2        

  //////////////////////////////             //////////////////////////////        
  Poisson run cycle:                         3        

  //////////////////////////////             //////////////////////////////        
  Poisson run cycle:                         4        

  Domain:                                    (0, 1) x (0, 1)        
  Root mesh:                                 2 x 2        
  Number of root cells:                      4        
  Number of active cells:                    4096        
  Finite element:                            FE_DGQHermite<2>(4)        
  Number of run cycles:                      15        
  Lower dof limit:                           100000        
  Upper dof limit:                           100000000        
  Using TBB:                                 true     

  Geometry:                                  Cube        
  Number of refinements:                     1        
  Number of repetitions:                     2        
  Subdivisions per direction:                []        
  Distortion factor:                         -1.000e+00

  Solver:                                    gmres        
  Absolute tolerance:                        1.000e-14    
  Relative tolerance:                        1.000e-08    
  Number of maximal iterations:              100        
  Preconditioner:                            GMG        
  Use as right preconditioner?               false    

  Multigrid:                                 V-cycle        
  /// Pre-smoother                                   
  Number of smoothing steps:                 2        
  Doubling of smoothing steps:               false    
  Smoother:                                  Schwarz Smoother        
  Schwarz operator                           Additive Vertex Patch        
  Damping factor                             0.25        
  Patch-local damping factor                 1        
  User-defined coloring                      true     
  Symmetrized Schwarz operator               false    
  Reversed Schwarz operator                  false    
  RAS - weights                              false    
  RAS - boolean weights                      false    
  Number of quad points (surrogate)          5        
  Normalize surrogate patches                false    
  Compute arc length (surrogate)             true     
  Caching strategy                           cached        
  /// Post-smoother                                  
  Number of smoothing steps:                 2        
  Doubling of smoothing steps:               false    
  Smoother:                                  Schwarz Smoother        
  Schwarz operator                           Additive Vertex Patch        
  Damping factor                             0.25        
  Patch-local damping factor                 1        
  User-defined coloring                      true     
  Symmetrized Schwarz operator               false    
  Reversed Schwarz operator                  false    
  RAS - weights                              false    
  RAS - boolean weights                      false    
  Number of quad points (surrogate)          5        
  Normalize surrogate patches                false    
  Compute arc length (surrogate)             true     
  Caching strategy                           cached        
  /// Coarse grid solver                             
  Coarse grid solver:                        Accurate Iterative Solver        
  Iterative solver:                          gmres        
  Accuracy:                                  1.000e-12    

  Average reduction (solver):                0.141996        
  Number of iterations (solver):             9.43702        
  ||u - uh||_L2 =                            2.206e-09          
  [SchwarzPrecond] Update residuals:         0.000e+00
  [SchwarzPrecond] Apply inverses:           0.260106        
  [SchwarzPrecond] Compute inverses:         0.0393836        
  [SchwarzPrecond] Copy Locally Owned:       0.0286996        
  [SchwarzPrecond] Step:                     0.26047        
  Vertex patch gathering                     0.00154822        
  Vertex patch coloring (user_avoidrace)     0.0231421        
  Submit vertex patches                      4.032e-04          
  //////////////////////////////             //////////////////////////////        
  Poisson run cycle:                         5        

  Domain:                                    (0, 1) x (0, 1)        
  Root mesh:                                 2 x 2        
  Number of root cells:                      4        
  Number of active cells:                    16384        
  Finite element:                            FE_DGQHermite<2>(4)        
  Number of run cycles:                      15        
  Lower dof limit:                           100000        
  Upper dof limit:                           100000000        
  Using TBB:                                 true     

  Geometry:                                  Cube        
  Number of refinements:                     1        
  Number of repetitions:                     2        
  Subdivisions per direction:                []        
  Distortion factor:                         -1.000e+00

  Solver:                                    gmres        
  Absolute tolerance:                        1.000e-14    
  Relative tolerance:                        1.000e-08    
  Number of maximal iterations:              100        
  Preconditioner:                            GMG        
  Use as right preconditioner?               false    

  Multigrid:                                 V-cycle        
  /// Pre-smoother                                   
  Number of smoothing steps:                 2        
  Doubling of smoothing steps:               false    
  Smoother:                                  Schwarz Smoother        
  Schwarz operator                           Additive Vertex Patch        
  Damping factor                             0.25        
  Patch-local damping factor                 1        
  User-defined coloring                      true     
  Symmetrized Schwarz operator               false    
  Reversed Schwarz operator                  false    
  RAS - weights                              false    
  RAS - boolean weights                      false    
  Number of quad points (surrogate)          5        
  Normalize surrogate patches                false    
  Compute arc length (surrogate)             true     
  Caching strategy                           cached        
  /// Post-smoother                                  
  Number of smoothing steps:                 2        
  Doubling of smoothing steps:               false    
  Smoother:                                  Schwarz Smoother        
  Schwarz operator                           Additive Vertex Patch        
  Damping factor                             0.25        
  Patch-local damping factor                 1        
  User-defined coloring                      true     
  Symmetrized Schwarz operator               false    
  Reversed Schwarz operator                  false    
  RAS - weights                              false    
  RAS - boolean weights                      false    
  Number of quad points (surrogate)          5        
  Normalize surrogate patches                false    
  Compute arc length (surrogate)             true     
  Caching strategy                           cached        
  /// Coarse grid solver                             
  Coarse grid solver:                        Accurate Iterative Solver        
  Iterative solver:                          gmres        
  Accuracy:                                  1.000e-12    

  Average reduction (solver):                0.136707        
  Number of iterations (solver):             9.25702        
  ||u - uh||_L2 =                            1.564e-09         
  [SchwarzPrecond] Update residuals:         0.000e+00
  [SchwarzPrecond] Apply inverses:           0.305224        
  [SchwarzPrecond] Compute inverses:         0.0973581        
  [SchwarzPrecond] Copy Locally Owned:       0.0406965        
  [SchwarzPrecond] Step:                     0.305565        
  Vertex patch gathering                     0.00465563        
  Vertex patch coloring (user_avoidrace)     0.0228775        
  Submit vertex patches                      9.293e-04          
  //////////////////////////////             //////////////////////////////        
  Poisson run cycle:                         6        

  Domain:                                    (0, 1) x (0, 1)        
  Root mesh:                                 2 x 2        
  Number of root cells:                      4        
  Number of active cells:                    65536        
  Finite element:                            FE_DGQHermite<2>(4)        
  Number of run cycles:                      15        
  Lower dof limit:                           100000        
  Upper dof limit:                           100000000        
  Using TBB:                                 true     

  Geometry:                                  Cube        
  Number of refinements:                     1        
  Number of repetitions:                     2        
  Subdivisions per direction:                []        
  Distortion factor:                         -1.000e+00

  Solver:                                    gmres        
  Absolute tolerance:                        1.000e-14    
  Relative tolerance:                        1.000e-08    
  Number of maximal iterations:              100        
  Preconditioner:                            GMG        
  Use as right preconditioner?               false    

  Multigrid:                                 V-cycle        
  /// Pre-smoother                                   
  Number of smoothing steps:                 2        
  Doubling of smoothing steps:               false    
  Smoother:                                  Schwarz Smoother        
  Schwarz operator                           Additive Vertex Patch        
  Damping factor                             0.25        
  Patch-local damping factor                 1        
  User-defined coloring                      true     
  Symmetrized Schwarz operator               false    
  Reversed Schwarz operator                  false    
  RAS - weights                              false    
  RAS - boolean weights                      false    
  Number of quad points (surrogate)          5        
  Normalize surrogate patches                false    
  Compute arc length (surrogate)             true     
  Caching strategy                           cached        
  /// Post-smoother                                  
  Number of smoothing steps:                 2        
  Doubling of smoothing steps:               false    
  Smoother:                                  Schwarz Smoother        
  Schwarz operator                           Additive Vertex Patch        
  Damping factor                             0.25        
  Patch-local damping factor                 1        
  User-defined coloring                      true     
  Symmetrized Schwarz operator               false    
  Reversed Schwarz operator                  false    
  RAS - weights                              false    
  RAS - boolean weights                      false    
  Number of quad points (surrogate)          5        
  Normalize surrogate patches                false    
  Compute arc length (surrogate)             true     
  Caching strategy                           cached        
  /// Coarse grid solver                             
  Coarse grid solver:                        Accurate Iterative Solver        
  Iterative solver:                          gmres        
  Accuracy:                                  1.000e-12    

  Average reduction (solver):                0.128769        
  Number of iterations (solver):             8.98686        
  ||u - uh||_L2 =                            9.758e-09          
  [SchwarzPrecond] Update residuals:         0.000e+00
  [SchwarzPrecond] Apply inverses:           1.31756        
  [SchwarzPrecond] Compute inverses:         0.335493        
  [SchwarzPrecond] Copy Locally Owned:       0.243468        
  [SchwarzPrecond] Step:                     1.318        
  Vertex patch gathering                     0.0153705        
  Vertex patch coloring (user_avoidrace)     0.231086        
  Submit vertex patches                      0.00295238        
  //////////////////////////////             //////////////////////////////        
  Poisson run cycle:                         7        

  Domain:                                    (0, 1) x (0, 1)        
  Root mesh:                                 2 x 2        
  Number of root cells:                      4        
  Number of active cells:                    262144        
  Finite element:                            FE_DGQHermite<2>(4)        
  Number of run cycles:                      15        
  Lower dof limit:                           100000        
  Upper dof limit:                           100000000        
  Using TBB:                                 true     

  Geometry:                                  Cube        
  Number of refinements:                     1        
  Number of repetitions:                     2        
  Subdivisions per direction:                []        
  Distortion factor:                         -1.000e+00

  Solver:                                    gmres        
  Absolute tolerance:                        1.000e-14    
  Relative tolerance:                        1.000e-08    
  Number of maximal iterations:              100        
  Preconditioner:                            GMG        
  Use as right preconditioner?               false    

  Multigrid:                                 V-cycle        
  /// Pre-smoother                                   
  Number of smoothing steps:                 2        
  Doubling of smoothing steps:               false    
  Smoother:                                  Schwarz Smoother        
  Schwarz operator                           Additive Vertex Patch        
  Damping factor                             0.25        
  Patch-local damping factor                 1        
  User-defined coloring                      true     
  Symmetrized Schwarz operator               false    
  Reversed Schwarz operator                  false    
  RAS - weights                              false    
  RAS - boolean weights                      false    
  Number of quad points (surrogate)          5        
  Normalize surrogate patches                false    
  Compute arc length (surrogate)             true     
  Caching strategy                           cached        
  /// Post-smoother                                  
  Number of smoothing steps:                 2        
  Doubling of smoothing steps:               false    
  Smoother:                                  Schwarz Smoother        
  Schwarz operator                           Additive Vertex Patch        
  Damping factor                             0.25        
  Patch-local damping factor                 1        
  User-defined coloring                      true     
  Symmetrized Schwarz operator               false    
  Reversed Schwarz operator                  false    
  RAS - weights                              false    
  RAS - boolean weights                      false    
  Number of quad points (surrogate)          5        
  Normalize surrogate patches                false    
  Compute arc length (surrogate)             true     
  Caching strategy                           cached        
  /// Coarse grid solver                             
  Coarse grid solver:                        Accurate Iterative Solver        
  Iterative solver:                          gmres        
  Accuracy:                                  1.000e-12    

  Average reduction (solver):                0.12012        
  Number of iterations (solver):             8.69202        
  ||u - uh||_L2 =                            5.295e-09          
  [SchwarzPrecond] Update residuals:         0.000e+00
  [SchwarzPrecond] Apply inverses:           8.47194        
  [SchwarzPrecond] Compute inverses:         1.1188        
  [SchwarzPrecond] Copy Locally Owned:       2.20476        
  [SchwarzPrecond] Step:                     8.47244        
  Vertex patch gathering                     0.0552852        
  Vertex patch coloring (user_avoidrace)     0.189457        
  Submit vertex patches                      0.00521274        
  //////////////////////////////             //////////////////////////////        
  Poisson run cycle:                         8        

  Domain:                                    (0, 1) x (0, 1)        
  Root mesh:                                 2 x 2        
  Number of root cells:                      4        
  Number of active cells:                    1048576        
  Finite element:                            FE_DGQHermite<2>(4)        
  Number of run cycles:                      15        
  Lower dof limit:                           100000        
  Upper dof limit:                           100000000        
  Using TBB:                                 true     

  Geometry:                                  Cube        
  Number of refinements:                     1        
  Number of repetitions:                     2        
  Subdivisions per direction:                []        
  Distortion factor:                         -1.000e+00

  Solver:                                    gmres        
  Absolute tolerance:                        1.000e-14    
  Relative tolerance:                        1.000e-08    
  Number of maximal iterations:              100        
  Preconditioner:                            GMG        
  Use as right preconditioner?               false    

  Multigrid:                                 V-cycle        
  /// Pre-smoother                                   
  Number of smoothing steps:                 2        
  Doubling of smoothing steps:               false    
  Smoother:                                  Schwarz Smoother        
  Schwarz operator                           Additive Vertex Patch        
  Damping factor                             0.25        
  Patch-local damping factor                 1        
  User-defined coloring                      true     
  Symmetrized Schwarz operator               false    
  Reversed Schwarz operator                  false    
  RAS - weights                              false    
  RAS - boolean weights                      false    
  Number of quad points (surrogate)          5        
  Normalize surrogate patches                false    
  Compute arc length (surrogate)             true     
  Caching strategy                           cached        
  /// Post-smoother                                  
  Number of smoothing steps:                 2        
  Doubling of smoothing steps:               false    
  Smoother:                                  Schwarz Smoother        
  Schwarz operator                           Additive Vertex Patch        
  Damping factor                             0.25        
  Patch-local damping factor                 1        
  User-defined coloring                      true     
  Symmetrized Schwarz operator               false    
  Reversed Schwarz operator                  false    
  RAS - weights                              false    
  RAS - boolean weights                      false    
  Number of quad points (surrogate)          5        
  Normalize surrogate patches                false    
  Compute arc length (surrogate)             true     
  Caching strategy                           cached        
  /// Coarse grid solver                             
  Coarse grid solver:                        Accurate Iterative Solver        
  Iterative solver:                          gmres        
  Accuracy:                                  1.000e-12    

  Average reduction (solver):                0.0933759        
  Number of iterations (solver):             7.76876        
  ||u - uh||_L2 =                            5.263e-09          
  [SchwarzPrecond] Update residuals:         0.000e+00
  [SchwarzPrecond] Apply inverses:           33.3802        
  [SchwarzPrecond] Compute inverses:         4.27772        
  [SchwarzPrecond] Copy Locally Owned:       9.59865        
  [SchwarzPrecond] Step:                     33.3808        
  Vertex patch gathering                     0.208208        
  Vertex patch coloring (user_avoidrace)     0.518118        
  Submit vertex patches                      0.0443107        
  //////////////////////////////             //////////////////////////////        
  Poisson run cycle:                         9        

  //////////////////////////////             //////////////////////////////        
  Poisson run cycle:                         10        

  //////////////////////////////             //////////////////////////////        
  Poisson run cycle:                         11        

  //////////////////////////////             //////////////////////////////        
  Poisson run cycle:                         12        

  //////////////////////////////             //////////////////////////////        
  Poisson run cycle:                         13        

  //////////////////////////////             //////////////////////////////        
  Poisson run cycle:                         14        



+---------------------------------------------+------------+------------+
| Total wallclock time elapsed since start    |      61.8s |            |
|                                             |            |            |
| Section                         | no. calls |  wall time | % of total |
+---------------------------------+-----------+------------+------------+
| Compute discretization errors   |         5 |         1s |       1.6% |
| Create triangulation            |        15 |      2.71s |       4.4% |
| Distribute dofs                 |         5 |     0.791s |       1.3% |
| Setup MG preconditioner         |         5 |      9.29s |        15% |
| Setup linear system             |         5 |     0.716s |       1.2% |
| Solve                           |         5 |      47.1s |        76% |
+---------------------------------+-----------+------------+------------+

!TABLEPP
n_levels n_cells  n_dofs  n_colors n_iter reduction       L2_error       
       6    4096   102400        4 9.4370 1.420e-01 2.206e-09    -     - 
       7   16384   409600        4 9.2570 1.367e-01 1.564e-09 1.41  0.50 
       8   65536  1638400        4 8.9869 1.288e-01 9.758e-09 0.16 -2.64 
       9  262144  6553600        4 8.6920 1.201e-01 5.295e-09 1.84  0.88 
      10 1048576 26214400        4 7.7688 9.338e-02 5.263e-09 1.01  0.01 
TABLE!PP
