  Git - deal.II version:                     0a611000a0        
  Git - deal.II branch:                      rt_matrixfree        
  Git - TPSS version:                        6f5fedb        
  Git - TPSS branch:                         RAS        
  Date:                                      2020/11/26        
  Number of MPI processes:                   1        
  Number of threads per MPI proc:            160        
  Vectorization level:                       SSE2        
  Size of global_dof_index (bits):           64        

  n_refinements (initial):                   1        
  n_repetitions (initial):                   2        
  gmres solver reduction:                    1.000e-08    

  //////////////////////////////             //////////////////////////////        
  Poisson run cycle:                         0        

  //////////////////////////////             //////////////////////////////        
  Poisson run cycle:                         1        

  //////////////////////////////             //////////////////////////////        
  Poisson run cycle:                         2        

  //////////////////////////////             //////////////////////////////        
  Poisson run cycle:                         3        

  //////////////////////////////             //////////////////////////////        
  Poisson run cycle:                         4        

  Domain:                                    (0, 1) x (0, 1)        
  Root mesh:                                 2 x 2        
  Number of root cells:                      4        
  Number of active cells:                    4096        
  Finite element:                            FE_DGQHermite<2>(6)        
  Number of run cycles:                      15        
  Lower dof limit:                           100000        
  Upper dof limit:                           100000000        
  Using TBB:                                 true     

  Geometry:                                  Cube        
  Number of refinements:                     1        
  Number of repetitions:                     2        
  Subdivisions per direction:                []        
  Distortion factor:                         -1.000e+00

  Solver:                                    gmres        
  Absolute tolerance:                        1.000e-14    
  Relative tolerance:                        1.000e-08    
  Number of maximal iterations:              100        
  Preconditioner:                            GMG        
  Use as right preconditioner?               false    

  Multigrid:                                 V-cycle        
  /// Pre-smoother                                   
  Number of smoothing steps:                 2        
  Doubling of smoothing steps:               false    
  Smoother:                                  Schwarz Smoother        
  Schwarz operator                           Additive Vertex Patch        
  Damping factor                             1        
  Patch-local damping factor                 1        
  User-defined coloring                      true     
  Symmetrized Schwarz operator               false    
  Reversed Schwarz operator                  false    
  RAS - weights                              false    
  RAS - boolean weights                      true     
  Number of quad points (surrogate)          5        
  Normalize surrogate patches                false    
  Compute arc length (surrogate)             true     
  Caching strategy                           cached        
  /// Post-smoother                                  
  Number of smoothing steps:                 2        
  Doubling of smoothing steps:               false    
  Smoother:                                  Schwarz Smoother        
  Schwarz operator                           Additive Vertex Patch        
  Damping factor                             1        
  Patch-local damping factor                 1        
  User-defined coloring                      true     
  Symmetrized Schwarz operator               false    
  Reversed Schwarz operator                  false    
  RAS - weights                              false    
  RAS - boolean weights                      true     
  Number of quad points (surrogate)          5        
  Normalize surrogate patches                false    
  Compute arc length (surrogate)             true     
  Caching strategy                           cached        
  /// Coarse grid solver                             
  Coarse grid solver:                        Accurate Iterative Solver        
  Iterative solver:                          gmres        
  Accuracy:                                  1.000e-12    

  Average reduction (solver):                0.0013523        
  Number of iterations (solver):             2.7885        
  ||u - uh||_L2 =                            2.429e-09          
  [SchwarzPrecond] Update residuals:         0.000e+00
  [SchwarzPrecond] Apply inverses:           0.375644        
  [SchwarzPrecond] Compute inverses:         0.555398        
  [SchwarzPrecond] Copy Locally Owned:       0.000e+00
  [SchwarzPrecond] Step:                     0.383929        
  Vertex patch gathering                     0.0133791        
  Vertex patch coloring (user_avoidrace)     0.0473982        
  Submit vertex patches                      0.00194144        
  //////////////////////////////             //////////////////////////////        
  Poisson run cycle:                         5        

  Domain:                                    (0, 1) x (0, 1)        
  Root mesh:                                 2 x 2        
  Number of root cells:                      4        
  Number of active cells:                    16384        
  Finite element:                            FE_DGQHermite<2>(6)        
  Number of run cycles:                      15        
  Lower dof limit:                           100000        
  Upper dof limit:                           100000000        
  Using TBB:                                 true     

  Geometry:                                  Cube        
  Number of refinements:                     1        
  Number of repetitions:                     2        
  Subdivisions per direction:                []        
  Distortion factor:                         -1.000e+00

  Solver:                                    gmres        
  Absolute tolerance:                        1.000e-14    
  Relative tolerance:                        1.000e-08    
  Number of maximal iterations:              100        
  Preconditioner:                            GMG        
  Use as right preconditioner?               false    

  Multigrid:                                 V-cycle        
  /// Pre-smoother                                   
  Number of smoothing steps:                 2        
  Doubling of smoothing steps:               false    
  Smoother:                                  Schwarz Smoother        
  Schwarz operator                           Additive Vertex Patch        
  Damping factor                             1        
  Patch-local damping factor                 1        
  User-defined coloring                      true     
  Symmetrized Schwarz operator               false    
  Reversed Schwarz operator                  false    
  RAS - weights                              false    
  RAS - boolean weights                      true     
  Number of quad points (surrogate)          5        
  Normalize surrogate patches                false    
  Compute arc length (surrogate)             true     
  Caching strategy                           cached        
  /// Post-smoother                                  
  Number of smoothing steps:                 2        
  Doubling of smoothing steps:               false    
  Smoother:                                  Schwarz Smoother        
  Schwarz operator                           Additive Vertex Patch        
  Damping factor                             1        
  Patch-local damping factor                 1        
  User-defined coloring                      true     
  Symmetrized Schwarz operator               false    
  Reversed Schwarz operator                  false    
  RAS - weights                              false    
  RAS - boolean weights                      true     
  Number of quad points (surrogate)          5        
  Normalize surrogate patches                false    
  Compute arc length (surrogate)             true     
  Caching strategy                           cached        
  /// Coarse grid solver                             
  Coarse grid solver:                        Accurate Iterative Solver        
  Iterative solver:                          gmres        
  Accuracy:                                  1.000e-12    

  Average reduction (solver):                0.00133969        
  Number of iterations (solver):             2.78455        
  ||u - uh||_L2 =                            2.354e-09          
  [SchwarzPrecond] Update residuals:         0.000e+00
  [SchwarzPrecond] Apply inverses:           1.00001        
  [SchwarzPrecond] Compute inverses:         1.98348        
  [SchwarzPrecond] Copy Locally Owned:       0.000e+00
  [SchwarzPrecond] Step:                     1.00928        
  Vertex patch gathering                     0.0686345        
  Vertex patch coloring (user_avoidrace)     0.211682        
  Submit vertex patches                      0.0101361        
  //////////////////////////////             //////////////////////////////        
  Poisson run cycle:                         6        

  Domain:                                    (0, 1) x (0, 1)        
  Root mesh:                                 2 x 2        
  Number of root cells:                      4        
  Number of active cells:                    65536        
  Finite element:                            FE_DGQHermite<2>(6)        
  Number of run cycles:                      15        
  Lower dof limit:                           100000        
  Upper dof limit:                           100000000        
  Using TBB:                                 true     

  Geometry:                                  Cube        
  Number of refinements:                     1        
  Number of repetitions:                     2        
  Subdivisions per direction:                []        
  Distortion factor:                         -1.000e+00

  Solver:                                    gmres        
  Absolute tolerance:                        1.000e-14    
  Relative tolerance:                        1.000e-08    
  Number of maximal iterations:              100        
  Preconditioner:                            GMG        
  Use as right preconditioner?               false    

  Multigrid:                                 V-cycle        
  /// Pre-smoother                                   
  Number of smoothing steps:                 2        
  Doubling of smoothing steps:               false    
  Smoother:                                  Schwarz Smoother        
  Schwarz operator                           Additive Vertex Patch        
  Damping factor                             1        
  Patch-local damping factor                 1        
  User-defined coloring                      true     
  Symmetrized Schwarz operator               false    
  Reversed Schwarz operator                  false    
  RAS - weights                              false    
  RAS - boolean weights                      true     
  Number of quad points (surrogate)          5        
  Normalize surrogate patches                false    
  Compute arc length (surrogate)             true     
  Caching strategy                           cached        
  /// Post-smoother                                  
  Number of smoothing steps:                 2        
  Doubling of smoothing steps:               false    
  Smoother:                                  Schwarz Smoother        
  Schwarz operator                           Additive Vertex Patch        
  Damping factor                             1        
  Patch-local damping factor                 1        
  User-defined coloring                      true     
  Symmetrized Schwarz operator               false    
  Reversed Schwarz operator                  false    
  RAS - weights                              false    
  RAS - boolean weights                      true     
  Number of quad points (surrogate)          5        
  Normalize surrogate patches                false    
  Compute arc length (surrogate)             true     
  Caching strategy                           cached        
  /// Coarse grid solver                             
  Coarse grid solver:                        Accurate Iterative Solver        
  Iterative solver:                          gmres        
  Accuracy:                                  1.000e-12    

  Average reduction (solver):                0.00134176        
  Number of iterations (solver):             2.7852        
  ||u - uh||_L2 =                            2.366e-09          
  [SchwarzPrecond] Update residuals:         0.000e+00
  [SchwarzPrecond] Apply inverses:           11.5274        
  [SchwarzPrecond] Compute inverses:         8.41746        
  [SchwarzPrecond] Copy Locally Owned:       0.000e+00
  [SchwarzPrecond] Step:                     11.5328        
  Vertex patch gathering                     0.319234        
  Vertex patch coloring (user_avoidrace)     0.929111        
  Submit vertex patches                      0.0457775        
  //////////////////////////////             //////////////////////////////        
  Poisson run cycle:                         7        

  Domain:                                    (0, 1) x (0, 1)        
  Root mesh:                                 2 x 2        
  Number of root cells:                      4        
  Number of active cells:                    262144        
  Finite element:                            FE_DGQHermite<2>(6)        
  Number of run cycles:                      15        
  Lower dof limit:                           100000        
  Upper dof limit:                           100000000        
  Using TBB:                                 true     

  Geometry:                                  Cube        
  Number of refinements:                     1        
  Number of repetitions:                     2        
  Subdivisions per direction:                []        
  Distortion factor:                         -1.000e+00

  Solver:                                    gmres        
  Absolute tolerance:                        1.000e-14    
  Relative tolerance:                        1.000e-08    
  Number of maximal iterations:              100        
  Preconditioner:                            GMG        
  Use as right preconditioner?               false    

  Multigrid:                                 V-cycle        
  /// Pre-smoother                                   
  Number of smoothing steps:                 2        
  Doubling of smoothing steps:               false    
  Smoother:                                  Schwarz Smoother        
  Schwarz operator                           Additive Vertex Patch        
  Damping factor                             1        
  Patch-local damping factor                 1        
  User-defined coloring                      true     
  Symmetrized Schwarz operator               false    
  Reversed Schwarz operator                  false    
  RAS - weights                              false    
  RAS - boolean weights                      true     
  Number of quad points (surrogate)          5        
  Normalize surrogate patches                false    
  Compute arc length (surrogate)             true     
  Caching strategy                           cached        
  /// Post-smoother                                  
  Number of smoothing steps:                 2        
  Doubling of smoothing steps:               false    
  Smoother:                                  Schwarz Smoother        
  Schwarz operator                           Additive Vertex Patch        
  Damping factor                             1        
  Patch-local damping factor                 1        
  User-defined coloring                      true     
  Symmetrized Schwarz operator               false    
  Reversed Schwarz operator                  false    
  RAS - weights                              false    
  RAS - boolean weights                      true     
  Number of quad points (surrogate)          5        
  Normalize surrogate patches                false    
  Compute arc length (surrogate)             true     
  Caching strategy                           cached        
  /// Coarse grid solver                             
  Coarse grid solver:                        Accurate Iterative Solver        
  Iterative solver:                          gmres        
  Accuracy:                                  1.000e-12    

  Average reduction (solver):                0.00134624        
  Number of iterations (solver):             2.7866        
  ||u - uh||_L2 =                            2.395e-09          
  [SchwarzPrecond] Update residuals:         0.000e+00
  [SchwarzPrecond] Apply inverses:           10.5457        
  [SchwarzPrecond] Compute inverses:         27.7516        
  [SchwarzPrecond] Copy Locally Owned:       0.000e+00
  [SchwarzPrecond] Step:                     10.5508        
  Vertex patch gathering                     1.57837        
  Vertex patch coloring (user_avoidrace)     4.08184        
  Submit vertex patches                      0.383021        
  //////////////////////////////             //////////////////////////////        
  Poisson run cycle:                         8        

  Domain:                                    (0, 1) x (0, 1)        
  Root mesh:                                 2 x 2        
  Number of root cells:                      4        
  Number of active cells:                    1048576        
  Finite element:                            FE_DGQHermite<2>(6)        
  Number of run cycles:                      15        
  Lower dof limit:                           100000        
  Upper dof limit:                           100000000        
  Using TBB:                                 true     

  Geometry:                                  Cube        
  Number of refinements:                     1        
  Number of repetitions:                     2        
  Subdivisions per direction:                []        
  Distortion factor:                         -1.000e+00

  Solver:                                    gmres        
  Absolute tolerance:                        1.000e-14    
  Relative tolerance:                        1.000e-08    
  Number of maximal iterations:              100        
  Preconditioner:                            GMG        
  Use as right preconditioner?               false    

  Multigrid:                                 V-cycle        
  /// Pre-smoother                                   
  Number of smoothing steps:                 2        
  Doubling of smoothing steps:               false    
  Smoother:                                  Schwarz Smoother        
  Schwarz operator                           Additive Vertex Patch        
  Damping factor                             1        
  Patch-local damping factor                 1        
  User-defined coloring                      true     
  Symmetrized Schwarz operator               false    
  Reversed Schwarz operator                  false    
  RAS - weights                              false    
  RAS - boolean weights                      true     
  Number of quad points (surrogate)          5        
  Normalize surrogate patches                false    
  Compute arc length (surrogate)             true     
  Caching strategy                           cached        
  /// Post-smoother                                  
  Number of smoothing steps:                 2        
  Doubling of smoothing steps:               false    
  Smoother:                                  Schwarz Smoother        
  Schwarz operator                           Additive Vertex Patch        
  Damping factor                             1        
  Patch-local damping factor                 1        
  User-defined coloring                      true     
  Symmetrized Schwarz operator               false    
  Reversed Schwarz operator                  false    
  RAS - weights                              false    
  RAS - boolean weights                      true     
  Number of quad points (surrogate)          5        
  Normalize surrogate patches                false    
  Compute arc length (surrogate)             true     
  Caching strategy                           cached        
  /// Coarse grid solver                             
  Coarse grid solver:                        Accurate Iterative Solver        
  Iterative solver:                          gmres        
  Accuracy:                                  1.000e-12    

  Average reduction (solver):                0.00134969        
  Number of iterations (solver):             2.78768        
  ||u - uh||_L2 =                            2.447e-09          
  [SchwarzPrecond] Update residuals:         0.000e+00
  [SchwarzPrecond] Apply inverses:           52.7818        
  [SchwarzPrecond] Compute inverses:         123.859        
  [SchwarzPrecond] Copy Locally Owned:       0.000e+00
  [SchwarzPrecond] Step:                     52.7878        
  Vertex patch gathering                     7.19931        
  Vertex patch coloring (user_avoidrace)     17.9732        
  Submit vertex patches                      1.79708        
  //////////////////////////////             //////////////////////////////        
  Poisson run cycle:                         9        

  //////////////////////////////             //////////////////////////////        
  Poisson run cycle:                         10        

  //////////////////////////////             //////////////////////////////        
  Poisson run cycle:                         11        

  //////////////////////////////             //////////////////////////////        
  Poisson run cycle:                         12        

  //////////////////////////////             //////////////////////////////        
  Poisson run cycle:                         13        

  //////////////////////////////             //////////////////////////////        
  Poisson run cycle:                         14        



+---------------------------------------------+------------+------------+
| Total wallclock time elapsed since start    |  1.07e+03s |            |
|                                             |            |            |
| Section                         | no. calls |  wall time | % of total |
+---------------------------------+-----------+------------+------------+
| Compute discretization errors   |         5 |      40.2s |       3.8% |
| Create triangulation            |        15 |      16.5s |       1.5% |
| Distribute dofs                 |         5 |      11.6s |       1.1% |
| Setup MG preconditioner         |         5 |       813s |        76% |
| Setup linear system             |         5 |      19.8s |       1.9% |
| Solve                           |         5 |       168s |        16% |
+---------------------------------+-----------+------------+------------+

!TABLEPP
n_levels n_cells  n_dofs  n_colors n_iter reduction       L2_error       
       6    4096   200704        4 2.7885 1.352e-03 2.429e-09    -     - 
       7   16384   802816        4 2.7845 1.340e-03 2.354e-09 1.03  0.04 
       8   65536  3211264        4 2.7852 1.342e-03 2.366e-09 1.00 -0.01 
       9  262144 12845056        4 2.7866 1.346e-03 2.395e-09 0.99 -0.02 
      10 1048576 51380224        4 2.7877 1.350e-03 2.447e-09 0.98 -0.03 
TABLE!PP
