Number of active cells: 4
Total number of cells: 5
   Number of degrees of freedom: 25
Matrix:
                                 
            5.120e+02            
                       7.680e+02 
Reference matrix:
                                 
            5.120e+02            
                       7.680e+02 
Matrix:
 2.472e+02                       
            1.536e+03            
                       3.977e+03 
Reference matrix:
 2.472e+02                       
            1.536e+03            
                       3.977e+03 
Matrix:
 2.428e+00                       
            1.067e+01            
                       1.757e+01 
Reference matrix:
 2.428e+00                       
            1.067e+01            
                       1.757e+01 
Matrix:
 2.428e+00                       
            1.067e+01            
                       1.757e+01 
Reference matrix:
 2.428e+00                       
            1.067e+01            
                       1.757e+01 
Matrix:
 1.184e-01                       
            2.667e-01            
                       2.816e-01 
Reference matrix:
 1.184e-01                       
            2.667e-01            
                       2.816e-01 
Matrix:
 5.896e+00                       
            1.138e+02            
                       3.088e+02 
Reference matrix:
 5.896e+00                       
            1.138e+02            
                       3.088e+02 

Constructing 1D reference problem
Distributed 5 dofs subject to FE_Q<1>(2)
Global DoFs on patch in lexicographic order: [2, 1, 4]
Eigenvalues(mass):
1.184e-01 2.667e-01 2.816e-01 
Matrix:
 2.667e-01  3.333e-02            
 3.333e-02  1.333e-01  3.333e-02 
            3.333e-02  2.667e-01 
Reference matrix:
 2.667e-01  3.333e-02            
 3.333e-02  1.333e-01  3.333e-02 
            3.333e-02  2.667e-01 
Matrix:
 1.149e+01                       
            1.350e+01            
                       4.701e+01 
Reference matrix:
 1.149e+01                       
            1.350e+01            
                       4.701e+01 
Matrix:
 9.944e+00                       
            4.000e+01            
                       1.287e+02 
Reference matrix:
 9.944e+00                       
            4.000e+01            
                       1.287e+02 
Matrix:
 1.068e+03                       
            5.760e+03            
                       2.760e+04 
Reference matrix:
 1.068e+03                       
            5.760e+03            
                       2.760e+04 
