  //////////////////////////////             //////////////////////////////        
  Linear elasticity run cycle:               0        

  Domain:                                    (0, 1) x (0, 1)        
  Root mesh:                                 2 x 2        
  Number of root cells:                      4        
  Number of active cells:                    16        
  Finite element:                            FE_DGQ<2>(7)        
  Equation Data:                                     
  Lame coefficient (mu):                     1        
  Lame coefficient (lambda):                 1.000e+03   
  IP pre-factor:                             10        

  Compressed mode:                           false    
  Number of run cycles:                      10        

  Geometry:                                  Cube        
  Number of refinements:                     1        
  Number of repetitions:                     2        
  Subdivisions per direction:                []        
  Distortion factor:                         -1.000e+00

  Solver:                                    cg        
  Absolute tolerance:                        1.000e-14    
  Relative tolerance:                        1.000e-08    
  Number of maximal iterations:              200        
  Preconditioner:                            GMG        

  Multigrid:                                 V-cycle        
  /// Pre-smoother                                   
  Number of smoothing steps:                 2        
  Smoother:                                  Schwarz Smoother        
  Schwarz operator                           Additive Vertex Patch        
  Number of smoothing steps                  1        
  Damping factor                             0.25        
  Patch-local damping factor                 1        
  Manual coloring                            true     
  Symmetrized Schwarz operator               false    
  Reversed Schwarz operator                  false    
  Number of quad points (surrogate)          5        
  Normalize surrogate patches                false    
  Compute arc length (surrogate)             true     
  /// Post-smoother                                  
  Number of smoothing steps:                 2        
  Smoother:                                  Schwarz Smoother        
  Schwarz operator                           Additive Vertex Patch        
  Number of smoothing steps                  1        
  Damping factor                             0.25        
  Patch-local damping factor                 1        
  Manual coloring                            true     
  Symmetrized Schwarz operator               false    
  Reversed Schwarz operator                  true     
  Number of quad points (surrogate)          5        
  Normalize surrogate patches                false    
  Compute arc length (surrogate)             true     
  /// Coarse grid solver                             
  Coarse grid solver:                        Full Inverse (SVD)        

  Average reduction (solver):                0.890939        
  Number of iterations (solver):             159.515        
 ||u - uh||_L2 = 2.16541e-07

  //////////////////////////////             //////////////////////////////        
  Linear elasticity run cycle:               1        

  Domain:                                    (0, 1) x (0, 1)        
  Root mesh:                                 2 x 2        
  Number of root cells:                      4        
  Number of active cells:                    64        
  Finite element:                            FE_DGQ<2>(7)        
  Equation Data:                                     
  Lame coefficient (mu):                     1        
  Lame coefficient (lambda):                 1.000e+03   
  IP pre-factor:                             10        

  Compressed mode:                           false    
  Number of run cycles:                      10        

  Geometry:                                  Cube        
  Number of refinements:                     1        
  Number of repetitions:                     2        
  Subdivisions per direction:                []        
  Distortion factor:                         -1.000e+00

  Solver:                                    cg        
  Absolute tolerance:                        1.000e-14    
  Relative tolerance:                        1.000e-08    
  Number of maximal iterations:              200        
  Preconditioner:                            GMG        

  Multigrid:                                 V-cycle        
  /// Pre-smoother                                   
  Number of smoothing steps:                 2        
  Smoother:                                  Schwarz Smoother        
  Schwarz operator                           Additive Vertex Patch        
  Number of smoothing steps                  1        
  Damping factor                             0.25        
  Patch-local damping factor                 1        
  Manual coloring                            true     
  Symmetrized Schwarz operator               false    
  Reversed Schwarz operator                  false    
  Number of quad points (surrogate)          5        
  Normalize surrogate patches                false    
  Compute arc length (surrogate)             true     
  /// Post-smoother                                  
  Number of smoothing steps:                 2        
  Smoother:                                  Schwarz Smoother        
  Schwarz operator                           Additive Vertex Patch        
  Number of smoothing steps                  1        
  Damping factor                             0.25        
  Patch-local damping factor                 1        
  Manual coloring                            true     
  Symmetrized Schwarz operator               false    
  Reversed Schwarz operator                  true     
  Number of quad points (surrogate)          5        
  Normalize surrogate patches                false    
  Compute arc length (surrogate)             true     
  /// Coarse grid solver                             
  Coarse grid solver:                        Full Inverse (SVD)        

  Average reduction (solver):                0.893698        
  Number of iterations (solver):             163.903        
 ||u - uh||_L2 = 2.31444e-09

  //////////////////////////////             //////////////////////////////        
  Linear elasticity run cycle:               2        

  Domain:                                    (0, 1) x (0, 1)        
  Root mesh:                                 2 x 2        
  Number of root cells:                      4        
  Number of active cells:                    256        
  Finite element:                            FE_DGQ<2>(7)        
  Equation Data:                                     
  Lame coefficient (mu):                     1        
  Lame coefficient (lambda):                 1.000e+03   
  IP pre-factor:                             10        

  Compressed mode:                           false    
  Number of run cycles:                      10        

  Geometry:                                  Cube        
  Number of refinements:                     1        
  Number of repetitions:                     2        
  Subdivisions per direction:                []        
  Distortion factor:                         -1.000e+00

  Solver:                                    cg        
  Absolute tolerance:                        1.000e-14    
  Relative tolerance:                        1.000e-08    
  Number of maximal iterations:              200        
  Preconditioner:                            GMG        

  Multigrid:                                 V-cycle        
  /// Pre-smoother                                   
  Number of smoothing steps:                 2        
  Smoother:                                  Schwarz Smoother        
  Schwarz operator                           Additive Vertex Patch        
  Number of smoothing steps                  1        
  Damping factor                             0.25        
  Patch-local damping factor                 1        
  Manual coloring                            true     
  Symmetrized Schwarz operator               false    
  Reversed Schwarz operator                  false    
  Number of quad points (surrogate)          5        
  Normalize surrogate patches                false    
  Compute arc length (surrogate)             true     
  /// Post-smoother                                  
  Number of smoothing steps:                 2        
  Smoother:                                  Schwarz Smoother        
  Schwarz operator                           Additive Vertex Patch        
  Number of smoothing steps                  1        
  Damping factor                             0.25        
  Patch-local damping factor                 1        
  Manual coloring                            true     
  Symmetrized Schwarz operator               false    
  Reversed Schwarz operator                  true     
  Number of quad points (surrogate)          5        
  Normalize surrogate patches                false    
  Compute arc length (surrogate)             true     
  /// Coarse grid solver                             
  Coarse grid solver:                        Full Inverse (SVD)        

  Average reduction (solver):                0.895612        
  Number of iterations (solver):             167.084        
 ||u - uh||_L2 = 3.04979e-11

  //////////////////////////////             //////////////////////////////        
  Linear elasticity run cycle:               3        

  Domain:                                    (0, 1) x (0, 1)        
  Root mesh:                                 2 x 2        
  Number of root cells:                      4        
  Number of active cells:                    1024        
  Finite element:                            FE_DGQ<2>(7)        
  Equation Data:                                     
  Lame coefficient (mu):                     1        
  Lame coefficient (lambda):                 1.000e+03   
  IP pre-factor:                             10        

  Compressed mode:                           false    
  Number of run cycles:                      10        

  Geometry:                                  Cube        
  Number of refinements:                     1        
  Number of repetitions:                     2        
  Subdivisions per direction:                []        
  Distortion factor:                         -1.000e+00

  Solver:                                    cg        
  Absolute tolerance:                        1.000e-14    
  Relative tolerance:                        1.000e-08    
  Number of maximal iterations:              200        
  Preconditioner:                            GMG        

  Multigrid:                                 V-cycle        
  /// Pre-smoother                                   
  Number of smoothing steps:                 2        
  Smoother:                                  Schwarz Smoother        
  Schwarz operator                           Additive Vertex Patch        
  Number of smoothing steps                  1        
  Damping factor                             0.25        
  Patch-local damping factor                 1        
  Manual coloring                            true     
  Symmetrized Schwarz operator               false    
  Reversed Schwarz operator                  false    
  Number of quad points (surrogate)          5        
  Normalize surrogate patches                false    
  Compute arc length (surrogate)             true     
  /// Post-smoother                                  
  Number of smoothing steps:                 2        
  Smoother:                                  Schwarz Smoother        
  Schwarz operator                           Additive Vertex Patch        
  Number of smoothing steps                  1        
  Damping factor                             0.25        
  Patch-local damping factor                 1        
  Manual coloring                            true     
  Symmetrized Schwarz operator               false    
  Reversed Schwarz operator                  true     
  Number of quad points (surrogate)          5        
  Normalize surrogate patches                false    
  Compute arc length (surrogate)             true     
  /// Coarse grid solver                             
  Coarse grid solver:                        Full Inverse (SVD)        

  Average reduction (solver):                0.893133        
  Number of iterations (solver):             162.986        
 ||u - uh||_L2 = 1.05579e-11

  //////////////////////////////             //////////////////////////////        
  Linear elasticity run cycle:               4        

  Domain:                                    (0, 1) x (0, 1)        
  Root mesh:                                 2 x 2        
  Number of root cells:                      4        
  Number of active cells:                    4096        
  Finite element:                            FE_DGQ<2>(7)        
  Equation Data:                                     
  Lame coefficient (mu):                     1        
  Lame coefficient (lambda):                 1.000e+03   
  IP pre-factor:                             10        

  Compressed mode:                           false    
  Number of run cycles:                      10        

  Geometry:                                  Cube        
  Number of refinements:                     1        
  Number of repetitions:                     2        
  Subdivisions per direction:                []        
  Distortion factor:                         -1.000e+00

  Solver:                                    cg        
  Absolute tolerance:                        1.000e-14    
  Relative tolerance:                        1.000e-08    
  Number of maximal iterations:              200        
  Preconditioner:                            GMG        

  Multigrid:                                 V-cycle        
  /// Pre-smoother                                   
  Number of smoothing steps:                 2        
  Smoother:                                  Schwarz Smoother        
  Schwarz operator                           Additive Vertex Patch        
  Number of smoothing steps                  1        
  Damping factor                             0.25        
  Patch-local damping factor                 1        
  Manual coloring                            true     
  Symmetrized Schwarz operator               false    
  Reversed Schwarz operator                  false    
  Number of quad points (surrogate)          5        
  Normalize surrogate patches                false    
  Compute arc length (surrogate)             true     
  /// Post-smoother                                  
  Number of smoothing steps:                 2        
  Smoother:                                  Schwarz Smoother        
  Schwarz operator                           Additive Vertex Patch        
  Number of smoothing steps                  1        
  Damping factor                             0.25        
  Patch-local damping factor                 1        
  Manual coloring                            true     
  Symmetrized Schwarz operator               false    
  Reversed Schwarz operator                  true     
  Number of quad points (surrogate)          5        
  Normalize surrogate patches                false    
  Compute arc length (surrogate)             true     
  /// Coarse grid solver                             
  Coarse grid solver:                        Full Inverse (SVD)        

  Average reduction (solver):                0.892463        
  Number of iterations (solver):             161.911        
 ||u - uh||_L2 = 4.58928e-12

  //////////////////////////////             //////////////////////////////        
  Linear elasticity run cycle:               5        

  Out of DoF limits!                         Try next...        
  //////////////////////////////             //////////////////////////////        
  Linear elasticity run cycle:               6        

  Out of DoF limits!                         Try next...        
  //////////////////////////////             //////////////////////////////        
  Linear elasticity run cycle:               7        

  Out of DoF limits!                         Try next...        
  //////////////////////////////             //////////////////////////////        
  Linear elasticity run cycle:               8        

  Out of DoF limits!                         Try next...        
  //////////////////////////////             //////////////////////////////        
  Linear elasticity run cycle:               9        

  Out of DoF limits!                         Try next...        
#DoFs        L2 error       
  2048 2.165e-07     -    - 
  8192 2.314e-09 93.56 6.55 
 32768 3.050e-11 75.89 6.25 
131072 1.056e-11  2.89 1.53 
524288 4.589e-12  2.30 1.20 




+---------------------------------------------+------------+------------+
| Total wallclock time elapsed since start    |       157s |            |
|                                             |            |            |
| Section                         | no. calls |  wall time | % of total |
+---------------------------------+-----------+------------+------------+
| Create triangulation            |        10 |     0.026s |         0% |
| Distribute dofs                 |         5 |    0.0165s |         0% |
| Setup MG preconditioner         |         5 |      5.71s |       3.6% |
| Setup linear system             |         5 |     0.247s |      0.16% |
| Solve                           |         5 |       151s |        96% |
+---------------------------------+-----------+------------+------------+

