  //////////////////////////////             //////////////////////////////        
  Linear elasticity run cycle:               0        

  Out of DoF limits!                         Try next...        
  //////////////////////////////             //////////////////////////////        
  Linear elasticity run cycle:               1        

  Domain:                                    (0, 1) x (0, 1)        
  Root mesh:                                 2 x 2        
  Number of root cells:                      4        
  Number of active cells:                    64        
  Finite element:                            FE_DGQ<2>(3)        
  Equation Data:                                     
  Lame coefficient (mu):                     1        
  Lame coefficient (lambda):                 50        
  IP pre-factor:                             1.000e+03   

  Compressed mode:                           false    
  Number of run cycles:                      10        

  Geometry:                                  Cube        
  Number of refinements:                     1        
  Number of repetitions:                     2        
  Subdivisions per direction:                []        
  Distortion factor:                         -1.000e+00

  Solver:                                    cg        
  Absolute tolerance:                        1.000e-14    
  Relative tolerance:                        1.000e-08    
  Number of maximal iterations:              100        
  Preconditioner:                            GMG        

  Multigrid:                                 V-cycle        
  /// Pre-smoother                                   
  Number of smoothing steps:                 1        
  Smoother:                                  Schwarz Smoother        
  Schwarz operator                           Additive Vertex Patch        
  Number of smoothing steps                  1        
  Damping factor                             0.25        
  Patch-local damping factor                 1        
  Manual coloring                            true     
  Symmetrized Schwarz operator               false    
  Reversed Schwarz operator                  false    
  Number of quad points (surrogate)          5        
  Normalize surrogate patches                false    
  Compute arc length (surrogate)             true     
  /// Post-smoother                                  
  Number of smoothing steps:                 1        
  Smoother:                                  Schwarz Smoother        
  Schwarz operator                           Additive Vertex Patch        
  Number of smoothing steps                  1        
  Damping factor                             0.25        
  Patch-local damping factor                 1        
  Manual coloring                            true     
  Symmetrized Schwarz operator               false    
  Reversed Schwarz operator                  true     
  Number of quad points (surrogate)          5        
  Normalize surrogate patches                false    
  Compute arc length (surrogate)             true     
  /// Coarse grid solver                             
  Coarse grid solver:                        Accurate Iterative Solver        
  Iterative solver:                          cg        
  Accuracy:                                  1.000e-12    

  Average reduction (solver):                0.462752        
  Number of iterations (solver):             23.9055        
 ||u - uh||_L2 = 4.19412e-05

  //////////////////////////////             //////////////////////////////        
  Linear elasticity run cycle:               2        

  Domain:                                    (0, 1) x (0, 1)        
  Root mesh:                                 2 x 2        
  Number of root cells:                      4        
  Number of active cells:                    256        
  Finite element:                            FE_DGQ<2>(3)        
  Equation Data:                                     
  Lame coefficient (mu):                     1        
  Lame coefficient (lambda):                 50        
  IP pre-factor:                             1.000e+03   

  Compressed mode:                           false    
  Number of run cycles:                      10        

  Geometry:                                  Cube        
  Number of refinements:                     1        
  Number of repetitions:                     2        
  Subdivisions per direction:                []        
  Distortion factor:                         -1.000e+00

  Solver:                                    cg        
  Absolute tolerance:                        1.000e-14    
  Relative tolerance:                        1.000e-08    
  Number of maximal iterations:              100        
  Preconditioner:                            GMG        

  Multigrid:                                 V-cycle        
  /// Pre-smoother                                   
  Number of smoothing steps:                 1        
  Smoother:                                  Schwarz Smoother        
  Schwarz operator                           Additive Vertex Patch        
  Number of smoothing steps                  1        
  Damping factor                             0.25        
  Patch-local damping factor                 1        
  Manual coloring                            true     
  Symmetrized Schwarz operator               false    
  Reversed Schwarz operator                  false    
  Number of quad points (surrogate)          5        
  Normalize surrogate patches                false    
  Compute arc length (surrogate)             true     
  /// Post-smoother                                  
  Number of smoothing steps:                 1        
  Smoother:                                  Schwarz Smoother        
  Schwarz operator                           Additive Vertex Patch        
  Number of smoothing steps                  1        
  Damping factor                             0.25        
  Patch-local damping factor                 1        
  Manual coloring                            true     
  Symmetrized Schwarz operator               false    
  Reversed Schwarz operator                  true     
  Number of quad points (surrogate)          5        
  Normalize surrogate patches                false    
  Compute arc length (surrogate)             true     
  /// Coarse grid solver                             
  Coarse grid solver:                        Accurate Iterative Solver        
  Iterative solver:                          cg        
  Accuracy:                                  1.000e-12    

  Average reduction (solver):                0.48304        
  Number of iterations (solver):             25.3151        
 ||u - uh||_L2 = 1.78571e-06

  //////////////////////////////             //////////////////////////////        
  Linear elasticity run cycle:               3        

  Domain:                                    (0, 1) x (0, 1)        
  Root mesh:                                 2 x 2        
  Number of root cells:                      4        
  Number of active cells:                    1024        
  Finite element:                            FE_DGQ<2>(3)        
  Equation Data:                                     
  Lame coefficient (mu):                     1        
  Lame coefficient (lambda):                 50        
  IP pre-factor:                             1.000e+03   

  Compressed mode:                           false    
  Number of run cycles:                      10        

  Geometry:                                  Cube        
  Number of refinements:                     1        
  Number of repetitions:                     2        
  Subdivisions per direction:                []        
  Distortion factor:                         -1.000e+00

  Solver:                                    cg        
  Absolute tolerance:                        1.000e-14    
  Relative tolerance:                        1.000e-08    
  Number of maximal iterations:              100        
  Preconditioner:                            GMG        

  Multigrid:                                 V-cycle        
  /// Pre-smoother                                   
  Number of smoothing steps:                 1        
  Smoother:                                  Schwarz Smoother        
  Schwarz operator                           Additive Vertex Patch        
  Number of smoothing steps                  1        
  Damping factor                             0.25        
  Patch-local damping factor                 1        
  Manual coloring                            true     
  Symmetrized Schwarz operator               false    
  Reversed Schwarz operator                  false    
  Number of quad points (surrogate)          5        
  Normalize surrogate patches                false    
  Compute arc length (surrogate)             true     
  /// Post-smoother                                  
  Number of smoothing steps:                 1        
  Smoother:                                  Schwarz Smoother        
  Schwarz operator                           Additive Vertex Patch        
  Number of smoothing steps                  1        
  Damping factor                             0.25        
  Patch-local damping factor                 1        
  Manual coloring                            true     
  Symmetrized Schwarz operator               false    
  Reversed Schwarz operator                  true     
  Number of quad points (surrogate)          5        
  Normalize surrogate patches                false    
  Compute arc length (surrogate)             true     
  /// Coarse grid solver                             
  Coarse grid solver:                        Accurate Iterative Solver        
  Iterative solver:                          cg        
  Accuracy:                                  1.000e-12    

  Average reduction (solver):                0.50665        
  Number of iterations (solver):             27.0918        
 ||u - uh||_L2 = 8.25135e-08

  //////////////////////////////             //////////////////////////////        
  Linear elasticity run cycle:               4        

  Domain:                                    (0, 1) x (0, 1)        
  Root mesh:                                 2 x 2        
  Number of root cells:                      4        
  Number of active cells:                    4096        
  Finite element:                            FE_DGQ<2>(3)        
  Equation Data:                                     
  Lame coefficient (mu):                     1        
  Lame coefficient (lambda):                 50        
  IP pre-factor:                             1.000e+03   

  Compressed mode:                           false    
  Number of run cycles:                      10        

  Geometry:                                  Cube        
  Number of refinements:                     1        
  Number of repetitions:                     2        
  Subdivisions per direction:                []        
  Distortion factor:                         -1.000e+00

  Solver:                                    cg        
  Absolute tolerance:                        1.000e-14    
  Relative tolerance:                        1.000e-08    
  Number of maximal iterations:              100        
  Preconditioner:                            GMG        

  Multigrid:                                 V-cycle        
  /// Pre-smoother                                   
  Number of smoothing steps:                 1        
  Smoother:                                  Schwarz Smoother        
  Schwarz operator                           Additive Vertex Patch        
  Number of smoothing steps                  1        
  Damping factor                             0.25        
  Patch-local damping factor                 1        
  Manual coloring                            true     
  Symmetrized Schwarz operator               false    
  Reversed Schwarz operator                  false    
  Number of quad points (surrogate)          5        
  Normalize surrogate patches                false    
  Compute arc length (surrogate)             true     
  /// Post-smoother                                  
  Number of smoothing steps:                 1        
  Smoother:                                  Schwarz Smoother        
  Schwarz operator                           Additive Vertex Patch        
  Number of smoothing steps                  1        
  Damping factor                             0.25        
  Patch-local damping factor                 1        
  Manual coloring                            true     
  Symmetrized Schwarz operator               false    
  Reversed Schwarz operator                  true     
  Number of quad points (surrogate)          5        
  Normalize surrogate patches                false    
  Compute arc length (surrogate)             true     
  /// Coarse grid solver                             
  Coarse grid solver:                        Accurate Iterative Solver        
  Iterative solver:                          cg        
  Accuracy:                                  1.000e-12    

  Average reduction (solver):                0.503635        
  Number of iterations (solver):             26.8561        
 ||u - uh||_L2 = 4.45703e-09

  //////////////////////////////             //////////////////////////////        
  Linear elasticity run cycle:               5        

  Domain:                                    (0, 1) x (0, 1)        
  Root mesh:                                 2 x 2        
  Number of root cells:                      4        
  Number of active cells:                    16384        
  Finite element:                            FE_DGQ<2>(3)        
  Equation Data:                                     
  Lame coefficient (mu):                     1        
  Lame coefficient (lambda):                 50        
  IP pre-factor:                             1.000e+03   

  Compressed mode:                           false    
  Number of run cycles:                      10        

  Geometry:                                  Cube        
  Number of refinements:                     1        
  Number of repetitions:                     2        
  Subdivisions per direction:                []        
  Distortion factor:                         -1.000e+00

  Solver:                                    cg        
  Absolute tolerance:                        1.000e-14    
  Relative tolerance:                        1.000e-08    
  Number of maximal iterations:              100        
  Preconditioner:                            GMG        

  Multigrid:                                 V-cycle        
  /// Pre-smoother                                   
  Number of smoothing steps:                 1        
  Smoother:                                  Schwarz Smoother        
  Schwarz operator                           Additive Vertex Patch        
  Number of smoothing steps                  1        
  Damping factor                             0.25        
  Patch-local damping factor                 1        
  Manual coloring                            true     
  Symmetrized Schwarz operator               false    
  Reversed Schwarz operator                  false    
  Number of quad points (surrogate)          5        
  Normalize surrogate patches                false    
  Compute arc length (surrogate)             true     
  /// Post-smoother                                  
  Number of smoothing steps:                 1        
  Smoother:                                  Schwarz Smoother        
  Schwarz operator                           Additive Vertex Patch        
  Number of smoothing steps                  1        
  Damping factor                             0.25        
  Patch-local damping factor                 1        
  Manual coloring                            true     
  Symmetrized Schwarz operator               false    
  Reversed Schwarz operator                  true     
  Number of quad points (surrogate)          5        
  Normalize surrogate patches                false    
  Compute arc length (surrogate)             true     
  /// Coarse grid solver                             
  Coarse grid solver:                        Accurate Iterative Solver        
  Iterative solver:                          cg        
  Accuracy:                                  1.000e-12    

  Average reduction (solver):                0.510903        
  Number of iterations (solver):             27.429        
 ||u - uh||_L2 = 2.65381e-10

  //////////////////////////////             //////////////////////////////        
  Linear elasticity run cycle:               6        

  Domain:                                    (0, 1) x (0, 1)        
  Root mesh:                                 2 x 2        
  Number of root cells:                      4        
  Number of active cells:                    65536        
  Finite element:                            FE_DGQ<2>(3)        
  Equation Data:                                     
  Lame coefficient (mu):                     1        
  Lame coefficient (lambda):                 50        
  IP pre-factor:                             1.000e+03   

  Compressed mode:                           false    
  Number of run cycles:                      10        

  Geometry:                                  Cube        
  Number of refinements:                     1        
  Number of repetitions:                     2        
  Subdivisions per direction:                []        
  Distortion factor:                         -1.000e+00

  Solver:                                    cg        
  Absolute tolerance:                        1.000e-14    
  Relative tolerance:                        1.000e-08    
  Number of maximal iterations:              100        
  Preconditioner:                            GMG        

  Multigrid:                                 V-cycle        
  /// Pre-smoother                                   
  Number of smoothing steps:                 1        
  Smoother:                                  Schwarz Smoother        
  Schwarz operator                           Additive Vertex Patch        
  Number of smoothing steps                  1        
  Damping factor                             0.25        
  Patch-local damping factor                 1        
  Manual coloring                            true     
  Symmetrized Schwarz operator               false    
  Reversed Schwarz operator                  false    
  Number of quad points (surrogate)          5        
  Normalize surrogate patches                false    
  Compute arc length (surrogate)             true     
  /// Post-smoother                                  
  Number of smoothing steps:                 1        
  Smoother:                                  Schwarz Smoother        
  Schwarz operator                           Additive Vertex Patch        
  Number of smoothing steps                  1        
  Damping factor                             0.25        
  Patch-local damping factor                 1        
  Manual coloring                            true     
  Symmetrized Schwarz operator               false    
  Reversed Schwarz operator                  true     
  Number of quad points (surrogate)          5        
  Normalize surrogate patches                false    
  Compute arc length (surrogate)             true     
  /// Coarse grid solver                             
  Coarse grid solver:                        Accurate Iterative Solver        
  Iterative solver:                          cg        
  Accuracy:                                  1.000e-12    

  Average reduction (solver):                0.515743        
  Number of iterations (solver):             27.8196        
 ||u - uh||_L2 = 1.63651e-11

  //////////////////////////////             //////////////////////////////        
  Linear elasticity run cycle:               7        

  Out of DoF limits!                         Try next...        
  //////////////////////////////             //////////////////////////////        
  Linear elasticity run cycle:               8        

  Out of DoF limits!                         Try next...        
  //////////////////////////////             //////////////////////////////        
  Linear elasticity run cycle:               9        

  Out of DoF limits!                         Try next...        
 #DoFs        L2 error       
   2048 4.194e-05     -    - 
   8192 1.786e-06 23.49 4.55 
  32768 8.251e-08 21.64 4.44 
 131072 4.457e-09 18.51 4.21 
 524288 2.654e-10 16.79 4.07 
2097152 1.637e-11 16.22 4.02 




+---------------------------------------------+------------+------------+
| Total wallclock time elapsed since start    |       165s |            |
|                                             |            |            |
| Section                         | no. calls |  wall time | % of total |
+---------------------------------+-----------+------------+------------+
| Create triangulation            |        10 |     0.265s |      0.16% |
| Distribute dofs                 |         6 |     0.134s |         0% |
| Setup MG preconditioner         |         6 |      9.05s |       5.5% |
| Setup linear system             |         6 |     0.837s |      0.51% |
| Solve                           |         6 |       155s |        94% |
+---------------------------------+-----------+------------+------------+

