  //////////////////////////////             //////////////////////////////        
  Linear elasticity run cycle:               0        

  Out of DoF limits!                         Try next...        
  //////////////////////////////             //////////////////////////////        
  Linear elasticity run cycle:               1        

  Domain:                                    (0, 1) x (0, 1)        
  Root mesh:                                 2 x 2        
  Number of root cells:                      4        
  Number of active cells:                    64        
  Finite element:                            FE_DGQ<2>(3)        
  Equation Data:                                     
  Lame coefficient (mu):                     1        
  Lame coefficient (lambda):                 50        
  IP pre-factor:                             2        

  Compressed mode:                           false    
  Number of run cycles:                      10        

  Geometry:                                  Cube        
  Number of refinements:                     1        
  Number of repetitions:                     2        
  Subdivisions per direction:                []        
  Distortion factor:                         -1.000e+00

  Solver:                                    cg        
  Absolute tolerance:                        1.000e-14    
  Relative tolerance:                        1.000e-08    
  Number of maximal iterations:              100        
  Preconditioner:                            GMG        

  Multigrid:                                 V-cycle        
  /// Pre-smoother                                   
  Number of smoothing steps:                 1        
  Smoother:                                  Schwarz Smoother        
  Schwarz operator                           Additive Vertex Patch        
  Number of smoothing steps                  1        
  Damping factor                             0.25        
  Patch-local damping factor                 1        
  Manual coloring                            true     
  Symmetrized Schwarz operator               false    
  Reversed Schwarz operator                  false    
  Number of quad points (surrogate)          5        
  Normalize surrogate patches                false    
  Compute arc length (surrogate)             true     
  /// Post-smoother                                  
  Number of smoothing steps:                 1        
  Smoother:                                  Schwarz Smoother        
  Schwarz operator                           Additive Vertex Patch        
  Number of smoothing steps                  1        
  Damping factor                             0.25        
  Patch-local damping factor                 1        
  Manual coloring                            true     
  Symmetrized Schwarz operator               false    
  Reversed Schwarz operator                  true     
  Number of quad points (surrogate)          5        
  Normalize surrogate patches                false    
  Compute arc length (surrogate)             true     
  /// Coarse grid solver                             
  Coarse grid solver:                        Accurate Iterative Solver        
  Iterative solver:                          cg        
  Accuracy:                                  1.000e-12    

  Average reduction (solver):                0.429982        
  Number of iterations (solver):             21.8252        
 ||u - uh||_L2 = 3.5336e-05

  //////////////////////////////             //////////////////////////////        
  Linear elasticity run cycle:               2        

  Domain:                                    (0, 1) x (0, 1)        
  Root mesh:                                 2 x 2        
  Number of root cells:                      4        
  Number of active cells:                    256        
  Finite element:                            FE_DGQ<2>(3)        
  Equation Data:                                     
  Lame coefficient (mu):                     1        
  Lame coefficient (lambda):                 50        
  IP pre-factor:                             2        

  Compressed mode:                           false    
  Number of run cycles:                      10        

  Geometry:                                  Cube        
  Number of refinements:                     1        
  Number of repetitions:                     2        
  Subdivisions per direction:                []        
  Distortion factor:                         -1.000e+00

  Solver:                                    cg        
  Absolute tolerance:                        1.000e-14    
  Relative tolerance:                        1.000e-08    
  Number of maximal iterations:              100        
  Preconditioner:                            GMG        

  Multigrid:                                 V-cycle        
  /// Pre-smoother                                   
  Number of smoothing steps:                 1        
  Smoother:                                  Schwarz Smoother        
  Schwarz operator                           Additive Vertex Patch        
  Number of smoothing steps                  1        
  Damping factor                             0.25        
  Patch-local damping factor                 1        
  Manual coloring                            true     
  Symmetrized Schwarz operator               false    
  Reversed Schwarz operator                  false    
  Number of quad points (surrogate)          5        
  Normalize surrogate patches                false    
  Compute arc length (surrogate)             true     
  /// Post-smoother                                  
  Number of smoothing steps:                 1        
  Smoother:                                  Schwarz Smoother        
  Schwarz operator                           Additive Vertex Patch        
  Number of smoothing steps                  1        
  Damping factor                             0.25        
  Patch-local damping factor                 1        
  Manual coloring                            true     
  Symmetrized Schwarz operator               false    
  Reversed Schwarz operator                  true     
  Number of quad points (surrogate)          5        
  Normalize surrogate patches                false    
  Compute arc length (surrogate)             true     
  /// Coarse grid solver                             
  Coarse grid solver:                        Accurate Iterative Solver        
  Iterative solver:                          cg        
  Accuracy:                                  1.000e-12    

  Average reduction (solver):                0.473329        
  Number of iterations (solver):             24.6278        
 ||u - uh||_L2 = 1.68229e-06

  //////////////////////////////             //////////////////////////////        
  Linear elasticity run cycle:               3        

  Domain:                                    (0, 1) x (0, 1)        
  Root mesh:                                 2 x 2        
  Number of root cells:                      4        
  Number of active cells:                    1024        
  Finite element:                            FE_DGQ<2>(3)        
  Equation Data:                                     
  Lame coefficient (mu):                     1        
  Lame coefficient (lambda):                 50        
  IP pre-factor:                             2        

  Compressed mode:                           false    
  Number of run cycles:                      10        

  Geometry:                                  Cube        
  Number of refinements:                     1        
  Number of repetitions:                     2        
  Subdivisions per direction:                []        
  Distortion factor:                         -1.000e+00

  Solver:                                    cg        
  Absolute tolerance:                        1.000e-14    
  Relative tolerance:                        1.000e-08    
  Number of maximal iterations:              100        
  Preconditioner:                            GMG        

  Multigrid:                                 V-cycle        
  /// Pre-smoother                                   
  Number of smoothing steps:                 1        
  Smoother:                                  Schwarz Smoother        
  Schwarz operator                           Additive Vertex Patch        
  Number of smoothing steps                  1        
  Damping factor                             0.25        
  Patch-local damping factor                 1        
  Manual coloring                            true     
  Symmetrized Schwarz operator               false    
  Reversed Schwarz operator                  false    
  Number of quad points (surrogate)          5        
  Normalize surrogate patches                false    
  Compute arc length (surrogate)             true     
  /// Post-smoother                                  
  Number of smoothing steps:                 1        
  Smoother:                                  Schwarz Smoother        
  Schwarz operator                           Additive Vertex Patch        
  Number of smoothing steps                  1        
  Damping factor                             0.25        
  Patch-local damping factor                 1        
  Manual coloring                            true     
  Symmetrized Schwarz operator               false    
  Reversed Schwarz operator                  true     
  Number of quad points (surrogate)          5        
  Normalize surrogate patches                false    
  Compute arc length (surrogate)             true     
  /// Coarse grid solver                             
  Coarse grid solver:                        Accurate Iterative Solver        
  Iterative solver:                          cg        
  Accuracy:                                  1.000e-12    

  Average reduction (solver):                0.487212        
  Number of iterations (solver):             25.6179        
 ||u - uh||_L2 = 8.12406e-08

  //////////////////////////////             //////////////////////////////        
  Linear elasticity run cycle:               4        

  Domain:                                    (0, 1) x (0, 1)        
  Root mesh:                                 2 x 2        
  Number of root cells:                      4        
  Number of active cells:                    4096        
  Finite element:                            FE_DGQ<2>(3)        
  Equation Data:                                     
  Lame coefficient (mu):                     1        
  Lame coefficient (lambda):                 50        
  IP pre-factor:                             2        

  Compressed mode:                           false    
  Number of run cycles:                      10        

  Geometry:                                  Cube        
  Number of refinements:                     1        
  Number of repetitions:                     2        
  Subdivisions per direction:                []        
  Distortion factor:                         -1.000e+00

  Solver:                                    cg        
  Absolute tolerance:                        1.000e-14    
  Relative tolerance:                        1.000e-08    
  Number of maximal iterations:              100        
  Preconditioner:                            GMG        

  Multigrid:                                 V-cycle        
  /// Pre-smoother                                   
  Number of smoothing steps:                 1        
  Smoother:                                  Schwarz Smoother        
  Schwarz operator                           Additive Vertex Patch        
  Number of smoothing steps                  1        
  Damping factor                             0.25        
  Patch-local damping factor                 1        
  Manual coloring                            true     
  Symmetrized Schwarz operator               false    
  Reversed Schwarz operator                  false    
  Number of quad points (surrogate)          5        
  Normalize surrogate patches                false    
  Compute arc length (surrogate)             true     
  /// Post-smoother                                  
  Number of smoothing steps:                 1        
  Smoother:                                  Schwarz Smoother        
  Schwarz operator                           Additive Vertex Patch        
  Number of smoothing steps                  1        
  Damping factor                             0.25        
  Patch-local damping factor                 1        
  Manual coloring                            true     
  Symmetrized Schwarz operator               false    
  Reversed Schwarz operator                  true     
  Number of quad points (surrogate)          5        
  Normalize surrogate patches                false    
  Compute arc length (surrogate)             true     
  /// Coarse grid solver                             
  Coarse grid solver:                        Accurate Iterative Solver        
  Iterative solver:                          cg        
  Accuracy:                                  1.000e-12    

  Average reduction (solver):                0.496124        
  Number of iterations (solver):             26.2804        
 ||u - uh||_L2 = 4.43288e-09

  //////////////////////////////             //////////////////////////////        
  Linear elasticity run cycle:               5        

  Domain:                                    (0, 1) x (0, 1)        
  Root mesh:                                 2 x 2        
  Number of root cells:                      4        
  Number of active cells:                    16384        
  Finite element:                            FE_DGQ<2>(3)        
  Equation Data:                                     
  Lame coefficient (mu):                     1        
  Lame coefficient (lambda):                 50        
  IP pre-factor:                             2        

  Compressed mode:                           false    
  Number of run cycles:                      10        

  Geometry:                                  Cube        
  Number of refinements:                     1        
  Number of repetitions:                     2        
  Subdivisions per direction:                []        
  Distortion factor:                         -1.000e+00

  Solver:                                    cg        
  Absolute tolerance:                        1.000e-14    
  Relative tolerance:                        1.000e-08    
  Number of maximal iterations:              100        
  Preconditioner:                            GMG        

  Multigrid:                                 V-cycle        
  /// Pre-smoother                                   
  Number of smoothing steps:                 1        
  Smoother:                                  Schwarz Smoother        
  Schwarz operator                           Additive Vertex Patch        
  Number of smoothing steps                  1        
  Damping factor                             0.25        
  Patch-local damping factor                 1        
  Manual coloring                            true     
  Symmetrized Schwarz operator               false    
  Reversed Schwarz operator                  false    
  Number of quad points (surrogate)          5        
  Normalize surrogate patches                false    
  Compute arc length (surrogate)             true     
  /// Post-smoother                                  
  Number of smoothing steps:                 1        
  Smoother:                                  Schwarz Smoother        
  Schwarz operator                           Additive Vertex Patch        
  Number of smoothing steps                  1        
  Damping factor                             0.25        
  Patch-local damping factor                 1        
  Manual coloring                            true     
  Symmetrized Schwarz operator               false    
  Reversed Schwarz operator                  true     
  Number of quad points (surrogate)          5        
  Normalize surrogate patches                false    
  Compute arc length (surrogate)             true     
  /// Coarse grid solver                             
  Coarse grid solver:                        Accurate Iterative Solver        
  Iterative solver:                          cg        
  Accuracy:                                  1.000e-12    

  Average reduction (solver):                0.508149        
  Number of iterations (solver):             27.21        
 ||u - uh||_L2 = 2.64666e-10

  //////////////////////////////             //////////////////////////////        
  Linear elasticity run cycle:               6        

  Domain:                                    (0, 1) x (0, 1)        
  Root mesh:                                 2 x 2        
  Number of root cells:                      4        
  Number of active cells:                    65536        
  Finite element:                            FE_DGQ<2>(3)        
  Equation Data:                                     
  Lame coefficient (mu):                     1        
  Lame coefficient (lambda):                 50        
  IP pre-factor:                             2        

  Compressed mode:                           false    
  Number of run cycles:                      10        

  Geometry:                                  Cube        
  Number of refinements:                     1        
  Number of repetitions:                     2        
  Subdivisions per direction:                []        
  Distortion factor:                         -1.000e+00

  Solver:                                    cg        
  Absolute tolerance:                        1.000e-14    
  Relative tolerance:                        1.000e-08    
  Number of maximal iterations:              100        
  Preconditioner:                            GMG        

  Multigrid:                                 V-cycle        
  /// Pre-smoother                                   
  Number of smoothing steps:                 1        
  Smoother:                                  Schwarz Smoother        
  Schwarz operator                           Additive Vertex Patch        
  Number of smoothing steps                  1        
  Damping factor                             0.25        
  Patch-local damping factor                 1        
  Manual coloring                            true     
  Symmetrized Schwarz operator               false    
  Reversed Schwarz operator                  false    
  Number of quad points (surrogate)          5        
  Normalize surrogate patches                false    
  Compute arc length (surrogate)             true     
  /// Post-smoother                                  
  Number of smoothing steps:                 1        
  Smoother:                                  Schwarz Smoother        
  Schwarz operator                           Additive Vertex Patch        
  Number of smoothing steps                  1        
  Damping factor                             0.25        
  Patch-local damping factor                 1        
  Manual coloring                            true     
  Symmetrized Schwarz operator               false    
  Reversed Schwarz operator                  true     
  Number of quad points (surrogate)          5        
  Normalize surrogate patches                false    
  Compute arc length (surrogate)             true     
  /// Coarse grid solver                             
  Coarse grid solver:                        Accurate Iterative Solver        
  Iterative solver:                          cg        
  Accuracy:                                  1.000e-12    

  Average reduction (solver):                0.519864        
  Number of iterations (solver):             28.158        
 ||u - uh||_L2 = 1.63569e-11

  //////////////////////////////             //////////////////////////////        
  Linear elasticity run cycle:               7        

  Out of DoF limits!                         Try next...        
  //////////////////////////////             //////////////////////////////        
  Linear elasticity run cycle:               8        

  Out of DoF limits!                         Try next...        
  //////////////////////////////             //////////////////////////////        
  Linear elasticity run cycle:               9        

  Out of DoF limits!                         Try next...        
 #DoFs        L2 error       
   2048 3.534e-05     -    - 
   8192 1.682e-06 21.00 4.39 
  32768 8.124e-08 20.71 4.37 
 131072 4.433e-09 18.33 4.20 
 524288 2.647e-10 16.75 4.07 
2097152 1.636e-11 16.18 4.02 




+---------------------------------------------+------------+------------+
| Total wallclock time elapsed since start    |       166s |            |
|                                             |            |            |
| Section                         | no. calls |  wall time | % of total |
+---------------------------------+-----------+------------+------------+
| Create triangulation            |        10 |     0.243s |      0.15% |
| Distribute dofs                 |         6 |     0.124s |         0% |
| Setup MG preconditioner         |         6 |      9.36s |       5.6% |
| Setup linear system             |         6 |     0.761s |      0.46% |
| Solve                           |         6 |       156s |        94% |
+---------------------------------+-----------+------------+------------+

