  //////////////////////////////             //////////////////////////////        
  Linear elasticity run cycle:               0        

  Out of DoF limits!                         Try next...        
  //////////////////////////////             //////////////////////////////        
  Linear elasticity run cycle:               1        

  Domain:                                    (0, 1) x (0, 1)        
  Root mesh:                                 2 x 2        
  Number of root cells:                      4        
  Number of active cells:                    64        
  Finite element:                            FE_DGQ<2>(3)        
  Equation Data:                                     
  Lame coefficient (mu):                     1        
  Lame coefficient (lambda):                 50        
  IP pre-factor:                             10        

  Compressed mode:                           false    
  Number of run cycles:                      10        

  Geometry:                                  Cube        
  Number of refinements:                     1        
  Number of repetitions:                     2        
  Subdivisions per direction:                []        
  Distortion factor:                         -1.000e+00

  Solver:                                    cg        
  Absolute tolerance:                        1.000e-14    
  Relative tolerance:                        1.000e-08    
  Number of maximal iterations:              100        
  Preconditioner:                            GMG        

  Multigrid:                                 V-cycle        
  /// Pre-smoother                                   
  Number of smoothing steps:                 1        
  Smoother:                                  Schwarz Smoother        
  Schwarz operator                           Multiplicative Vertex Patch        
  Number of smoothing steps                  1        
  Damping factor                             1        
  Patch-local damping factor                 1        
  Manual coloring                            true     
  Symmetrized Schwarz operator               false    
  Reversed Schwarz operator                  false    
  Number of quad points (surrogate)          5        
  Normalize surrogate patches                false    
  Compute arc length (surrogate)             true     
  /// Post-smoother                                  
  Number of smoothing steps:                 1        
  Smoother:                                  Schwarz Smoother        
  Schwarz operator                           Multiplicative Vertex Patch        
  Number of smoothing steps                  1        
  Damping factor                             1        
  Patch-local damping factor                 1        
  Manual coloring                            true     
  Symmetrized Schwarz operator               false    
  Reversed Schwarz operator                  true     
  Number of quad points (surrogate)          5        
  Normalize surrogate patches                false    
  Compute arc length (surrogate)             true     
  /// Coarse grid solver                             
  Coarse grid solver:                        Accurate Iterative Solver        
  Iterative solver:                          cg        
  Accuracy:                                  1.000e-12    

  Average reduction (solver):                0.0389274        
  Number of iterations (solver):             5.67479        
 ||u - uh||_L2 = 4.0933e-05

  //////////////////////////////             //////////////////////////////        
  Linear elasticity run cycle:               2        

  Domain:                                    (0, 1) x (0, 1)        
  Root mesh:                                 2 x 2        
  Number of root cells:                      4        
  Number of active cells:                    256        
  Finite element:                            FE_DGQ<2>(3)        
  Equation Data:                                     
  Lame coefficient (mu):                     1        
  Lame coefficient (lambda):                 50        
  IP pre-factor:                             10        

  Compressed mode:                           false    
  Number of run cycles:                      10        

  Geometry:                                  Cube        
  Number of refinements:                     1        
  Number of repetitions:                     2        
  Subdivisions per direction:                []        
  Distortion factor:                         -1.000e+00

  Solver:                                    cg        
  Absolute tolerance:                        1.000e-14    
  Relative tolerance:                        1.000e-08    
  Number of maximal iterations:              100        
  Preconditioner:                            GMG        

  Multigrid:                                 V-cycle        
  /// Pre-smoother                                   
  Number of smoothing steps:                 1        
  Smoother:                                  Schwarz Smoother        
  Schwarz operator                           Multiplicative Vertex Patch        
  Number of smoothing steps                  1        
  Damping factor                             1        
  Patch-local damping factor                 1        
  Manual coloring                            true     
  Symmetrized Schwarz operator               false    
  Reversed Schwarz operator                  false    
  Number of quad points (surrogate)          5        
  Normalize surrogate patches                false    
  Compute arc length (surrogate)             true     
  /// Post-smoother                                  
  Number of smoothing steps:                 1        
  Smoother:                                  Schwarz Smoother        
  Schwarz operator                           Multiplicative Vertex Patch        
  Number of smoothing steps                  1        
  Damping factor                             1        
  Patch-local damping factor                 1        
  Manual coloring                            true     
  Symmetrized Schwarz operator               false    
  Reversed Schwarz operator                  true     
  Number of quad points (surrogate)          5        
  Normalize surrogate patches                false    
  Compute arc length (surrogate)             true     
  /// Coarse grid solver                             
  Coarse grid solver:                        Accurate Iterative Solver        
  Iterative solver:                          cg        
  Accuracy:                                  1.000e-12    

  Average reduction (solver):                0.0482002        
  Number of iterations (solver):             6.07464        
 ||u - uh||_L2 = 1.76983e-06

  //////////////////////////////             //////////////////////////////        
  Linear elasticity run cycle:               3        

  Domain:                                    (0, 1) x (0, 1)        
  Root mesh:                                 2 x 2        
  Number of root cells:                      4        
  Number of active cells:                    1024        
  Finite element:                            FE_DGQ<2>(3)        
  Equation Data:                                     
  Lame coefficient (mu):                     1        
  Lame coefficient (lambda):                 50        
  IP pre-factor:                             10        

  Compressed mode:                           false    
  Number of run cycles:                      10        

  Geometry:                                  Cube        
  Number of refinements:                     1        
  Number of repetitions:                     2        
  Subdivisions per direction:                []        
  Distortion factor:                         -1.000e+00

  Solver:                                    cg        
  Absolute tolerance:                        1.000e-14    
  Relative tolerance:                        1.000e-08    
  Number of maximal iterations:              100        
  Preconditioner:                            GMG        

  Multigrid:                                 V-cycle        
  /// Pre-smoother                                   
  Number of smoothing steps:                 1        
  Smoother:                                  Schwarz Smoother        
  Schwarz operator                           Multiplicative Vertex Patch        
  Number of smoothing steps                  1        
  Damping factor                             1        
  Patch-local damping factor                 1        
  Manual coloring                            true     
  Symmetrized Schwarz operator               false    
  Reversed Schwarz operator                  false    
  Number of quad points (surrogate)          5        
  Normalize surrogate patches                false    
  Compute arc length (surrogate)             true     
  /// Post-smoother                                  
  Number of smoothing steps:                 1        
  Smoother:                                  Schwarz Smoother        
  Schwarz operator                           Multiplicative Vertex Patch        
  Number of smoothing steps                  1        
  Damping factor                             1        
  Patch-local damping factor                 1        
  Manual coloring                            true     
  Symmetrized Schwarz operator               false    
  Reversed Schwarz operator                  true     
  Number of quad points (surrogate)          5        
  Normalize surrogate patches                false    
  Compute arc length (surrogate)             true     
  /// Coarse grid solver                             
  Coarse grid solver:                        Accurate Iterative Solver        
  Iterative solver:                          cg        
  Accuracy:                                  1.000e-12    

  Average reduction (solver):                0.0478095        
  Number of iterations (solver):             6.05838        
 ||u - uh||_L2 = 8.23034e-08

  //////////////////////////////             //////////////////////////////        
  Linear elasticity run cycle:               4        

  Out of DoF limits!                         Try next...        
  //////////////////////////////             //////////////////////////////        
  Linear elasticity run cycle:               5        

  Out of DoF limits!                         Try next...        
  //////////////////////////////             //////////////////////////////        
  Linear elasticity run cycle:               6        

  Out of DoF limits!                         Try next...        
  //////////////////////////////             //////////////////////////////        
  Linear elasticity run cycle:               7        

  Out of DoF limits!                         Try next...        
  //////////////////////////////             //////////////////////////////        
  Linear elasticity run cycle:               8        

  Out of DoF limits!                         Try next...        
  //////////////////////////////             //////////////////////////////        
  Linear elasticity run cycle:               9        

  Out of DoF limits!                         Try next...        
#DoFs       L2 error       
 2048 4.093e-05     -    - 
 8192 1.770e-06 23.13 4.53 
32768 8.230e-08 21.50 4.43 




+---------------------------------------------+------------+------------+
| Total wallclock time elapsed since start    |      1.66s |            |
|                                             |            |            |
| Section                         | no. calls |  wall time | % of total |
+---------------------------------+-----------+------------+------------+
| Create triangulation            |        10 |   0.00608s |      0.37% |
| Distribute dofs                 |         3 |   0.00199s |      0.12% |
| Setup MG preconditioner         |         3 |     0.161s |       9.7% |
| Setup linear system             |         3 |    0.0135s |      0.82% |
| Solve                           |         3 |      1.47s |        89% |
+---------------------------------+-----------+------------+------------+

  //////////////////////////////             //////////////////////////////        
  Linear elasticity run cycle:               0        

  Out of DoF limits!                         Try next...        
  //////////////////////////////             //////////////////////////////        
  Linear elasticity run cycle:               1        

  Domain:                                    (0, 1) x (0, 1)        
  Root mesh:                                 2 x 2        
  Number of root cells:                      4        
  Number of active cells:                    64        
  Finite element:                            FE_DGQ<2>(3)        
  Equation Data:                                     
  Lame coefficient (mu):                     1        
  Lame coefficient (lambda):                 50        
  IP pre-factor:                             10        

  Compressed mode:                           false    
  Number of run cycles:                      10        

  Geometry:                                  Cube        
  Number of refinements:                     1        
  Number of repetitions:                     2        
  Subdivisions per direction:                []        
  Distortion factor:                         -1.000e+00

  Solver:                                    cg        
  Absolute tolerance:                        1.000e-14    
  Relative tolerance:                        1.000e-08    
  Number of maximal iterations:              100        
  Preconditioner:                            GMG        

  Multigrid:                                 V-cycle        
  /// Pre-smoother                                   
  Number of smoothing steps:                 1        
  Smoother:                                  Schwarz Smoother        
  Schwarz operator                           Multiplicative Vertex Patch        
  Number of smoothing steps                  1        
  Damping factor                             1        
  Patch-local damping factor                 1        
  Manual coloring                            true     
  Symmetrized Schwarz operator               false    
  Reversed Schwarz operator                  false    
  Number of quad points (surrogate)          5        
  Normalize surrogate patches                false    
  Compute arc length (surrogate)             true     
  /// Post-smoother                                  
  Number of smoothing steps:                 1        
  Smoother:                                  Schwarz Smoother        
  Schwarz operator                           Multiplicative Vertex Patch        
  Number of smoothing steps                  1        
  Damping factor                             1        
  Patch-local damping factor                 1        
  Manual coloring                            true     
  Symmetrized Schwarz operator               false    
  Reversed Schwarz operator                  true     
  Number of quad points (surrogate)          5        
  Normalize surrogate patches                false    
  Compute arc length (surrogate)             true     
  /// Coarse grid solver                             
  Coarse grid solver:                        Accurate Iterative Solver        
  Iterative solver:                          cg        
  Accuracy:                                  1.000e-12    

  Average reduction (solver):                0.0389274        
  Number of iterations (solver):             5.67479        
 ||u - uh||_L2 = 4.0933e-05

  //////////////////////////////             //////////////////////////////        
  Linear elasticity run cycle:               2        

  Domain:                                    (0, 1) x (0, 1)        
  Root mesh:                                 2 x 2        
  Number of root cells:                      4        
  Number of active cells:                    256        
  Finite element:                            FE_DGQ<2>(3)        
  Equation Data:                                     
  Lame coefficient (mu):                     1        
  Lame coefficient (lambda):                 50        
  IP pre-factor:                             10        

  Compressed mode:                           false    
  Number of run cycles:                      10        

  Geometry:                                  Cube        
  Number of refinements:                     1        
  Number of repetitions:                     2        
  Subdivisions per direction:                []        
  Distortion factor:                         -1.000e+00

  Solver:                                    cg        
  Absolute tolerance:                        1.000e-14    
  Relative tolerance:                        1.000e-08    
  Number of maximal iterations:              100        
  Preconditioner:                            GMG        

  Multigrid:                                 V-cycle        
  /// Pre-smoother                                   
  Number of smoothing steps:                 1        
  Smoother:                                  Schwarz Smoother        
  Schwarz operator                           Multiplicative Vertex Patch        
  Number of smoothing steps                  1        
  Damping factor                             1        
  Patch-local damping factor                 1        
  Manual coloring                            true     
  Symmetrized Schwarz operator               false    
  Reversed Schwarz operator                  false    
  Number of quad points (surrogate)          5        
  Normalize surrogate patches                false    
  Compute arc length (surrogate)             true     
  /// Post-smoother                                  
  Number of smoothing steps:                 1        
  Smoother:                                  Schwarz Smoother        
  Schwarz operator                           Multiplicative Vertex Patch        
  Number of smoothing steps                  1        
  Damping factor                             1        
  Patch-local damping factor                 1        
  Manual coloring                            true     
  Symmetrized Schwarz operator               false    
  Reversed Schwarz operator                  true     
  Number of quad points (surrogate)          5        
  Normalize surrogate patches                false    
  Compute arc length (surrogate)             true     
  /// Coarse grid solver                             
  Coarse grid solver:                        Accurate Iterative Solver        
  Iterative solver:                          cg        
  Accuracy:                                  1.000e-12    

  Average reduction (solver):                0.0482002        
  Number of iterations (solver):             6.07464        
 ||u - uh||_L2 = 1.76983e-06

  //////////////////////////////             //////////////////////////////        
  Linear elasticity run cycle:               3        

  Domain:                                    (0, 1) x (0, 1)        
  Root mesh:                                 2 x 2        
  Number of root cells:                      4        
  Number of active cells:                    1024        
  Finite element:                            FE_DGQ<2>(3)        
  Equation Data:                                     
  Lame coefficient (mu):                     1        
  Lame coefficient (lambda):                 50        
  IP pre-factor:                             10        

  Compressed mode:                           false    
  Number of run cycles:                      10        

  Geometry:                                  Cube        
  Number of refinements:                     1        
  Number of repetitions:                     2        
  Subdivisions per direction:                []        
  Distortion factor:                         -1.000e+00

  Solver:                                    cg        
  Absolute tolerance:                        1.000e-14    
  Relative tolerance:                        1.000e-08    
  Number of maximal iterations:              100        
  Preconditioner:                            GMG        

  Multigrid:                                 V-cycle        
  /// Pre-smoother                                   
  Number of smoothing steps:                 1        
  Smoother:                                  Schwarz Smoother        
  Schwarz operator                           Multiplicative Vertex Patch        
  Number of smoothing steps                  1        
  Damping factor                             1        
  Patch-local damping factor                 1        
  Manual coloring                            true     
  Symmetrized Schwarz operator               false    
  Reversed Schwarz operator                  false    
  Number of quad points (surrogate)          5        
  Normalize surrogate patches                false    
  Compute arc length (surrogate)             true     
  /// Post-smoother                                  
  Number of smoothing steps:                 1        
  Smoother:                                  Schwarz Smoother        
  Schwarz operator                           Multiplicative Vertex Patch        
  Number of smoothing steps                  1        
  Damping factor                             1        
  Patch-local damping factor                 1        
  Manual coloring                            true     
  Symmetrized Schwarz operator               false    
  Reversed Schwarz operator                  true     
  Number of quad points (surrogate)          5        
  Normalize surrogate patches                false    
  Compute arc length (surrogate)             true     
  /// Coarse grid solver                             
  Coarse grid solver:                        Accurate Iterative Solver        
  Iterative solver:                          cg        
  Accuracy:                                  1.000e-12    

  Average reduction (solver):                0.0478095        
  Number of iterations (solver):             6.05838        
 ||u - uh||_L2 = 8.23034e-08

  //////////////////////////////             //////////////////////////////        
  Linear elasticity run cycle:               4        

  Out of DoF limits!                         Try next...        
  //////////////////////////////             //////////////////////////////        
  Linear elasticity run cycle:               5        

  Out of DoF limits!                         Try next...        
  //////////////////////////////             //////////////////////////////        
  Linear elasticity run cycle:               6        

  Out of DoF limits!                         Try next...        
  //////////////////////////////             //////////////////////////////        
  Linear elasticity run cycle:               7        

  Out of DoF limits!                         Try next...        
  //////////////////////////////             //////////////////////////////        
  Linear elasticity run cycle:               8        

  Out of DoF limits!                         Try next...        
  //////////////////////////////             //////////////////////////////        
  Linear elasticity run cycle:               9        

  Out of DoF limits!                         Try next...        
#DoFs       L2 error       
 2048 4.093e-05     -    - 
 8192 1.770e-06 23.13 4.53 
32768 8.230e-08 21.50 4.43 




+---------------------------------------------+------------+------------+
| Total wallclock time elapsed since start    |      1.65s |            |
|                                             |            |            |
| Section                         | no. calls |  wall time | % of total |
+---------------------------------+-----------+------------+------------+
| Create triangulation            |        10 |   0.00617s |      0.37% |
| Distribute dofs                 |         3 |   0.00206s |      0.13% |
| Setup MG preconditioner         |         3 |     0.158s |       9.6% |
| Setup linear system             |         3 |    0.0135s |      0.82% |
| Solve                           |         3 |      1.46s |        89% |
+---------------------------------+-----------+------------+------------+

  //////////////////////////////             //////////////////////////////        
  Linear elasticity run cycle:               0        

  Out of DoF limits!                         Try next...        
  //////////////////////////////             //////////////////////////////        
  Linear elasticity run cycle:               1        

  Domain:                                    (0, 1) x (0, 1)        
  Root mesh:                                 2 x 2        
  Number of root cells:                      4        
  Number of active cells:                    64        
  Finite element:                            FE_DGQ<2>(3)        
  Equation Data:                                     
  Lame coefficient (mu):                     1        
  Lame coefficient (lambda):                 50        
  IP pre-factor:                             10        

  Compressed mode:                           false    
  Number of run cycles:                      10        

  Geometry:                                  Cube        
  Number of refinements:                     1        
  Number of repetitions:                     2        
  Subdivisions per direction:                []        
  Distortion factor:                         -1.000e+00

  Solver:                                    cg        
  Absolute tolerance:                        1.000e-14    
  Relative tolerance:                        1.000e-08    
  Number of maximal iterations:              100        
  Preconditioner:                            GMG        

  Multigrid:                                 V-cycle        
  /// Pre-smoother                                   
  Number of smoothing steps:                 1        
  Smoother:                                  Schwarz Smoother        
  Schwarz operator                           Multiplicative Vertex Patch        
  Number of smoothing steps                  1        
  Damping factor                             1        
  Patch-local damping factor                 1        
  Manual coloring                            true     
  Symmetrized Schwarz operator               false    
  Reversed Schwarz operator                  false    
  Number of quad points (surrogate)          5        
  Normalize surrogate patches                false    
  Compute arc length (surrogate)             true     
  /// Post-smoother                                  
  Number of smoothing steps:                 1        
  Smoother:                                  Schwarz Smoother        
  Schwarz operator                           Multiplicative Vertex Patch        
  Number of smoothing steps                  1        
  Damping factor                             1        
  Patch-local damping factor                 1        
  Manual coloring                            true     
  Symmetrized Schwarz operator               false    
  Reversed Schwarz operator                  true     
  Number of quad points (surrogate)          5        
  Normalize surrogate patches                false    
  Compute arc length (surrogate)             true     
  /// Coarse grid solver                             
  Coarse grid solver:                        Accurate Iterative Solver        
  Iterative solver:                          cg        
  Accuracy:                                  1.000e-12    

  Average reduction (solver):                0.0389274        
  Number of iterations (solver):             5.67479        
 ||u - uh||_L2 = 4.0933e-05

  //////////////////////////////             //////////////////////////////        
  Linear elasticity run cycle:               2        

  Domain:                                    (0, 1) x (0, 1)        
  Root mesh:                                 2 x 2        
  Number of root cells:                      4        
  Number of active cells:                    256        
  Finite element:                            FE_DGQ<2>(3)        
  Equation Data:                                     
  Lame coefficient (mu):                     1        
  Lame coefficient (lambda):                 50        
  IP pre-factor:                             10        

  Compressed mode:                           false    
  Number of run cycles:                      10        

  Geometry:                                  Cube        
  Number of refinements:                     1        
  Number of repetitions:                     2        
  Subdivisions per direction:                []        
  Distortion factor:                         -1.000e+00

  Solver:                                    cg        
  Absolute tolerance:                        1.000e-14    
  Relative tolerance:                        1.000e-08    
  Number of maximal iterations:              100        
  Preconditioner:                            GMG        

  Multigrid:                                 V-cycle        
  /// Pre-smoother                                   
  Number of smoothing steps:                 1        
  Smoother:                                  Schwarz Smoother        
  Schwarz operator                           Multiplicative Vertex Patch        
  Number of smoothing steps                  1        
  Damping factor                             1        
  Patch-local damping factor                 1        
  Manual coloring                            true     
  Symmetrized Schwarz operator               false    
  Reversed Schwarz operator                  false    
  Number of quad points (surrogate)          5        
  Normalize surrogate patches                false    
  Compute arc length (surrogate)             true     
  /// Post-smoother                                  
  Number of smoothing steps:                 1        
  Smoother:                                  Schwarz Smoother        
  Schwarz operator                           Multiplicative Vertex Patch        
  Number of smoothing steps                  1        
  Damping factor                             1        
  Patch-local damping factor                 1        
  Manual coloring                            true     
  Symmetrized Schwarz operator               false    
  Reversed Schwarz operator                  true     
  Number of quad points (surrogate)          5        
  Normalize surrogate patches                false    
  Compute arc length (surrogate)             true     
  /// Coarse grid solver                             
  Coarse grid solver:                        Accurate Iterative Solver        
  Iterative solver:                          cg        
  Accuracy:                                  1.000e-12    

  Average reduction (solver):                0.0482002        
  Number of iterations (solver):             6.07464        
 ||u - uh||_L2 = 1.76983e-06

  //////////////////////////////             //////////////////////////////        
  Linear elasticity run cycle:               3        

  Domain:                                    (0, 1) x (0, 1)        
  Root mesh:                                 2 x 2        
  Number of root cells:                      4        
  Number of active cells:                    1024        
  Finite element:                            FE_DGQ<2>(3)        
  Equation Data:                                     
  Lame coefficient (mu):                     1        
  Lame coefficient (lambda):                 50        
  IP pre-factor:                             10        

  Compressed mode:                           false    
  Number of run cycles:                      10        

  Geometry:                                  Cube        
  Number of refinements:                     1        
  Number of repetitions:                     2        
  Subdivisions per direction:                []        
  Distortion factor:                         -1.000e+00

  Solver:                                    cg        
  Absolute tolerance:                        1.000e-14    
  Relative tolerance:                        1.000e-08    
  Number of maximal iterations:              100        
  Preconditioner:                            GMG        

  Multigrid:                                 V-cycle        
  /// Pre-smoother                                   
  Number of smoothing steps:                 1        
  Smoother:                                  Schwarz Smoother        
  Schwarz operator                           Multiplicative Vertex Patch        
  Number of smoothing steps                  1        
  Damping factor                             1        
  Patch-local damping factor                 1        
  Manual coloring                            true     
  Symmetrized Schwarz operator               false    
  Reversed Schwarz operator                  false    
  Number of quad points (surrogate)          5        
  Normalize surrogate patches                false    
  Compute arc length (surrogate)             true     
  /// Post-smoother                                  
  Number of smoothing steps:                 1        
  Smoother:                                  Schwarz Smoother        
  Schwarz operator                           Multiplicative Vertex Patch        
  Number of smoothing steps                  1        
  Damping factor                             1        
  Patch-local damping factor                 1        
  Manual coloring                            true     
  Symmetrized Schwarz operator               false    
  Reversed Schwarz operator                  true     
  Number of quad points (surrogate)          5        
  Normalize surrogate patches                false    
  Compute arc length (surrogate)             true     
  /// Coarse grid solver                             
  Coarse grid solver:                        Accurate Iterative Solver        
  Iterative solver:                          cg        
  Accuracy:                                  1.000e-12    

  Average reduction (solver):                0.0478095        
  Number of iterations (solver):             6.05838        
 ||u - uh||_L2 = 8.23034e-08

  //////////////////////////////             //////////////////////////////        
  Linear elasticity run cycle:               4        

  Domain:                                    (0, 1) x (0, 1)        
  Root mesh:                                 2 x 2        
  Number of root cells:                      4        
  Number of active cells:                    4096        
  Finite element:                            FE_DGQ<2>(3)        
  Equation Data:                                     
  Lame coefficient (mu):                     1        
  Lame coefficient (lambda):                 50        
  IP pre-factor:                             10        

  Compressed mode:                           false    
  Number of run cycles:                      10        

  Geometry:                                  Cube        
  Number of refinements:                     1        
  Number of repetitions:                     2        
  Subdivisions per direction:                []        
  Distortion factor:                         -1.000e+00

  Solver:                                    cg        
  Absolute tolerance:                        1.000e-14    
  Relative tolerance:                        1.000e-08    
  Number of maximal iterations:              100        
  Preconditioner:                            GMG        

  Multigrid:                                 V-cycle        
  /// Pre-smoother                                   
  Number of smoothing steps:                 1        
  Smoother:                                  Schwarz Smoother        
  Schwarz operator                           Multiplicative Vertex Patch        
  Number of smoothing steps                  1        
  Damping factor                             1        
  Patch-local damping factor                 1        
  Manual coloring                            true     
  Symmetrized Schwarz operator               false    
  Reversed Schwarz operator                  false    
  Number of quad points (surrogate)          5        
  Normalize surrogate patches                false    
  Compute arc length (surrogate)             true     
  /// Post-smoother                                  
  Number of smoothing steps:                 1        
  Smoother:                                  Schwarz Smoother        
  Schwarz operator                           Multiplicative Vertex Patch        
  Number of smoothing steps                  1        
  Damping factor                             1        
  Patch-local damping factor                 1        
  Manual coloring                            true     
  Symmetrized Schwarz operator               false    
  Reversed Schwarz operator                  true     
  Number of quad points (surrogate)          5        
  Normalize surrogate patches                false    
  Compute arc length (surrogate)             true     
  /// Coarse grid solver                             
  Coarse grid solver:                        Accurate Iterative Solver        
  Iterative solver:                          cg        
  Accuracy:                                  1.000e-12    

  Average reduction (solver):                0.0503885        
  Number of iterations (solver):             6.1649        
 ||u - uh||_L2 = 4.45255e-09

  //////////////////////////////             //////////////////////////////        
  Linear elasticity run cycle:               5        

  Domain:                                    (0, 1) x (0, 1)        
  Root mesh:                                 2 x 2        
  Number of root cells:                      4        
  Number of active cells:                    16384        
  Finite element:                            FE_DGQ<2>(3)        
  Equation Data:                                     
  Lame coefficient (mu):                     1        
  Lame coefficient (lambda):                 50        
  IP pre-factor:                             10        

  Compressed mode:                           false    
  Number of run cycles:                      10        

  Geometry:                                  Cube        
  Number of refinements:                     1        
  Number of repetitions:                     2        
  Subdivisions per direction:                []        
  Distortion factor:                         -1.000e+00

  Solver:                                    cg        
  Absolute tolerance:                        1.000e-14    
  Relative tolerance:                        1.000e-08    
  Number of maximal iterations:              100        
  Preconditioner:                            GMG        

  Multigrid:                                 V-cycle        
  /// Pre-smoother                                   
  Number of smoothing steps:                 1        
  Smoother:                                  Schwarz Smoother        
  Schwarz operator                           Multiplicative Vertex Patch        
  Number of smoothing steps                  1        
  Damping factor                             1        
  Patch-local damping factor                 1        
  Manual coloring                            true     
  Symmetrized Schwarz operator               false    
  Reversed Schwarz operator                  false    
  Number of quad points (surrogate)          5        
  Normalize surrogate patches                false    
  Compute arc length (surrogate)             true     
  /// Post-smoother                                  
  Number of smoothing steps:                 1        
  Smoother:                                  Schwarz Smoother        
  Schwarz operator                           Multiplicative Vertex Patch        
  Number of smoothing steps                  1        
  Damping factor                             1        
  Patch-local damping factor                 1        
  Manual coloring                            true     
  Symmetrized Schwarz operator               false    
  Reversed Schwarz operator                  true     
  Number of quad points (surrogate)          5        
  Normalize surrogate patches                false    
  Compute arc length (surrogate)             true     
  /// Coarse grid solver                             
  Coarse grid solver:                        Accurate Iterative Solver        
  Iterative solver:                          cg        
  Accuracy:                                  1.000e-12    

  Average reduction (solver):                0.0530138        
  Number of iterations (solver):             6.27151        
 ||u - uh||_L2 = 2.65276e-10

  //////////////////////////////             //////////////////////////////        
  Linear elasticity run cycle:               6        

  Domain:                                    (0, 1) x (0, 1)        
  Root mesh:                                 2 x 2        
  Number of root cells:                      4        
  Number of active cells:                    65536        
  Finite element:                            FE_DGQ<2>(3)        
  Equation Data:                                     
  Lame coefficient (mu):                     1        
  Lame coefficient (lambda):                 50        
  IP pre-factor:                             10        

  Compressed mode:                           false    
  Number of run cycles:                      10        

  Geometry:                                  Cube        
  Number of refinements:                     1        
  Number of repetitions:                     2        
  Subdivisions per direction:                []        
  Distortion factor:                         -1.000e+00

  Solver:                                    cg        
  Absolute tolerance:                        1.000e-14    
  Relative tolerance:                        1.000e-08    
  Number of maximal iterations:              100        
  Preconditioner:                            GMG        

  Multigrid:                                 V-cycle        
  /// Pre-smoother                                   
  Number of smoothing steps:                 1        
  Smoother:                                  Schwarz Smoother        
  Schwarz operator                           Multiplicative Vertex Patch        
  Number of smoothing steps                  1        
  Damping factor                             1        
  Patch-local damping factor                 1        
  Manual coloring                            true     
  Symmetrized Schwarz operator               false    
  Reversed Schwarz operator                  false    
  Number of quad points (surrogate)          5        
  Normalize surrogate patches                false    
  Compute arc length (surrogate)             true     
  /// Post-smoother                                  
  Number of smoothing steps:                 1        
  Smoother:                                  Schwarz Smoother        
  Schwarz operator                           Multiplicative Vertex Patch        
  Number of smoothing steps                  1        
  Damping factor                             1        
  Patch-local damping factor                 1        
  Manual coloring                            true     
  Symmetrized Schwarz operator               false    
  Reversed Schwarz operator                  true     
  Number of quad points (surrogate)          5        
  Normalize surrogate patches                false    
  Compute arc length (surrogate)             true     
  /// Coarse grid solver                             
  Coarse grid solver:                        Accurate Iterative Solver        
  Iterative solver:                          cg        
  Accuracy:                                  1.000e-12    

  Average reduction (solver):                0.0561213        
  Number of iterations (solver):             6.39554        
 ||u - uh||_L2 = 1.67333e-11

  //////////////////////////////             //////////////////////////////        
  Linear elasticity run cycle:               7        

  Out of DoF limits!                         Try next...        
  //////////////////////////////             //////////////////////////////        
  Linear elasticity run cycle:               8        

  Out of DoF limits!                         Try next...        
  //////////////////////////////             //////////////////////////////        
  Linear elasticity run cycle:               9        

  Out of DoF limits!                         Try next...        
 #DoFs        L2 error       
   2048 4.093e-05     -    - 
   8192 1.770e-06 23.13 4.53 
  32768 8.230e-08 21.50 4.43 
 131072 4.453e-09 18.48 4.21 
 524288 2.653e-10 16.78 4.07 
2097152 1.673e-11 15.85 3.99 




+---------------------------------------------+------------+------------+
| Total wallclock time elapsed since start    |       104s |            |
|                                             |            |            |
| Section                         | no. calls |  wall time | % of total |
+---------------------------------+-----------+------------+------------+
| Create triangulation            |        10 |      0.25s |      0.24% |
| Distribute dofs                 |         6 |     0.125s |      0.12% |
| Setup MG preconditioner         |         6 |      10.2s |       9.8% |
| Setup linear system             |         6 |     0.776s |      0.74% |
| Solve                           |         6 |      92.9s |        89% |
+---------------------------------+-----------+------------+------------+

