  Git - deal.II version:                     0a611000a0        
  Git - deal.II branch:                      rt_matrixfree        
  Git - TPSS version:                        6f5fedb        
  Git - TPSS branch:                         RAS        
  Date:                                      2020/11/26        
  Number of MPI processes:                   40        
  Number of threads per MPI proc:            4        
  Vectorization level:                       SSE2        
  Size of global_dof_index (bits):           64        

  n_refinements (initial):                   1        
  n_repetitions (initial):                   2        
  gmres solver reduction:                    1.000e-08    

  //////////////////////////////             //////////////////////////////        
  Poisson run cycle:                         0        

  //////////////////////////////             //////////////////////////////        
  Poisson run cycle:                         1        

  Domain:                                    (0, 1) x (0, 1) x (0, 1)        
  Root mesh:                                 2 x 2 x 2        
  Number of root cells:                      8        
  Number of active cells:                    512        
  Finite element:                            FE_DGQ<3>(5)        
  Number of run cycles:                      15        
  Lower dof limit:                           100000        
  Upper dof limit:                           100000000        
  Using TBB:                                 true     

  Geometry:                                  Cube        
  Number of refinements:                     1        
  Number of repetitions:                     2        
  Subdivisions per direction:                []        
  Distortion factor:                         -1.000e+00

  Solver:                                    gmres        
  Absolute tolerance:                        1.000e-14    
  Relative tolerance:                        1.000e-08    
  Number of maximal iterations:              100        
  Preconditioner:                            GMG        
  Use as right preconditioner?               false    

  Multigrid:                                 V-cycle        
  /// Pre-smoother                                   
  Number of smoothing steps:                 1        
  Doubling of smoothing steps:               false    
  Smoother:                                  Schwarz Smoother        
  Schwarz operator                           Additive Vertex Patch        
  Damping factor                             1        
  Patch-local damping factor                 1        
  User-defined coloring                      true     
  Symmetrized Schwarz operator               false    
  Reversed Schwarz operator                  false    
  RAS - weights                              true     
  RAS - boolean weights                      false    
  Number of quad points (surrogate)          5        
  Normalize surrogate patches                false    
  Compute arc length (surrogate)             true     
  Caching strategy                           cached        
  /// Post-smoother                                  
  Number of smoothing steps:                 1        
  Doubling of smoothing steps:               false    
  Smoother:                                  Schwarz Smoother        
  Schwarz operator                           Additive Vertex Patch        
  Damping factor                             1        
  Patch-local damping factor                 1        
  User-defined coloring                      true     
  Symmetrized Schwarz operator               false    
  Reversed Schwarz operator                  false    
  RAS - weights                              true     
  RAS - boolean weights                      false    
  Number of quad points (surrogate)          5        
  Normalize surrogate patches                false    
  Compute arc length (surrogate)             true     
  Caching strategy                           cached        
  /// Coarse grid solver                             
  Coarse grid solver:                        Accurate Iterative Solver        
  Iterative solver:                          gmres        
  Accuracy:                                  1.000e-12    

  Average reduction (solver):                0.137874        
  Number of iterations (solver):             9.29674        
  ||u - uh||_L2 =                            1.622e-07        
  [SchwarzPrecond] Update residuals:         0.000e+00
  [SchwarzPrecond] Apply inverses:           0.41634        
  [SchwarzPrecond] Compute inverses:         0.00777167        
  [SchwarzPrecond] Copy Locally Owned:       0.11644        
  [SchwarzPrecond] Step:                     0.416542        
  Vertex patch gathering                     0.0052005        
  Vertex patch coloring (user_avoidrace)     0.00828788        
  Submit vertex patches                      3.551e-04          
  //////////////////////////////             //////////////////////////////        
  Poisson run cycle:                         2        

  Domain:                                    (0, 1) x (0, 1) x (0, 1)        
  Root mesh:                                 2 x 2 x 2        
  Number of root cells:                      8        
  Number of active cells:                    4096        
  Finite element:                            FE_DGQ<3>(5)        
  Number of run cycles:                      15        
  Lower dof limit:                           100000        
  Upper dof limit:                           100000000        
  Using TBB:                                 true     

  Geometry:                                  Cube        
  Number of refinements:                     1        
  Number of repetitions:                     2        
  Subdivisions per direction:                []        
  Distortion factor:                         -1.000e+00

  Solver:                                    gmres        
  Absolute tolerance:                        1.000e-14    
  Relative tolerance:                        1.000e-08    
  Number of maximal iterations:              100        
  Preconditioner:                            GMG        
  Use as right preconditioner?               false    

  Multigrid:                                 V-cycle        
  /// Pre-smoother                                   
  Number of smoothing steps:                 1        
  Doubling of smoothing steps:               false    
  Smoother:                                  Schwarz Smoother        
  Schwarz operator                           Additive Vertex Patch        
  Damping factor                             1        
  Patch-local damping factor                 1        
  User-defined coloring                      true     
  Symmetrized Schwarz operator               false    
  Reversed Schwarz operator                  false    
  RAS - weights                              true     
  RAS - boolean weights                      false    
  Number of quad points (surrogate)          5        
  Normalize surrogate patches                false    
  Compute arc length (surrogate)             true     
  Caching strategy                           cached        
  /// Post-smoother                                  
  Number of smoothing steps:                 1        
  Doubling of smoothing steps:               false    
  Smoother:                                  Schwarz Smoother        
  Schwarz operator                           Additive Vertex Patch        
  Damping factor                             1        
  Patch-local damping factor                 1        
  User-defined coloring                      true     
  Symmetrized Schwarz operator               false    
  Reversed Schwarz operator                  false    
  RAS - weights                              true     
  RAS - boolean weights                      false    
  Number of quad points (surrogate)          5        
  Normalize surrogate patches                false    
  Compute arc length (surrogate)             true     
  Caching strategy                           cached        
  /// Coarse grid solver                             
  Coarse grid solver:                        Accurate Iterative Solver        
  Iterative solver:                          gmres        
  Accuracy:                                  1.000e-12    

  Average reduction (solver):                0.136097        
  Number of iterations (solver):             9.23627        
  ||u - uh||_L2 =                            3.005e-09          
  [SchwarzPrecond] Update residuals:         0.000e+00
  [SchwarzPrecond] Apply inverses:           1.28994        
  [SchwarzPrecond] Compute inverses:         0.0384586        
  [SchwarzPrecond] Copy Locally Owned:       0.413819        
  [SchwarzPrecond] Step:                     1.2902        
  Vertex patch gathering                     0.00604011        
  Vertex patch coloring (user_avoidrace)     0.00190977        
  Submit vertex patches                      2.795e-04          
  //////////////////////////////             //////////////////////////////        
  Poisson run cycle:                         3        

  Domain:                                    (0, 1) x (0, 1) x (0, 1)        
  Root mesh:                                 2 x 2 x 2        
  Number of root cells:                      8        
  Number of active cells:                    32768        
  Finite element:                            FE_DGQ<3>(5)        
  Number of run cycles:                      15        
  Lower dof limit:                           100000        
  Upper dof limit:                           100000000        
  Using TBB:                                 true     

  Geometry:                                  Cube        
  Number of refinements:                     1        
  Number of repetitions:                     2        
  Subdivisions per direction:                []        
  Distortion factor:                         -1.000e+00

  Solver:                                    gmres        
  Absolute tolerance:                        1.000e-14    
  Relative tolerance:                        1.000e-08    
  Number of maximal iterations:              100        
  Preconditioner:                            GMG        
  Use as right preconditioner?               false    

  Multigrid:                                 V-cycle        
  /// Pre-smoother                                   
  Number of smoothing steps:                 1        
  Doubling of smoothing steps:               false    
  Smoother:                                  Schwarz Smoother        
  Schwarz operator                           Additive Vertex Patch        
  Damping factor                             1        
  Patch-local damping factor                 1        
  User-defined coloring                      true     
  Symmetrized Schwarz operator               false    
  Reversed Schwarz operator                  false    
  RAS - weights                              true     
  RAS - boolean weights                      false    
  Number of quad points (surrogate)          5        
  Normalize surrogate patches                false    
  Compute arc length (surrogate)             true     
  Caching strategy                           cached        
  /// Post-smoother                                  
  Number of smoothing steps:                 1        
  Doubling of smoothing steps:               false    
  Smoother:                                  Schwarz Smoother        
  Schwarz operator                           Additive Vertex Patch        
  Damping factor                             1        
  Patch-local damping factor                 1        
  User-defined coloring                      true     
  Symmetrized Schwarz operator               false    
  Reversed Schwarz operator                  false    
  RAS - weights                              true     
  RAS - boolean weights                      false    
  Number of quad points (surrogate)          5        
  Normalize surrogate patches                false    
  Compute arc length (surrogate)             true     
  Caching strategy                           cached        
  /// Coarse grid solver                             
  Coarse grid solver:                        Accurate Iterative Solver        
  Iterative solver:                          gmres        
  Accuracy:                                  1.000e-12    

  Average reduction (solver):                0.121916        
  Number of iterations (solver):             8.75332        
  ||u - uh||_L2 =                            3.035e-09          
  [SchwarzPrecond] Update residuals:         0.000e+00
  [SchwarzPrecond] Apply inverses:           9.55529        
  [SchwarzPrecond] Compute inverses:         0.206225        
  [SchwarzPrecond] Copy Locally Owned:       3.07378        
  [SchwarzPrecond] Step:                     9.55565        
  Vertex patch gathering                     0.0322501        
  Vertex patch coloring (user_avoidrace)     0.105358        
  Submit vertex patches                      0.0014149        
  //////////////////////////////             //////////////////////////////        
  Poisson run cycle:                         4        

  Domain:                                    (0, 1) x (0, 1) x (0, 1)        
  Root mesh:                                 2 x 2 x 2        
  Number of root cells:                      8        
  Number of active cells:                    262144        
  Finite element:                            FE_DGQ<3>(5)        
  Number of run cycles:                      15        
  Lower dof limit:                           100000        
  Upper dof limit:                           100000000        
  Using TBB:                                 true     

  Geometry:                                  Cube        
  Number of refinements:                     1        
  Number of repetitions:                     2        
  Subdivisions per direction:                []        
  Distortion factor:                         -1.000e+00

  Solver:                                    gmres        
  Absolute tolerance:                        1.000e-14    
  Relative tolerance:                        1.000e-08    
  Number of maximal iterations:              100        
  Preconditioner:                            GMG        
  Use as right preconditioner?               false    

  Multigrid:                                 V-cycle        
  /// Pre-smoother                                   
  Number of smoothing steps:                 1        
  Doubling of smoothing steps:               false    
  Smoother:                                  Schwarz Smoother        
  Schwarz operator                           Additive Vertex Patch        
  Damping factor                             1        
  Patch-local damping factor                 1        
  User-defined coloring                      true     
  Symmetrized Schwarz operator               false    
  Reversed Schwarz operator                  false    
  RAS - weights                              true     
  RAS - boolean weights                      false    
  Number of quad points (surrogate)          5        
  Normalize surrogate patches                false    
  Compute arc length (surrogate)             true     
  Caching strategy                           cached        
  /// Post-smoother                                  
  Number of smoothing steps:                 1        
  Doubling of smoothing steps:               false    
  Smoother:                                  Schwarz Smoother        
  Schwarz operator                           Additive Vertex Patch        
  Damping factor                             1        
  Patch-local damping factor                 1        
  User-defined coloring                      true     
  Symmetrized Schwarz operator               false    
  Reversed Schwarz operator                  false    
  RAS - weights                              true     
  RAS - boolean weights                      false    
  Number of quad points (surrogate)          5        
  Normalize surrogate patches                false    
  Compute arc length (surrogate)             true     
  Caching strategy                           cached        
  /// Coarse grid solver                             
  Coarse grid solver:                        Accurate Iterative Solver        
  Iterative solver:                          gmres        
  Accuracy:                                  1.000e-12    

  Average reduction (solver):                0.114979        
  Number of iterations (solver):             8.51625        
  ||u - uh||_L2 =                            3.225e-09          
  [SchwarzPrecond] Update residuals:         0.000e+00
  [SchwarzPrecond] Apply inverses:           68.3445        
  [SchwarzPrecond] Compute inverses:         1.73624        
  [SchwarzPrecond] Copy Locally Owned:       28.2474        
  [SchwarzPrecond] Step:                     68.3449        
  Vertex patch gathering                     0.198004        
  Vertex patch coloring (user_avoidrace)     0.148318        
  Submit vertex patches                      0.0139738        
  //////////////////////////////             //////////////////////////////        
  Poisson run cycle:                         5        

  //////////////////////////////             //////////////////////////////        
  Poisson run cycle:                         6        

  //////////////////////////////             //////////////////////////////        
  Poisson run cycle:                         7        

  //////////////////////////////             //////////////////////////////        
  Poisson run cycle:                         8        

  //////////////////////////////             //////////////////////////////        
  Poisson run cycle:                         9        

  //////////////////////////////             //////////////////////////////        
  Poisson run cycle:                         10        

  //////////////////////////////             //////////////////////////////        
  Poisson run cycle:                         11        

  //////////////////////////////             //////////////////////////////        
  Poisson run cycle:                         12        

  //////////////////////////////             //////////////////////////////        
  Poisson run cycle:                         13        

  //////////////////////////////             //////////////////////////////        
  Poisson run cycle:                         14        



+---------------------------------------------+------------+------------+
| Total wallclock time elapsed since start    |      98.8s |            |
|                                             |            |            |
| Section                         | no. calls |  wall time | % of total |
+---------------------------------+-----------+------------+------------+
| Compute discretization errors   |         4 |       6.3s |       6.4% |
| Create triangulation            |        15 |       2.5s |       2.5% |
| Distribute dofs                 |         4 |      1.42s |       1.4% |
| Setup MG preconditioner         |         4 |      6.59s |       6.7% |
| Setup linear system             |         4 |      1.22s |       1.2% |
| Solve                           |         4 |      80.7s |        82% |
+---------------------------------+-----------+------------+------------+

!TABLEPP
n_levels n_cells  n_dofs  n_colors n_iter reduction       L2_error        
       3     512   110592        8 9.2967 1.379e-01 1.622e-07     -     - 
       4    4096   884736        8 9.2363 1.361e-01 3.005e-09 53.98  5.75 
       5   32768  7077888        8 8.7533 1.219e-01 3.035e-09  0.99 -0.01 
       6  262144 56623104        8 8.5163 1.150e-01 3.225e-09  0.94 -0.09 
TABLE!PP
