  Git - deal.II version:                     0a611000a0        
  Git - deal.II branch:                      rt_matrixfree        
  Git - TPSS version:                        6f5fedb        
  Git - TPSS branch:                         RAS        
  Date:                                      2020/11/26        
  Number of MPI processes:                   40        
  Number of threads per MPI proc:            4        
  Vectorization level:                       SSE2        
  Size of global_dof_index (bits):           64        

  n_refinements (initial):                   1        
  n_repetitions (initial):                   2        
  gmres solver reduction:                    1.000e-08    

  //////////////////////////////             //////////////////////////////        
  Poisson run cycle:                         0        

  //////////////////////////////             //////////////////////////////        
  Poisson run cycle:                         1        

  //////////////////////////////             //////////////////////////////        
  Poisson run cycle:                         2        

  //////////////////////////////             //////////////////////////////        
  Poisson run cycle:                         3        

  //////////////////////////////             //////////////////////////////        
  Poisson run cycle:                         4        

  //////////////////////////////             //////////////////////////////        
  Poisson run cycle:                         5        

  Domain:                                    (0, 1) x (0, 1)        
  Root mesh:                                 2 x 2        
  Number of root cells:                      4        
  Number of active cells:                    16384        
  Finite element:                            FE_DGQ<2>(2)        
  Number of run cycles:                      15        
  Lower dof limit:                           100000        
  Upper dof limit:                           100000000        
  Using TBB:                                 true     

  Geometry:                                  Cube        
  Number of refinements:                     1        
  Number of repetitions:                     2        
  Subdivisions per direction:                []        
  Distortion factor:                         -1.000e+00

  Solver:                                    gmres        
  Absolute tolerance:                        1.000e-14    
  Relative tolerance:                        1.000e-08    
  Number of maximal iterations:              100        
  Preconditioner:                            GMG        
  Use as right preconditioner?               false    

  Multigrid:                                 V-cycle        
  /// Pre-smoother                                   
  Number of smoothing steps:                 1        
  Doubling of smoothing steps:               false    
  Smoother:                                  Schwarz Smoother        
  Schwarz operator                           Additive Vertex Patch        
  Damping factor                             1        
  Patch-local damping factor                 1        
  User-defined coloring                      true     
  Symmetrized Schwarz operator               false    
  Reversed Schwarz operator                  false    
  RAS - weights                              true     
  RAS - boolean weights                      false    
  Number of quad points (surrogate)          3        
  Normalize surrogate patches                false    
  Compute arc length (surrogate)             true     
  Caching strategy                           cached        
  /// Post-smoother                                  
  Number of smoothing steps:                 1        
  Doubling of smoothing steps:               false    
  Smoother:                                  Schwarz Smoother        
  Schwarz operator                           Additive Vertex Patch        
  Damping factor                             1        
  Patch-local damping factor                 1        
  User-defined coloring                      true     
  Symmetrized Schwarz operator               false    
  Reversed Schwarz operator                  false    
  RAS - weights                              true     
  RAS - boolean weights                      false    
  Number of quad points (surrogate)          3        
  Normalize surrogate patches                false    
  Compute arc length (surrogate)             true     
  Caching strategy                           cached        
  /// Coarse grid solver                             
  Coarse grid solver:                        Accurate Iterative Solver        
  Iterative solver:                          gmres        
  Accuracy:                                  1.000e-12    

  Average reduction (solver):                0.052109        
  Number of iterations (solver):             6.23496        
  ||u - uh||_L2 =                            1.492e-07          
  [SchwarzPrecond] Update residuals:         0.000e+00
  [SchwarzPrecond] Apply inverses:           0.0987667        
  [SchwarzPrecond] Compute inverses:         0.0665244        
  [SchwarzPrecond] Copy Locally Owned:       0.00820837        
  [SchwarzPrecond] Step:                     0.0988959        
  Vertex patch gathering                     0.00678861        
  Vertex patch coloring (user_avoidrace)     0.0502412        
  Submit vertex patches                      0.00186383        
  //////////////////////////////             //////////////////////////////        
  Poisson run cycle:                         6        

  Domain:                                    (0, 1) x (0, 1)        
  Root mesh:                                 2 x 2        
  Number of root cells:                      4        
  Number of active cells:                    65536        
  Finite element:                            FE_DGQ<2>(2)        
  Number of run cycles:                      15        
  Lower dof limit:                           100000        
  Upper dof limit:                           100000000        
  Using TBB:                                 true     

  Geometry:                                  Cube        
  Number of refinements:                     1        
  Number of repetitions:                     2        
  Subdivisions per direction:                []        
  Distortion factor:                         -1.000e+00

  Solver:                                    gmres        
  Absolute tolerance:                        1.000e-14    
  Relative tolerance:                        1.000e-08    
  Number of maximal iterations:              100        
  Preconditioner:                            GMG        
  Use as right preconditioner?               false    

  Multigrid:                                 V-cycle        
  /// Pre-smoother                                   
  Number of smoothing steps:                 1        
  Doubling of smoothing steps:               false    
  Smoother:                                  Schwarz Smoother        
  Schwarz operator                           Additive Vertex Patch        
  Damping factor                             1        
  Patch-local damping factor                 1        
  User-defined coloring                      true     
  Symmetrized Schwarz operator               false    
  Reversed Schwarz operator                  false    
  RAS - weights                              true     
  RAS - boolean weights                      false    
  Number of quad points (surrogate)          3        
  Normalize surrogate patches                false    
  Compute arc length (surrogate)             true     
  Caching strategy                           cached        
  /// Post-smoother                                  
  Number of smoothing steps:                 1        
  Doubling of smoothing steps:               false    
  Smoother:                                  Schwarz Smoother        
  Schwarz operator                           Additive Vertex Patch        
  Damping factor                             1        
  Patch-local damping factor                 1        
  User-defined coloring                      true     
  Symmetrized Schwarz operator               false    
  Reversed Schwarz operator                  false    
  RAS - weights                              true     
  RAS - boolean weights                      false    
  Number of quad points (surrogate)          3        
  Normalize surrogate patches                false    
  Compute arc length (surrogate)             true     
  Caching strategy                           cached        
  /// Coarse grid solver                             
  Coarse grid solver:                        Accurate Iterative Solver        
  Iterative solver:                          gmres        
  Accuracy:                                  1.000e-12    

  Average reduction (solver):                0.0449752        
  Number of iterations (solver):             5.93901        
  ||u - uh||_L2 =                            1.996e-08          
  [SchwarzPrecond] Update residuals:         0.000e+00
  [SchwarzPrecond] Apply inverses:           0.279229        
  [SchwarzPrecond] Compute inverses:         0.176877        
  [SchwarzPrecond] Copy Locally Owned:       0.026769        
  [SchwarzPrecond] Step:                     0.279349        
  Vertex patch gathering                     0.0151256        
  Vertex patch coloring (user_avoidrace)     0.134203        
  Submit vertex patches                      0.00201836        
  //////////////////////////////             //////////////////////////////        
  Poisson run cycle:                         7        

  Domain:                                    (0, 1) x (0, 1)        
  Root mesh:                                 2 x 2        
  Number of root cells:                      4        
  Number of active cells:                    262144        
  Finite element:                            FE_DGQ<2>(2)        
  Number of run cycles:                      15        
  Lower dof limit:                           100000        
  Upper dof limit:                           100000000        
  Using TBB:                                 true     

  Geometry:                                  Cube        
  Number of refinements:                     1        
  Number of repetitions:                     2        
  Subdivisions per direction:                []        
  Distortion factor:                         -1.000e+00

  Solver:                                    gmres        
  Absolute tolerance:                        1.000e-14    
  Relative tolerance:                        1.000e-08    
  Number of maximal iterations:              100        
  Preconditioner:                            GMG        
  Use as right preconditioner?               false    

  Multigrid:                                 V-cycle        
  /// Pre-smoother                                   
  Number of smoothing steps:                 1        
  Doubling of smoothing steps:               false    
  Smoother:                                  Schwarz Smoother        
  Schwarz operator                           Additive Vertex Patch        
  Damping factor                             1        
  Patch-local damping factor                 1        
  User-defined coloring                      true     
  Symmetrized Schwarz operator               false    
  Reversed Schwarz operator                  false    
  RAS - weights                              true     
  RAS - boolean weights                      false    
  Number of quad points (surrogate)          3        
  Normalize surrogate patches                false    
  Compute arc length (surrogate)             true     
  Caching strategy                           cached        
  /// Post-smoother                                  
  Number of smoothing steps:                 1        
  Doubling of smoothing steps:               false    
  Smoother:                                  Schwarz Smoother        
  Schwarz operator                           Additive Vertex Patch        
  Damping factor                             1        
  Patch-local damping factor                 1        
  User-defined coloring                      true     
  Symmetrized Schwarz operator               false    
  Reversed Schwarz operator                  false    
  RAS - weights                              true     
  RAS - boolean weights                      false    
  Number of quad points (surrogate)          3        
  Normalize surrogate patches                false    
  Compute arc length (surrogate)             true     
  Caching strategy                           cached        
  /// Coarse grid solver                             
  Coarse grid solver:                        Accurate Iterative Solver        
  Iterative solver:                          gmres        
  Accuracy:                                  1.000e-12    

  Average reduction (solver):                0.0410862        
  Number of iterations (solver):             5.77074        
  ||u - uh||_L2 =                            4.793e-09          
  [SchwarzPrecond] Update residuals:         0.000e+00
  [SchwarzPrecond] Apply inverses:           1.35973        
  [SchwarzPrecond] Compute inverses:         0.62264        
  [SchwarzPrecond] Copy Locally Owned:       0.273699        
  [SchwarzPrecond] Step:                     1.3599        
  Vertex patch gathering                     0.0408451        
  Vertex patch coloring (user_avoidrace)     0.115019        
  Submit vertex patches                      0.00627496        
  //////////////////////////////             //////////////////////////////        
  Poisson run cycle:                         8        

  Domain:                                    (0, 1) x (0, 1)        
  Root mesh:                                 2 x 2        
  Number of root cells:                      4        
  Number of active cells:                    1048576        
  Finite element:                            FE_DGQ<2>(2)        
  Number of run cycles:                      15        
  Lower dof limit:                           100000        
  Upper dof limit:                           100000000        
  Using TBB:                                 true     

  Geometry:                                  Cube        
  Number of refinements:                     1        
  Number of repetitions:                     2        
  Subdivisions per direction:                []        
  Distortion factor:                         -1.000e+00

  Solver:                                    gmres        
  Absolute tolerance:                        1.000e-14    
  Relative tolerance:                        1.000e-08    
  Number of maximal iterations:              100        
  Preconditioner:                            GMG        
  Use as right preconditioner?               false    

  Multigrid:                                 V-cycle        
  /// Pre-smoother                                   
  Number of smoothing steps:                 1        
  Doubling of smoothing steps:               false    
  Smoother:                                  Schwarz Smoother        
  Schwarz operator                           Additive Vertex Patch        
  Damping factor                             1        
  Patch-local damping factor                 1        
  User-defined coloring                      true     
  Symmetrized Schwarz operator               false    
  Reversed Schwarz operator                  false    
  RAS - weights                              true     
  RAS - boolean weights                      false    
  Number of quad points (surrogate)          3        
  Normalize surrogate patches                false    
  Compute arc length (surrogate)             true     
  Caching strategy                           cached        
  /// Post-smoother                                  
  Number of smoothing steps:                 1        
  Doubling of smoothing steps:               false    
  Smoother:                                  Schwarz Smoother        
  Schwarz operator                           Additive Vertex Patch        
  Damping factor                             1        
  Patch-local damping factor                 1        
  User-defined coloring                      true     
  Symmetrized Schwarz operator               false    
  Reversed Schwarz operator                  false    
  RAS - weights                              true     
  RAS - boolean weights                      false    
  Number of quad points (surrogate)          3        
  Normalize surrogate patches                false    
  Compute arc length (surrogate)             true     
  Caching strategy                           cached        
  /// Coarse grid solver                             
  Coarse grid solver:                        Accurate Iterative Solver        
  Iterative solver:                          gmres        
  Accuracy:                                  1.000e-12    

  Average reduction (solver):                0.0380772        
  Number of iterations (solver):             5.63644        
  ||u - uh||_L2 =                            2.817e-09          
  [SchwarzPrecond] Update residuals:         0.000e+00
  [SchwarzPrecond] Apply inverses:           6.04842        
  [SchwarzPrecond] Compute inverses:         2.44422        
  [SchwarzPrecond] Copy Locally Owned:       1.20702        
  [SchwarzPrecond] Step:                     6.04874        
  Vertex patch gathering                     0.246352        
  Vertex patch coloring (user_avoidrace)     0.623415        
  Submit vertex patches                      0.104884        
  //////////////////////////////             //////////////////////////////        
  Poisson run cycle:                         9        

  Domain:                                    (0, 1) x (0, 1)        
  Root mesh:                                 2 x 2        
  Number of root cells:                      4        
  Number of active cells:                    4194304        
  Finite element:                            FE_DGQ<2>(2)        
  Number of run cycles:                      15        
  Lower dof limit:                           100000        
  Upper dof limit:                           100000000        
  Using TBB:                                 true     

  Geometry:                                  Cube        
  Number of refinements:                     1        
  Number of repetitions:                     2        
  Subdivisions per direction:                []        
  Distortion factor:                         -1.000e+00

  Solver:                                    gmres        
  Absolute tolerance:                        1.000e-14    
  Relative tolerance:                        1.000e-08    
  Number of maximal iterations:              100        
  Preconditioner:                            GMG        
  Use as right preconditioner?               false    

  Multigrid:                                 V-cycle        
  /// Pre-smoother                                   
  Number of smoothing steps:                 1        
  Doubling of smoothing steps:               false    
  Smoother:                                  Schwarz Smoother        
  Schwarz operator                           Additive Vertex Patch        
  Damping factor                             1        
  Patch-local damping factor                 1        
  User-defined coloring                      true     
  Symmetrized Schwarz operator               false    
  Reversed Schwarz operator                  false    
  RAS - weights                              true     
  RAS - boolean weights                      false    
  Number of quad points (surrogate)          3        
  Normalize surrogate patches                false    
  Compute arc length (surrogate)             true     
  Caching strategy                           cached        
  /// Post-smoother                                  
  Number of smoothing steps:                 1        
  Doubling of smoothing steps:               false    
  Smoother:                                  Schwarz Smoother        
  Schwarz operator                           Additive Vertex Patch        
  Damping factor                             1        
  Patch-local damping factor                 1        
  User-defined coloring                      true     
  Symmetrized Schwarz operator               false    
  Reversed Schwarz operator                  false    
  RAS - weights                              true     
  RAS - boolean weights                      false    
  Number of quad points (surrogate)          3        
  Normalize surrogate patches                false    
  Compute arc length (surrogate)             true     
  Caching strategy                           cached        
  /// Coarse grid solver                             
  Coarse grid solver:                        Accurate Iterative Solver        
  Iterative solver:                          gmres        
  Accuracy:                                  1.000e-12    

  Average reduction (solver):                0.0359359        
  Number of iterations (solver):             5.53836        
  ||u - uh||_L2 =                            2.089e-09          
  [SchwarzPrecond] Update residuals:         0.000e+00
  [SchwarzPrecond] Apply inverses:           23.3136        
  [SchwarzPrecond] Compute inverses:         8.31561        
  [SchwarzPrecond] Copy Locally Owned:       5.35312        
  [SchwarzPrecond] Step:                     23.3138        
  Vertex patch gathering                     0.920863        
  Vertex patch coloring (user_avoidrace)     2.56077        
  Submit vertex patches                      0.318354        
  //////////////////////////////             //////////////////////////////        
  Poisson run cycle:                         10        

  //////////////////////////////             //////////////////////////////        
  Poisson run cycle:                         11        

  //////////////////////////////             //////////////////////////////        
  Poisson run cycle:                         12        

  //////////////////////////////             //////////////////////////////        
  Poisson run cycle:                         13        

  //////////////////////////////             //////////////////////////////        
  Poisson run cycle:                         14        



+---------------------------------------------+------------+------------+
| Total wallclock time elapsed since start    |      67.1s |            |
|                                             |            |            |
| Section                         | no. calls |  wall time | % of total |
+---------------------------------+-----------+------------+------------+
| Compute discretization errors   |         5 |      2.33s |       3.5% |
| Create triangulation            |        15 |      5.76s |       8.6% |
| Distribute dofs                 |         5 |      1.48s |       2.2% |
| Setup MG preconditioner         |         5 |        20s |        30% |
| Setup linear system             |         5 |      1.86s |       2.8% |
| Solve                           |         5 |      35.6s |        53% |
+---------------------------------+-----------+------------+------------+

!TABLEPP
n_levels n_cells  n_dofs  n_colors n_iter reduction      L2_error       
       7   16384   147456        4 6.2350 5.211e-02 1.492e-07    -    - 
       8   65536   589824        4 5.9390 4.498e-02 1.996e-08 7.47 2.90 
       9  262144  2359296        4 5.7707 4.109e-02 4.793e-09 4.16 2.06 
      10 1048576  9437184        4 5.6364 3.808e-02 2.817e-09 1.70 0.77 
      11 4194304 37748736        4 5.5384 3.594e-02 2.089e-09 1.35 0.43 
TABLE!PP
