  Git - deal.II version:                     0a611000a0        
  Git - deal.II branch:                      rt_matrixfree        
  Git - TPSS version:                        6f5fedb        
  Git - TPSS branch:                         RAS        
  Date:                                      2020/11/26        
  Number of MPI processes:                   40        
  Number of threads per MPI proc:            4        
  Vectorization level:                       SSE2        
  Size of global_dof_index (bits):           64        

  n_refinements (initial):                   1        
  n_repetitions (initial):                   2        
  gmres solver reduction:                    1.000e-08    

  //////////////////////////////             //////////////////////////////        
  Poisson run cycle:                         0        

  //////////////////////////////             //////////////////////////////        
  Poisson run cycle:                         1        

  //////////////////////////////             //////////////////////////////        
  Poisson run cycle:                         2        

  //////////////////////////////             //////////////////////////////        
  Poisson run cycle:                         3        

  //////////////////////////////             //////////////////////////////        
  Poisson run cycle:                         4        

  //////////////////////////////             //////////////////////////////        
  Poisson run cycle:                         5        

  Domain:                                    (0, 1) x (0, 1)        
  Root mesh:                                 2 x 2        
  Number of root cells:                      4        
  Number of active cells:                    16384        
  Finite element:                            FE_DGQ<2>(3)        
  Number of run cycles:                      15        
  Lower dof limit:                           100000        
  Upper dof limit:                           100000000        
  Using TBB:                                 true     

  Geometry:                                  Cube        
  Number of refinements:                     1        
  Number of repetitions:                     2        
  Subdivisions per direction:                []        
  Distortion factor:                         -1.000e+00

  Solver:                                    gmres        
  Absolute tolerance:                        1.000e-14    
  Relative tolerance:                        1.000e-08    
  Number of maximal iterations:              100        
  Preconditioner:                            GMG        
  Use as right preconditioner?               false    

  Multigrid:                                 V-cycle        
  /// Pre-smoother                                   
  Number of smoothing steps:                 1        
  Doubling of smoothing steps:               false    
  Smoother:                                  Schwarz Smoother        
  Schwarz operator                           Additive Vertex Patch        
  Damping factor                             0.25        
  Patch-local damping factor                 1        
  User-defined coloring                      true     
  Symmetrized Schwarz operator               false    
  Reversed Schwarz operator                  false    
  RAS - weights                              false    
  RAS - boolean weights                      false    
  Number of quad points (surrogate)          4        
  Normalize surrogate patches                false    
  Compute arc length (surrogate)             true     
  Caching strategy                           cached        
  /// Post-smoother                                  
  Number of smoothing steps:                 1        
  Doubling of smoothing steps:               false    
  Smoother:                                  Schwarz Smoother        
  Schwarz operator                           Additive Vertex Patch        
  Damping factor                             0.25        
  Patch-local damping factor                 1        
  User-defined coloring                      true     
  Symmetrized Schwarz operator               false    
  Reversed Schwarz operator                  false    
  RAS - weights                              false    
  RAS - boolean weights                      false    
  Number of quad points (surrogate)          4        
  Normalize surrogate patches                false    
  Compute arc length (surrogate)             true     
  Caching strategy                           cached        
  /// Coarse grid solver                             
  Coarse grid solver:                        Accurate Iterative Solver        
  Iterative solver:                          gmres        
  Accuracy:                                  1.000e-12    

  Average reduction (solver):                0.324858        
  Number of iterations (solver):             16.3832        
  ||u - uh||_L2 =                            4.898e-09          
  [SchwarzPrecond] Update residuals:         0.000e+00
  [SchwarzPrecond] Apply inverses:           1.36816        
  [SchwarzPrecond] Compute inverses:         0.0609098        
  [SchwarzPrecond] Copy Locally Owned:       0.120048        
  [SchwarzPrecond] Step:                     1.36859        
  Vertex patch gathering                     0.00441731        
  Vertex patch coloring (user_avoidrace)     0.131968        
  Submit vertex patches                      0.00132168        
  //////////////////////////////             //////////////////////////////        
  Poisson run cycle:                         6        

  Domain:                                    (0, 1) x (0, 1)        
  Root mesh:                                 2 x 2        
  Number of root cells:                      4        
  Number of active cells:                    65536        
  Finite element:                            FE_DGQ<2>(3)        
  Number of run cycles:                      15        
  Lower dof limit:                           100000        
  Upper dof limit:                           100000000        
  Using TBB:                                 true     

  Geometry:                                  Cube        
  Number of refinements:                     1        
  Number of repetitions:                     2        
  Subdivisions per direction:                []        
  Distortion factor:                         -1.000e+00

  Solver:                                    gmres        
  Absolute tolerance:                        1.000e-14    
  Relative tolerance:                        1.000e-08    
  Number of maximal iterations:              100        
  Preconditioner:                            GMG        
  Use as right preconditioner?               false    

  Multigrid:                                 V-cycle        
  /// Pre-smoother                                   
  Number of smoothing steps:                 1        
  Doubling of smoothing steps:               false    
  Smoother:                                  Schwarz Smoother        
  Schwarz operator                           Additive Vertex Patch        
  Damping factor                             0.25        
  Patch-local damping factor                 1        
  User-defined coloring                      true     
  Symmetrized Schwarz operator               false    
  Reversed Schwarz operator                  false    
  RAS - weights                              false    
  RAS - boolean weights                      false    
  Number of quad points (surrogate)          4        
  Normalize surrogate patches                false    
  Compute arc length (surrogate)             true     
  Caching strategy                           cached        
  /// Post-smoother                                  
  Number of smoothing steps:                 1        
  Doubling of smoothing steps:               false    
  Smoother:                                  Schwarz Smoother        
  Schwarz operator                           Additive Vertex Patch        
  Damping factor                             0.25        
  Patch-local damping factor                 1        
  User-defined coloring                      true     
  Symmetrized Schwarz operator               false    
  Reversed Schwarz operator                  false    
  RAS - weights                              false    
  RAS - boolean weights                      false    
  Number of quad points (surrogate)          4        
  Normalize surrogate patches                false    
  Compute arc length (surrogate)             true     
  Caching strategy                           cached        
  /// Coarse grid solver                             
  Coarse grid solver:                        Accurate Iterative Solver        
  Iterative solver:                          gmres        
  Accuracy:                                  1.000e-12    

  Average reduction (solver):                0.323414        
  Number of iterations (solver):             16.3185        
  ||u - uh||_L2 =                            3.538e-09          
  [SchwarzPrecond] Update residuals:         0.000e+00
  [SchwarzPrecond] Apply inverses:           3.34432        
  [SchwarzPrecond] Compute inverses:         0.215861        
  [SchwarzPrecond] Copy Locally Owned:       0.823021        
  [SchwarzPrecond] Step:                     3.34498        
  Vertex patch gathering                     0.0647697        
  Vertex patch coloring (user_avoidrace)     0.413641        
  Submit vertex patches                      0.00248951        
  //////////////////////////////             //////////////////////////////        
  Poisson run cycle:                         7        

  Domain:                                    (0, 1) x (0, 1)        
  Root mesh:                                 2 x 2        
  Number of root cells:                      4        
  Number of active cells:                    262144        
  Finite element:                            FE_DGQ<2>(3)        
  Number of run cycles:                      15        
  Lower dof limit:                           100000        
  Upper dof limit:                           100000000        
  Using TBB:                                 true     

  Geometry:                                  Cube        
  Number of refinements:                     1        
  Number of repetitions:                     2        
  Subdivisions per direction:                []        
  Distortion factor:                         -1.000e+00

  Solver:                                    gmres        
  Absolute tolerance:                        1.000e-14    
  Relative tolerance:                        1.000e-08    
  Number of maximal iterations:              100        
  Preconditioner:                            GMG        
  Use as right preconditioner?               false    

  Multigrid:                                 V-cycle        
  /// Pre-smoother                                   
  Number of smoothing steps:                 1        
  Doubling of smoothing steps:               false    
  Smoother:                                  Schwarz Smoother        
  Schwarz operator                           Additive Vertex Patch        
  Damping factor                             0.25        
  Patch-local damping factor                 1        
  User-defined coloring                      true     
  Symmetrized Schwarz operator               false    
  Reversed Schwarz operator                  false    
  RAS - weights                              false    
  RAS - boolean weights                      false    
  Number of quad points (surrogate)          4        
  Normalize surrogate patches                false    
  Compute arc length (surrogate)             true     
  Caching strategy                           cached        
  /// Post-smoother                                  
  Number of smoothing steps:                 1        
  Doubling of smoothing steps:               false    
  Smoother:                                  Schwarz Smoother        
  Schwarz operator                           Additive Vertex Patch        
  Damping factor                             0.25        
  Patch-local damping factor                 1        
  User-defined coloring                      true     
  Symmetrized Schwarz operator               false    
  Reversed Schwarz operator                  false    
  RAS - weights                              false    
  RAS - boolean weights                      false    
  Number of quad points (surrogate)          4        
  Normalize surrogate patches                false    
  Compute arc length (surrogate)             true     
  Caching strategy                           cached        
  /// Coarse grid solver                             
  Coarse grid solver:                        Accurate Iterative Solver        
  Iterative solver:                          gmres        
  Accuracy:                                  1.000e-12    

  Average reduction (solver):                0.31846        
  Number of iterations (solver):             16.0984        
  ||u - uh||_L2 =                            2.778e-09          
  [SchwarzPrecond] Update residuals:         0.000e+00
  [SchwarzPrecond] Apply inverses:           11.0909        
  [SchwarzPrecond] Compute inverses:         0.857607        
  [SchwarzPrecond] Copy Locally Owned:       1.85136        
  [SchwarzPrecond] Step:                     11.0914        
  Vertex patch gathering                     0.511254        
  Vertex patch coloring (user_avoidrace)     0.792874        
  Submit vertex patches                      0.0381547        
  //////////////////////////////             //////////////////////////////        
  Poisson run cycle:                         8        

  Domain:                                    (0, 1) x (0, 1)        
  Root mesh:                                 2 x 2        
  Number of root cells:                      4        
  Number of active cells:                    1048576        
  Finite element:                            FE_DGQ<2>(3)        
  Number of run cycles:                      15        
  Lower dof limit:                           100000        
  Upper dof limit:                           100000000        
  Using TBB:                                 true     

  Geometry:                                  Cube        
  Number of refinements:                     1        
  Number of repetitions:                     2        
  Subdivisions per direction:                []        
  Distortion factor:                         -1.000e+00

  Solver:                                    gmres        
  Absolute tolerance:                        1.000e-14    
  Relative tolerance:                        1.000e-08    
  Number of maximal iterations:              100        
  Preconditioner:                            GMG        
  Use as right preconditioner?               false    

  Multigrid:                                 V-cycle        
  /// Pre-smoother                                   
  Number of smoothing steps:                 1        
  Doubling of smoothing steps:               false    
  Smoother:                                  Schwarz Smoother        
  Schwarz operator                           Additive Vertex Patch        
  Damping factor                             0.25        
  Patch-local damping factor                 1        
  User-defined coloring                      true     
  Symmetrized Schwarz operator               false    
  Reversed Schwarz operator                  false    
  RAS - weights                              false    
  RAS - boolean weights                      false    
  Number of quad points (surrogate)          4        
  Normalize surrogate patches                false    
  Compute arc length (surrogate)             true     
  Caching strategy                           cached        
  /// Post-smoother                                  
  Number of smoothing steps:                 1        
  Doubling of smoothing steps:               false    
  Smoother:                                  Schwarz Smoother        
  Schwarz operator                           Additive Vertex Patch        
  Damping factor                             0.25        
  Patch-local damping factor                 1        
  User-defined coloring                      true     
  Symmetrized Schwarz operator               false    
  Reversed Schwarz operator                  false    
  RAS - weights                              false    
  RAS - boolean weights                      false    
  Number of quad points (surrogate)          4        
  Normalize surrogate patches                false    
  Compute arc length (surrogate)             true     
  Caching strategy                           cached        
  /// Coarse grid solver                             
  Coarse grid solver:                        Accurate Iterative Solver        
  Iterative solver:                          gmres        
  Accuracy:                                  1.000e-12    

  Average reduction (solver):                0.31757        
  Number of iterations (solver):             16.0591        
  ||u - uh||_L2 =                            3.786e-09          
  [SchwarzPrecond] Update residuals:         0.000e+00
  [SchwarzPrecond] Apply inverses:           38.9738        
  [SchwarzPrecond] Compute inverses:         3.12777        
  [SchwarzPrecond] Copy Locally Owned:       7.16465        
  [SchwarzPrecond] Step:                     38.9744        
  Vertex patch gathering                     0.219989        
  Vertex patch coloring (user_avoidrace)     3.07233        
  Submit vertex patches                      0.99089        
  //////////////////////////////             //////////////////////////////        
  Poisson run cycle:                         9        

  Domain:                                    (0, 1) x (0, 1)        
  Root mesh:                                 2 x 2        
  Number of root cells:                      4        
  Number of active cells:                    4194304        
  Finite element:                            FE_DGQ<2>(3)        
  Number of run cycles:                      15        
  Lower dof limit:                           100000        
  Upper dof limit:                           100000000        
  Using TBB:                                 true     

  Geometry:                                  Cube        
  Number of refinements:                     1        
  Number of repetitions:                     2        
  Subdivisions per direction:                []        
  Distortion factor:                         -1.000e+00

  Solver:                                    gmres        
  Absolute tolerance:                        1.000e-14    
  Relative tolerance:                        1.000e-08    
  Number of maximal iterations:              100        
  Preconditioner:                            GMG        
  Use as right preconditioner?               false    

  Multigrid:                                 V-cycle        
  /// Pre-smoother                                   
  Number of smoothing steps:                 1        
  Doubling of smoothing steps:               false    
  Smoother:                                  Schwarz Smoother        
  Schwarz operator                           Additive Vertex Patch        
  Damping factor                             0.25        
  Patch-local damping factor                 1        
  User-defined coloring                      true     
  Symmetrized Schwarz operator               false    
  Reversed Schwarz operator                  false    
  RAS - weights                              false    
  RAS - boolean weights                      false    
  Number of quad points (surrogate)          4        
  Normalize surrogate patches                false    
  Compute arc length (surrogate)             true     
  Caching strategy                           cached        
  /// Post-smoother                                  
  Number of smoothing steps:                 1        
  Doubling of smoothing steps:               false    
  Smoother:                                  Schwarz Smoother        
  Schwarz operator                           Additive Vertex Patch        
  Damping factor                             0.25        
  Patch-local damping factor                 1        
  User-defined coloring                      true     
  Symmetrized Schwarz operator               false    
  Reversed Schwarz operator                  false    
  RAS - weights                              false    
  RAS - boolean weights                      false    
  Number of quad points (surrogate)          4        
  Normalize surrogate patches                false    
  Compute arc length (surrogate)             true     
  Caching strategy                           cached        
  /// Coarse grid solver                             
  Coarse grid solver:                        Accurate Iterative Solver        
  Iterative solver:                          gmres        
  Accuracy:                                  1.000e-12    

  Average reduction (solver):                0.314353        
  Number of iterations (solver):             15.9178        
  ||u - uh||_L2 =                            8.278e-09         
  [SchwarzPrecond] Update residuals:         0.000e+00
  [SchwarzPrecond] Apply inverses:           97.1453        
  [SchwarzPrecond] Compute inverses:         13.7479        
  [SchwarzPrecond] Copy Locally Owned:       23.3485        
  [SchwarzPrecond] Step:                     97.1459        
  Vertex patch gathering                     1.06468        
  Vertex patch coloring (user_avoidrace)     2.83688        
  Submit vertex patches                      0.568143        
  //////////////////////////////             //////////////////////////////        
  Poisson run cycle:                         10        

  //////////////////////////////             //////////////////////////////        
  Poisson run cycle:                         11        

  //////////////////////////////             //////////////////////////////        
  Poisson run cycle:                         12        

  //////////////////////////////             //////////////////////////////        
  Poisson run cycle:                         13        

  //////////////////////////////             //////////////////////////////        
  Poisson run cycle:                         14        



+---------------------------------------------+------------+------------+
| Total wallclock time elapsed since start    |       246s |            |
|                                             |            |            |
| Section                         | no. calls |  wall time | % of total |
+---------------------------------+-----------+------------+------------+
| Compute discretization errors   |         5 |      3.68s |       1.5% |
| Create triangulation            |        15 |      12.5s |       5.1% |
| Distribute dofs                 |         5 |      2.06s |      0.83% |
| Setup MG preconditioner         |         5 |      31.4s |        13% |
| Setup linear system             |         5 |      2.28s |      0.92% |
| Solve                           |         5 |       194s |        79% |
+---------------------------------+-----------+------------+------------+

!TABLEPP
n_levels n_cells  n_dofs  n_colors n_iter  reduction       L2_error       
       7   16384   262144        4 16.3832 3.249e-01 4.898e-09    -     - 
       8   65536  1048576        4 16.3185 3.234e-01 3.538e-09 1.38  0.47 
       9  262144  4194304        4 16.0984 3.185e-01 2.778e-09 1.27  0.35 
      10 1048576 16777216        4 16.0591 3.176e-01 3.786e-09 0.73 -0.45 
      11 4194304 67108864        4 15.9178 3.144e-01 8.278e-09 0.46 -1.13 
TABLE!PP
