  Git - deal.II version:                     3ff8e288d2        
  Git - deal.II branch:                      master        
  Git - TPSS version:                        8fddea4        
  Git - TPSS branch:                         master        
  Date:                                      2020/2/27        
  Number of MPI processes:                   64        
  Vectorization level:                       AVX        
  Size of global_dof_index (bits):           64        

  n_refinements (initial):                   1        
  n_repetitions (initial):                   2        
  cg solver reduction:                       1.000e-08    

  //////////////////////////////             //////////////////////////////        
  Poisson run cycle:                         0        

  //////////////////////////////             //////////////////////////////        
  Poisson run cycle:                         1        

  Domain:                                    (0, 1) x (0, 1) x (0, 1)        
  Root mesh:                                 2 x 2 x 2        
  Number of root cells:                      8        
  Number of active cells:                    512        
  Finite element:                            FE_DGQ<3>(5)        
  Number of run cycles:                      14        

  Geometry:                                  Cube        
  Number of refinements:                     1        
  Number of repetitions:                     2        
  Subdivisions per direction:                []        
  Distortion factor:                         -1.000e+00

  Solver:                                    cg        
  Absolute tolerance:                        1.000e-14    
  Relative tolerance:                        1.000e-08    
  Number of maximal iterations:              100        
  Preconditioner:                            GMG        

  Multigrid:                                 V-cycle        
  /// Pre-smoother                                   
  Number of smoothing steps:                 1        
  Smoother:                                  Schwarz Smoother        
  Schwarz operator                           Additive Cell-Based        
  Number of smoothing steps                  1        
  Damping factor                             0.7        
  Patch-local damping factor                 1        
  Manual coloring                            true     
  Symmetrized Schwarz operator               false    
  Reversed Schwarz operator                  false    
  Number of quad points (surrogate)          5        
  Normalize surrogate patches                false    
  Compute arc length (surrogate)             true     
  Caching strategy                           cached        
  /// Post-smoother                                  
  Number of smoothing steps:                 1        
  Smoother:                                  Schwarz Smoother        
  Schwarz operator                           Additive Cell-Based        
  Number of smoothing steps                  1        
  Damping factor                             0.7        
  Patch-local damping factor                 1        
  Manual coloring                            true     
  Symmetrized Schwarz operator               false    
  Reversed Schwarz operator                  true     
  Number of quad points (surrogate)          5        
  Normalize surrogate patches                false    
  Compute arc length (surrogate)             true     
  Caching strategy                           cached        
  /// Coarse grid solver                             
  Coarse grid solver:                        Accurate Iterative Solver        
  Iterative solver:                          cg        
  Accuracy:                                  1.000e-12    

  Average reduction (solver):                0.400591        
  Number of iterations (solver):             20.136        
  ||u - uh||_L2 =                            1.136e-07          
  [SchwarzPrecond] Update residuals:         0.000e+00
  [SchwarzPrecond] Apply inverses:           0.00526042        
  [SchwarzPrecond] Compute inverses:         8.927e-04          
  [SchwarzPrecond] Copy Locally Owned:       2.248e-04          
  [SchwarzPrecond] Step:                     0.00538767        
  Cell-based gathering                       1.741e-05        
  Cell-based coloring                        3.464e-06        
  Submit cell-based patches                  8.908e-06        
  //////////////////////////////             //////////////////////////////        
  Poisson run cycle:                         2        

  Domain:                                    (0, 1) x (0, 1) x (0, 1)        
  Root mesh:                                 2 x 2 x 2        
  Number of root cells:                      8        
  Number of active cells:                    4096        
  Finite element:                            FE_DGQ<3>(5)        
  Number of run cycles:                      14        

  Geometry:                                  Cube        
  Number of refinements:                     1        
  Number of repetitions:                     2        
  Subdivisions per direction:                []        
  Distortion factor:                         -1.000e+00

  Solver:                                    cg        
  Absolute tolerance:                        1.000e-14    
  Relative tolerance:                        1.000e-08    
  Number of maximal iterations:              100        
  Preconditioner:                            GMG        

  Multigrid:                                 V-cycle        
  /// Pre-smoother                                   
  Number of smoothing steps:                 1        
  Smoother:                                  Schwarz Smoother        
  Schwarz operator                           Additive Cell-Based        
  Number of smoothing steps                  1        
  Damping factor                             0.7        
  Patch-local damping factor                 1        
  Manual coloring                            true     
  Symmetrized Schwarz operator               false    
  Reversed Schwarz operator                  false    
  Number of quad points (surrogate)          5        
  Normalize surrogate patches                false    
  Compute arc length (surrogate)             true     
  Caching strategy                           cached        
  /// Post-smoother                                  
  Number of smoothing steps:                 1        
  Smoother:                                  Schwarz Smoother        
  Schwarz operator                           Additive Cell-Based        
  Number of smoothing steps                  1        
  Damping factor                             0.7        
  Patch-local damping factor                 1        
  Manual coloring                            true     
  Symmetrized Schwarz operator               false    
  Reversed Schwarz operator                  true     
  Number of quad points (surrogate)          5        
  Normalize surrogate patches                false    
  Compute arc length (surrogate)             true     
  Caching strategy                           cached        
  /// Coarse grid solver                             
  Coarse grid solver:                        Accurate Iterative Solver        
  Iterative solver:                          cg        
  Accuracy:                                  1.000e-12    

  Average reduction (solver):                0.399575        
  Number of iterations (solver):             20.0802        
  ||u - uh||_L2 =                            3.342e-09          
  [SchwarzPrecond] Update residuals:         0.000e+00
  [SchwarzPrecond] Apply inverses:           0.0227905        
  [SchwarzPrecond] Compute inverses:         0.00646149        
  [SchwarzPrecond] Copy Locally Owned:       0.00219042        
  [SchwarzPrecond] Step:                     0.0229299        
  Cell-based gathering                       4.073e-05        
  Cell-based coloring                        5.132e-06        
  Submit cell-based patches                  1.840e-05         
  //////////////////////////////             //////////////////////////////        
  Poisson run cycle:                         3        

  Domain:                                    (0, 1) x (0, 1) x (0, 1)        
  Root mesh:                                 2 x 2 x 2        
  Number of root cells:                      8        
  Number of active cells:                    32768        
  Finite element:                            FE_DGQ<3>(5)        
  Number of run cycles:                      14        

  Geometry:                                  Cube        
  Number of refinements:                     1        
  Number of repetitions:                     2        
  Subdivisions per direction:                []        
  Distortion factor:                         -1.000e+00

  Solver:                                    cg        
  Absolute tolerance:                        1.000e-14    
  Relative tolerance:                        1.000e-08    
  Number of maximal iterations:              100        
  Preconditioner:                            GMG        

  Multigrid:                                 V-cycle        
  /// Pre-smoother                                   
  Number of smoothing steps:                 1        
  Smoother:                                  Schwarz Smoother        
  Schwarz operator                           Additive Cell-Based        
  Number of smoothing steps                  1        
  Damping factor                             0.7        
  Patch-local damping factor                 1        
  Manual coloring                            true     
  Symmetrized Schwarz operator               false    
  Reversed Schwarz operator                  false    
  Number of quad points (surrogate)          5        
  Normalize surrogate patches                false    
  Compute arc length (surrogate)             true     
  Caching strategy                           cached        
  /// Post-smoother                                  
  Number of smoothing steps:                 1        
  Smoother:                                  Schwarz Smoother        
  Schwarz operator                           Additive Cell-Based        
  Number of smoothing steps                  1        
  Damping factor                             0.7        
  Patch-local damping factor                 1        
  Manual coloring                            true     
  Symmetrized Schwarz operator               false    
  Reversed Schwarz operator                  true     
  Number of quad points (surrogate)          5        
  Normalize surrogate patches                false    
  Compute arc length (surrogate)             true     
  Caching strategy                           cached        
  /// Coarse grid solver                             
  Coarse grid solver:                        Accurate Iterative Solver        
  Iterative solver:                          cg        
  Accuracy:                                  1.000e-12    

  Average reduction (solver):                0.401862        
  Number of iterations (solver):             20.2059        
  ||u - uh||_L2 =                            3.539e-09          
  [SchwarzPrecond] Update residuals:         0.000e+00
  [SchwarzPrecond] Apply inverses:           0.138976        
  [SchwarzPrecond] Compute inverses:         0.0513083        
  [SchwarzPrecond] Copy Locally Owned:       0.0235157        
  [SchwarzPrecond] Step:                     0.139134        
  Cell-based gathering                       2.233e-04          
  Cell-based coloring                        3.449e-05         
  Submit cell-based patches                  1.317e-04          
  //////////////////////////////             //////////////////////////////        
  Poisson run cycle:                         4        

  Domain:                                    (0, 1) x (0, 1) x (0, 1)        
  Root mesh:                                 2 x 2 x 2        
  Number of root cells:                      8        
  Number of active cells:                    262144        
  Finite element:                            FE_DGQ<3>(5)        
  Number of run cycles:                      14        

  Geometry:                                  Cube        
  Number of refinements:                     1        
  Number of repetitions:                     2        
  Subdivisions per direction:                []        
  Distortion factor:                         -1.000e+00

  Solver:                                    cg        
  Absolute tolerance:                        1.000e-14    
  Relative tolerance:                        1.000e-08    
  Number of maximal iterations:              100        
  Preconditioner:                            GMG        

  Multigrid:                                 V-cycle        
  /// Pre-smoother                                   
  Number of smoothing steps:                 1        
  Smoother:                                  Schwarz Smoother        
  Schwarz operator                           Additive Cell-Based        
  Number of smoothing steps                  1        
  Damping factor                             0.7        
  Patch-local damping factor                 1        
  Manual coloring                            true     
  Symmetrized Schwarz operator               false    
  Reversed Schwarz operator                  false    
  Number of quad points (surrogate)          5        
  Normalize surrogate patches                false    
  Compute arc length (surrogate)             true     
  Caching strategy                           cached        
  /// Post-smoother                                  
  Number of smoothing steps:                 1        
  Smoother:                                  Schwarz Smoother        
  Schwarz operator                           Additive Cell-Based        
  Number of smoothing steps                  1        
  Damping factor                             0.7        
  Patch-local damping factor                 1        
  Manual coloring                            true     
  Symmetrized Schwarz operator               false    
  Reversed Schwarz operator                  true     
  Number of quad points (surrogate)          5        
  Normalize surrogate patches                false    
  Compute arc length (surrogate)             true     
  Caching strategy                           cached        
  /// Coarse grid solver                             
  Coarse grid solver:                        Accurate Iterative Solver        
  Iterative solver:                          cg        
  Accuracy:                                  1.000e-12    

  Average reduction (solver):                0.402134        
  Number of iterations (solver):             20.221        
  ||u - uh||_L2 =                            3.761e-09          
  [SchwarzPrecond] Update residuals:         0.000e+00
  [SchwarzPrecond] Apply inverses:           1.56293        
  [SchwarzPrecond] Compute inverses:         0.413962        
  [SchwarzPrecond] Copy Locally Owned:       0.259245        
  [SchwarzPrecond] Step:                     1.56312        
  Cell-based gathering                       0.00172126        
  Cell-based coloring                        1.510e-04          
  Submit cell-based patches                  7.138e-04          
  //////////////////////////////             //////////////////////////////        
  Poisson run cycle:                         5        

  Domain:                                    (0, 1) x (0, 1) x (0, 1)        
  Root mesh:                                 2 x 2 x 2        
  Number of root cells:                      8        
  Number of active cells:                    2097152        
  Finite element:                            FE_DGQ<3>(5)        
  Number of run cycles:                      14        

  Geometry:                                  Cube        
  Number of refinements:                     1        
  Number of repetitions:                     2        
  Subdivisions per direction:                []        
  Distortion factor:                         -1.000e+00

  Solver:                                    cg        
  Absolute tolerance:                        1.000e-14    
  Relative tolerance:                        1.000e-08    
  Number of maximal iterations:              100        
  Preconditioner:                            GMG        

  Multigrid:                                 V-cycle        
  /// Pre-smoother                                   
  Number of smoothing steps:                 1        
  Smoother:                                  Schwarz Smoother        
  Schwarz operator                           Additive Cell-Based        
  Number of smoothing steps                  1        
  Damping factor                             0.7        
  Patch-local damping factor                 1        
  Manual coloring                            true     
  Symmetrized Schwarz operator               false    
  Reversed Schwarz operator                  false    
  Number of quad points (surrogate)          5        
  Normalize surrogate patches                false    
  Compute arc length (surrogate)             true     
  Caching strategy                           cached        
  /// Post-smoother                                  
  Number of smoothing steps:                 1        
  Smoother:                                  Schwarz Smoother        
  Schwarz operator                           Additive Cell-Based        
  Number of smoothing steps                  1        
  Damping factor                             0.7        
  Patch-local damping factor                 1        
  Manual coloring                            true     
  Symmetrized Schwarz operator               false    
  Reversed Schwarz operator                  true     
  Number of quad points (surrogate)          5        
  Normalize surrogate patches                false    
  Compute arc length (surrogate)             true     
  Caching strategy                           cached        
  /// Coarse grid solver                             
  Coarse grid solver:                        Accurate Iterative Solver        
  Iterative solver:                          cg        
  Accuracy:                                  1.000e-12    

  Average reduction (solver):                0.402157        
  Number of iterations (solver):             20.2222        
  ||u - uh||_L2 =                            3.902e-09         
  [SchwarzPrecond] Update residuals:         0.000e+00
  [SchwarzPrecond] Apply inverses:           69.7075        
  [SchwarzPrecond] Compute inverses:         3.49853        
  [SchwarzPrecond] Copy Locally Owned:       15.4824        
  [SchwarzPrecond] Step:                     69.7077        
  Cell-based gathering                       0.0151336        
  Cell-based coloring                        6.017e-04         
  Submit cell-based patches                  0.00946067        
  //////////////////////////////             //////////////////////////////        
  Poisson run cycle:                         6        

  //////////////////////////////             //////////////////////////////        
  Poisson run cycle:                         7        

  //////////////////////////////             //////////////////////////////        
  Poisson run cycle:                         8        

  //////////////////////////////             //////////////////////////////        
  Poisson run cycle:                         9        

  //////////////////////////////             //////////////////////////////        
  Poisson run cycle:                         10        

  //////////////////////////////             //////////////////////////////        
  Poisson run cycle:                         11        

  //////////////////////////////             //////////////////////////////        
  Poisson run cycle:                         12        

  //////////////////////////////             //////////////////////////////        
  Poisson run cycle:                         13        



+---------------------------------------------+------------+------------+
| Total wallclock time elapsed since start    |       245s |            |
|                                             |            |            |
| Section                         | no. calls |  wall time | % of total |
+---------------------------------+-----------+------------+------------+
| Compute discretization errors   |         5 |      1.04s |      0.42% |
| Create triangulation            |        14 |      1.01s |      0.41% |
| Distribute dofs                 |         5 |      1.52s |      0.62% |
| Setup MG preconditioner         |         5 |      30.4s |        12% |
| Setup linear system             |         5 |      22.9s |       9.3% |
| Solve                           |         5 |       188s |        77% |
+---------------------------------+-----------+------------+------------+

!TABLEPP
n_levels n_cells  n_dofs   n_colors n_iter  reduction       L2_error        
       3     512    110592        1 20.1360 4.006e-01 1.136e-07     -     - 
       4    4096    884736        1 20.0802 3.996e-01 3.342e-09 33.99  5.09 
       5   32768   7077888        1 20.2059 4.019e-01 3.539e-09  0.94 -0.08 
       6  262144  56623104        1 20.2210 4.021e-01 3.761e-09  0.94 -0.09 
       7 2097152 452984832        1 20.2222 4.022e-01 3.902e-09  0.96 -0.05 
TABLE!PP
