  Git - deal.II version:                     3ff8e288d2        
  Git - deal.II branch:                      master        
  Git - TPSS version:                        8fddea4        
  Git - TPSS branch:                         master        
  Date:                                      2020/2/27        
  Number of MPI processes:                   64        
  Vectorization level:                       AVX        
  Size of global_dof_index (bits):           64        

  n_refinements (initial):                   1        
  n_repetitions (initial):                   2        
  cg solver reduction:                       1.000e-08    

  //////////////////////////////             //////////////////////////////        
  Poisson run cycle:                         0        

  //////////////////////////////             //////////////////////////////        
  Poisson run cycle:                         1        

  //////////////////////////////             //////////////////////////////        
  Poisson run cycle:                         2        

  Domain:                                    (0, 1) x (0, 1) x (0, 1)        
  Root mesh:                                 2 x 2 x 2        
  Number of root cells:                      8        
  Number of active cells:                    4096        
  Finite element:                            FE_DGQ<3>(4)        
  Number of run cycles:                      14        

  Geometry:                                  Cube        
  Number of refinements:                     1        
  Number of repetitions:                     2        
  Subdivisions per direction:                []        
  Distortion factor:                         -1.000e+00

  Solver:                                    cg        
  Absolute tolerance:                        1.000e-14    
  Relative tolerance:                        1.000e-08    
  Number of maximal iterations:              100        
  Preconditioner:                            GMG        

  Multigrid:                                 V-cycle        
  /// Pre-smoother                                   
  Number of smoothing steps:                 1        
  Smoother:                                  Schwarz Smoother        
  Schwarz operator                           Additive Cell-Based        
  Number of smoothing steps                  1        
  Damping factor                             0.7        
  Patch-local damping factor                 1        
  Manual coloring                            true     
  Symmetrized Schwarz operator               false    
  Reversed Schwarz operator                  false    
  Number of quad points (surrogate)          5        
  Normalize surrogate patches                false    
  Compute arc length (surrogate)             true     
  Caching strategy                           cached        
  /// Post-smoother                                  
  Number of smoothing steps:                 1        
  Smoother:                                  Schwarz Smoother        
  Schwarz operator                           Additive Cell-Based        
  Number of smoothing steps                  1        
  Damping factor                             0.7        
  Patch-local damping factor                 1        
  Manual coloring                            true     
  Symmetrized Schwarz operator               false    
  Reversed Schwarz operator                  true     
  Number of quad points (surrogate)          5        
  Normalize surrogate patches                false    
  Compute arc length (surrogate)             true     
  Caching strategy                           cached        
  /// Coarse grid solver                             
  Coarse grid solver:                        Accurate Iterative Solver        
  Iterative solver:                          cg        
  Accuracy:                                  1.000e-12    

  Average reduction (solver):                0.338166        
  Number of iterations (solver):             16.9898        
  ||u - uh||_L2 =                            3.605e-08          
  [SchwarzPrecond] Update residuals:         0.000e+00
  [SchwarzPrecond] Apply inverses:           0.0110389        
  [SchwarzPrecond] Compute inverses:         0.00523719        
  [SchwarzPrecond] Copy Locally Owned:       7.363e-04         
  [SchwarzPrecond] Step:                     0.0111446        
  Cell-based gathering                       4.197e-05         
  Cell-based coloring                        5.114e-06        
  Submit cell-based patches                  1.873e-05         
  //////////////////////////////             //////////////////////////////        
  Poisson run cycle:                         3        

  Domain:                                    (0, 1) x (0, 1) x (0, 1)        
  Root mesh:                                 2 x 2 x 2        
  Number of root cells:                      8        
  Number of active cells:                    32768        
  Finite element:                            FE_DGQ<3>(4)        
  Number of run cycles:                      14        

  Geometry:                                  Cube        
  Number of refinements:                     1        
  Number of repetitions:                     2        
  Subdivisions per direction:                []        
  Distortion factor:                         -1.000e+00

  Solver:                                    cg        
  Absolute tolerance:                        1.000e-14    
  Relative tolerance:                        1.000e-08    
  Number of maximal iterations:              100        
  Preconditioner:                            GMG        

  Multigrid:                                 V-cycle        
  /// Pre-smoother                                   
  Number of smoothing steps:                 1        
  Smoother:                                  Schwarz Smoother        
  Schwarz operator                           Additive Cell-Based        
  Number of smoothing steps                  1        
  Damping factor                             0.7        
  Patch-local damping factor                 1        
  Manual coloring                            true     
  Symmetrized Schwarz operator               false    
  Reversed Schwarz operator                  false    
  Number of quad points (surrogate)          5        
  Normalize surrogate patches                false    
  Compute arc length (surrogate)             true     
  Caching strategy                           cached        
  /// Post-smoother                                  
  Number of smoothing steps:                 1        
  Smoother:                                  Schwarz Smoother        
  Schwarz operator                           Additive Cell-Based        
  Number of smoothing steps                  1        
  Damping factor                             0.7        
  Patch-local damping factor                 1        
  Manual coloring                            true     
  Symmetrized Schwarz operator               false    
  Reversed Schwarz operator                  true     
  Number of quad points (surrogate)          5        
  Normalize surrogate patches                false    
  Compute arc length (surrogate)             true     
  Caching strategy                           cached        
  /// Coarse grid solver                             
  Coarse grid solver:                        Accurate Iterative Solver        
  Iterative solver:                          cg        
  Accuracy:                                  1.000e-12    

  Average reduction (solver):                0.342407        
  Number of iterations (solver):             17.1874        
  ||u - uh||_L2 =                            2.154e-09         
  [SchwarzPrecond] Update residuals:         0.000e+00
  [SchwarzPrecond] Apply inverses:           0.0660105        
  [SchwarzPrecond] Compute inverses:         0.0410735        
  [SchwarzPrecond] Copy Locally Owned:       0.00880566        
  [SchwarzPrecond] Step:                     0.0661555        
  Cell-based gathering                       2.256e-04         
  Cell-based coloring                        2.159e-05         
  Submit cell-based patches                  1.157e-04          
  //////////////////////////////             //////////////////////////////        
  Poisson run cycle:                         4        

  Domain:                                    (0, 1) x (0, 1) x (0, 1)        
  Root mesh:                                 2 x 2 x 2        
  Number of root cells:                      8        
  Number of active cells:                    262144        
  Finite element:                            FE_DGQ<3>(4)        
  Number of run cycles:                      14        

  Geometry:                                  Cube        
  Number of refinements:                     1        
  Number of repetitions:                     2        
  Subdivisions per direction:                []        
  Distortion factor:                         -1.000e+00

  Solver:                                    cg        
  Absolute tolerance:                        1.000e-14    
  Relative tolerance:                        1.000e-08    
  Number of maximal iterations:              100        
  Preconditioner:                            GMG        

  Multigrid:                                 V-cycle        
  /// Pre-smoother                                   
  Number of smoothing steps:                 1        
  Smoother:                                  Schwarz Smoother        
  Schwarz operator                           Additive Cell-Based        
  Number of smoothing steps                  1        
  Damping factor                             0.7        
  Patch-local damping factor                 1        
  Manual coloring                            true     
  Symmetrized Schwarz operator               false    
  Reversed Schwarz operator                  false    
  Number of quad points (surrogate)          5        
  Normalize surrogate patches                false    
  Compute arc length (surrogate)             true     
  Caching strategy                           cached        
  /// Post-smoother                                  
  Number of smoothing steps:                 1        
  Smoother:                                  Schwarz Smoother        
  Schwarz operator                           Additive Cell-Based        
  Number of smoothing steps                  1        
  Damping factor                             0.7        
  Patch-local damping factor                 1        
  Manual coloring                            true     
  Symmetrized Schwarz operator               false    
  Reversed Schwarz operator                  true     
  Number of quad points (surrogate)          5        
  Normalize surrogate patches                false    
  Compute arc length (surrogate)             true     
  Caching strategy                           cached        
  /// Coarse grid solver                             
  Coarse grid solver:                        Accurate Iterative Solver        
  Iterative solver:                          cg        
  Accuracy:                                  1.000e-12    

  Average reduction (solver):                0.342454        
  Number of iterations (solver):             17.1896        
  ||u - uh||_L2 =                            1.747e-09          
  [SchwarzPrecond] Update residuals:         0.000e+00
  [SchwarzPrecond] Apply inverses:           0.55274        
  [SchwarzPrecond] Compute inverses:         0.335862        
  [SchwarzPrecond] Copy Locally Owned:       0.132831        
  [SchwarzPrecond] Step:                     0.552889        
  Cell-based gathering                       0.00178172        
  Cell-based coloring                        1.614e-04          
  Submit cell-based patches                  7.379e-04          
  //////////////////////////////             //////////////////////////////        
  Poisson run cycle:                         5        

  Domain:                                    (0, 1) x (0, 1) x (0, 1)        
  Root mesh:                                 2 x 2 x 2        
  Number of root cells:                      8        
  Number of active cells:                    2097152        
  Finite element:                            FE_DGQ<3>(4)        
  Number of run cycles:                      14        

  Geometry:                                  Cube        
  Number of refinements:                     1        
  Number of repetitions:                     2        
  Subdivisions per direction:                []        
  Distortion factor:                         -1.000e+00

  Solver:                                    cg        
  Absolute tolerance:                        1.000e-14    
  Relative tolerance:                        1.000e-08    
  Number of maximal iterations:              100        
  Preconditioner:                            GMG        

  Multigrid:                                 V-cycle        
  /// Pre-smoother                                   
  Number of smoothing steps:                 1        
  Smoother:                                  Schwarz Smoother        
  Schwarz operator                           Additive Cell-Based        
  Number of smoothing steps                  1        
  Damping factor                             0.7        
  Patch-local damping factor                 1        
  Manual coloring                            true     
  Symmetrized Schwarz operator               false    
  Reversed Schwarz operator                  false    
  Number of quad points (surrogate)          5        
  Normalize surrogate patches                false    
  Compute arc length (surrogate)             true     
  Caching strategy                           cached        
  /// Post-smoother                                  
  Number of smoothing steps:                 1        
  Smoother:                                  Schwarz Smoother        
  Schwarz operator                           Additive Cell-Based        
  Number of smoothing steps                  1        
  Damping factor                             0.7        
  Patch-local damping factor                 1        
  Manual coloring                            true     
  Symmetrized Schwarz operator               false    
  Reversed Schwarz operator                  true     
  Number of quad points (surrogate)          5        
  Normalize surrogate patches                false    
  Compute arc length (surrogate)             true     
  Caching strategy                           cached        
  /// Coarse grid solver                             
  Coarse grid solver:                        Accurate Iterative Solver        
  Iterative solver:                          cg        
  Accuracy:                                  1.000e-12    

  Average reduction (solver):                0.342362        
  Number of iterations (solver):             17.1853        
  ||u - uh||_L2 =                            1.708e-09          
  [SchwarzPrecond] Update residuals:         0.000e+00
  [SchwarzPrecond] Apply inverses:           5.09272        
  [SchwarzPrecond] Compute inverses:         2.83641        
  [SchwarzPrecond] Copy Locally Owned:       1.03334        
  [SchwarzPrecond] Step:                     5.09287        
  Cell-based gathering                       0.0151561        
  Cell-based coloring                        6.378e-04          
  Submit cell-based patches                  0.00952655        
  //////////////////////////////             //////////////////////////////        
  Poisson run cycle:                         6        

  //////////////////////////////             //////////////////////////////        
  Poisson run cycle:                         7        

  //////////////////////////////             //////////////////////////////        
  Poisson run cycle:                         8        

  //////////////////////////////             //////////////////////////////        
  Poisson run cycle:                         9        

  //////////////////////////////             //////////////////////////////        
  Poisson run cycle:                         10        

  //////////////////////////////             //////////////////////////////        
  Poisson run cycle:                         11        

  //////////////////////////////             //////////////////////////////        
  Poisson run cycle:                         12        

  //////////////////////////////             //////////////////////////////        
  Poisson run cycle:                         13        



+---------------------------------------------+------------+------------+
| Total wallclock time elapsed since start    |        64s |            |
|                                             |            |            |
| Section                         | no. calls |  wall time | % of total |
+---------------------------------+-----------+------------+------------+
| Compute discretization errors   |         4 |     0.599s |      0.94% |
| Create triangulation            |        14 |     0.972s |       1.5% |
| Distribute dofs                 |         4 |      1.14s |       1.8% |
| Setup MG preconditioner         |         4 |      15.4s |        24% |
| Setup linear system             |         4 |        11s |        17% |
| Solve                           |         4 |      34.9s |        55% |
+---------------------------------+-----------+------------+------------+

!TABLEPP
n_levels n_cells  n_dofs   n_colors n_iter  reduction       L2_error       
       4    4096    512000        1 16.9898 3.382e-01 3.605e-08     -    - 
       5   32768   4096000        1 17.1874 3.424e-01 2.154e-09 16.74 4.07 
       6  262144  32768000        1 17.1896 3.425e-01 1.747e-09  1.23 0.30 
       7 2097152 262144000        1 17.1853 3.424e-01 1.708e-09  1.02 0.03 
TABLE!PP
