  Git - deal.II version:                     3ff8e288d2        
  Git - deal.II branch:                      master        
  Git - TPSS version:                        d4731e4        
  Git - TPSS branch:                         master        
  Date:                                      2020/2/28        
  Number of MPI processes:                   64        
  Vectorization level:                       AVX        
  Size of global_dof_index (bits):           64        

  n_refinements (initial):                   1        
  n_repetitions (initial):                   2        
  cg solver reduction:                       1.000e-08    

  //////////////////////////////             //////////////////////////////        
  Poisson run cycle:                         0        

  //////////////////////////////             //////////////////////////////        
  Poisson run cycle:                         1        

  //////////////////////////////             //////////////////////////////        
  Poisson run cycle:                         2        

  //////////////////////////////             //////////////////////////////        
  Poisson run cycle:                         3        

  //////////////////////////////             //////////////////////////////        
  Poisson run cycle:                         4        

  Domain:                                    (0, 1) x (0, 1)        
  Root mesh:                                 2 x 2        
  Number of root cells:                      4        
  Number of active cells:                    4096        
  Finite element:                            FE_DGQ<2>(6)        
  Number of run cycles:                      14        

  Geometry:                                  Cube        
  Number of refinements:                     1        
  Number of repetitions:                     2        
  Subdivisions per direction:                []        
  Distortion factor:                         -1.000e+00

  Solver:                                    cg        
  Absolute tolerance:                        1.000e-14    
  Relative tolerance:                        1.000e-08    
  Number of maximal iterations:              100        
  Preconditioner:                            GMG        

  Multigrid:                                 V-cycle        
  /// Pre-smoother                                   
  Number of smoothing steps:                 1        
  Smoother:                                  Schwarz Smoother        
  Schwarz operator                           Additive Vertex Patch        
  Number of smoothing steps                  1        
  Damping factor                             0.25        
  Patch-local damping factor                 1        
  Manual coloring                            true     
  Symmetrized Schwarz operator               false    
  Reversed Schwarz operator                  false    
  Number of quad points (surrogate)          5        
  Normalize surrogate patches                false    
  Compute arc length (surrogate)             true     
  Caching strategy                           cached        
  /// Post-smoother                                  
  Number of smoothing steps:                 1        
  Smoother:                                  Schwarz Smoother        
  Schwarz operator                           Additive Vertex Patch        
  Number of smoothing steps                  1        
  Damping factor                             0.25        
  Patch-local damping factor                 1        
  Manual coloring                            true     
  Symmetrized Schwarz operator               false    
  Reversed Schwarz operator                  true     
  Number of quad points (surrogate)          5        
  Normalize surrogate patches                false    
  Compute arc length (surrogate)             true     
  Caching strategy                           cached        
  /// Coarse grid solver                             
  Coarse grid solver:                        Accurate Iterative Solver        
  Iterative solver:                          cg        
  Accuracy:                                  1.000e-12    

  Average reduction (solver):                0.417254        
  Number of iterations (solver):             21.0748        
  ||u - uh||_L2 =                            6.014e-09          
  [SchwarzPrecond] Update residuals:         0.000e+00
  [SchwarzPrecond] Apply inverses:           0.0238073        
  [SchwarzPrecond] Compute inverses:         0.0341423        
  [SchwarzPrecond] Copy Locally Owned:       0.00117621        
  [SchwarzPrecond] Step:                     0.0239399        
  Vertex patch gathering                     6.570e-04          
  Vertex patch coloring (none)               2.016e-05         
  Submit vertex patches                      8.171e-05         
  //////////////////////////////             //////////////////////////////        
  Poisson run cycle:                         5        

  Domain:                                    (0, 1) x (0, 1)        
  Root mesh:                                 2 x 2        
  Number of root cells:                      4        
  Number of active cells:                    16384        
  Finite element:                            FE_DGQ<2>(6)        
  Number of run cycles:                      14        

  Geometry:                                  Cube        
  Number of refinements:                     1        
  Number of repetitions:                     2        
  Subdivisions per direction:                []        
  Distortion factor:                         -1.000e+00

  Solver:                                    cg        
  Absolute tolerance:                        1.000e-14    
  Relative tolerance:                        1.000e-08    
  Number of maximal iterations:              100        
  Preconditioner:                            GMG        

  Multigrid:                                 V-cycle        
  /// Pre-smoother                                   
  Number of smoothing steps:                 1        
  Smoother:                                  Schwarz Smoother        
  Schwarz operator                           Additive Vertex Patch        
  Number of smoothing steps                  1        
  Damping factor                             0.25        
  Patch-local damping factor                 1        
  Manual coloring                            true     
  Symmetrized Schwarz operator               false    
  Reversed Schwarz operator                  false    
  Number of quad points (surrogate)          5        
  Normalize surrogate patches                false    
  Compute arc length (surrogate)             true     
  Caching strategy                           cached        
  /// Post-smoother                                  
  Number of smoothing steps:                 1        
  Smoother:                                  Schwarz Smoother        
  Schwarz operator                           Additive Vertex Patch        
  Number of smoothing steps                  1        
  Damping factor                             0.25        
  Patch-local damping factor                 1        
  Manual coloring                            true     
  Symmetrized Schwarz operator               false    
  Reversed Schwarz operator                  true     
  Number of quad points (surrogate)          5        
  Normalize surrogate patches                false    
  Compute arc length (surrogate)             true     
  Caching strategy                           cached        
  /// Coarse grid solver                             
  Coarse grid solver:                        Accurate Iterative Solver        
  Iterative solver:                          cg        
  Accuracy:                                  1.000e-12    

  Average reduction (solver):                0.410852        
  Number of iterations (solver):             20.7085        
  ||u - uh||_L2 =                            1.748e-08          
  [SchwarzPrecond] Update residuals:         0.000e+00
  [SchwarzPrecond] Apply inverses:           0.0794407        
  [SchwarzPrecond] Compute inverses:         0.0814505        
  [SchwarzPrecond] Copy Locally Owned:       0.00263315        
  [SchwarzPrecond] Step:                     0.0795732        
  Vertex patch gathering                     0.00120531        
  Vertex patch coloring (none)               7.948e-05        
  Submit vertex patches                      1.652e-04          
  //////////////////////////////             //////////////////////////////        
  Poisson run cycle:                         6        

  Domain:                                    (0, 1) x (0, 1)        
  Root mesh:                                 2 x 2        
  Number of root cells:                      4        
  Number of active cells:                    65536        
  Finite element:                            FE_DGQ<2>(6)        
  Number of run cycles:                      14        

  Geometry:                                  Cube        
  Number of refinements:                     1        
  Number of repetitions:                     2        
  Subdivisions per direction:                []        
  Distortion factor:                         -1.000e+00

  Solver:                                    cg        
  Absolute tolerance:                        1.000e-14    
  Relative tolerance:                        1.000e-08    
  Number of maximal iterations:              100        
  Preconditioner:                            GMG        

  Multigrid:                                 V-cycle        
  /// Pre-smoother                                   
  Number of smoothing steps:                 1        
  Smoother:                                  Schwarz Smoother        
  Schwarz operator                           Additive Vertex Patch        
  Number of smoothing steps                  1        
  Damping factor                             0.25        
  Patch-local damping factor                 1        
  Manual coloring                            true     
  Symmetrized Schwarz operator               false    
  Reversed Schwarz operator                  false    
  Number of quad points (surrogate)          5        
  Normalize surrogate patches                false    
  Compute arc length (surrogate)             true     
  Caching strategy                           cached        
  /// Post-smoother                                  
  Number of smoothing steps:                 1        
  Smoother:                                  Schwarz Smoother        
  Schwarz operator                           Additive Vertex Patch        
  Number of smoothing steps                  1        
  Damping factor                             0.25        
  Patch-local damping factor                 1        
  Manual coloring                            true     
  Symmetrized Schwarz operator               false    
  Reversed Schwarz operator                  true     
  Number of quad points (surrogate)          5        
  Normalize surrogate patches                false    
  Compute arc length (surrogate)             true     
  Caching strategy                           cached        
  /// Coarse grid solver                             
  Coarse grid solver:                        Accurate Iterative Solver        
  Iterative solver:                          cg        
  Accuracy:                                  1.000e-12    

  Average reduction (solver):                0.399291        
  Number of iterations (solver):             20.0647        
  ||u - uh||_L2 =                            8.708e-09          
  [SchwarzPrecond] Update residuals:         0.000e+00
  [SchwarzPrecond] Apply inverses:           0.308813        
  [SchwarzPrecond] Compute inverses:         0.519546        
  [SchwarzPrecond] Copy Locally Owned:       0.0152972        
  [SchwarzPrecond] Step:                     0.308952        
  Vertex patch gathering                     0.00489222        
  Vertex patch coloring (none)               1.309e-04          
  Submit vertex patches                      7.200e-04          
  //////////////////////////////             //////////////////////////////        
  Poisson run cycle:                         7        

  Domain:                                    (0, 1) x (0, 1)        
  Root mesh:                                 2 x 2        
  Number of root cells:                      4        
  Number of active cells:                    262144        
  Finite element:                            FE_DGQ<2>(6)        
  Number of run cycles:                      14        

  Geometry:                                  Cube        
  Number of refinements:                     1        
  Number of repetitions:                     2        
  Subdivisions per direction:                []        
  Distortion factor:                         -1.000e+00

  Solver:                                    cg        
  Absolute tolerance:                        1.000e-14    
  Relative tolerance:                        1.000e-08    
  Number of maximal iterations:              100        
  Preconditioner:                            GMG        

  Multigrid:                                 V-cycle        
  /// Pre-smoother                                   
  Number of smoothing steps:                 1        
  Smoother:                                  Schwarz Smoother        
  Schwarz operator                           Additive Vertex Patch        
  Number of smoothing steps                  1        
  Damping factor                             0.25        
  Patch-local damping factor                 1        
  Manual coloring                            true     
  Symmetrized Schwarz operator               false    
  Reversed Schwarz operator                  false    
  Number of quad points (surrogate)          5        
  Normalize surrogate patches                false    
  Compute arc length (surrogate)             true     
  Caching strategy                           cached        
  /// Post-smoother                                  
  Number of smoothing steps:                 1        
  Smoother:                                  Schwarz Smoother        
  Schwarz operator                           Additive Vertex Patch        
  Number of smoothing steps                  1        
  Damping factor                             0.25        
  Patch-local damping factor                 1        
  Manual coloring                            true     
  Symmetrized Schwarz operator               false    
  Reversed Schwarz operator                  true     
  Number of quad points (surrogate)          5        
  Normalize surrogate patches                false    
  Compute arc length (surrogate)             true     
  Caching strategy                           cached        
  /// Coarse grid solver                             
  Coarse grid solver:                        Accurate Iterative Solver        
  Iterative solver:                          cg        
  Accuracy:                                  1.000e-12    

  Average reduction (solver):                0.399726        
  Number of iterations (solver):             20.0885        
  ||u - uh||_L2 =                            1.146e-08          
  [SchwarzPrecond] Update residuals:         0.000e+00
  [SchwarzPrecond] Apply inverses:           1.26133        
  [SchwarzPrecond] Compute inverses:         1.91116        
  [SchwarzPrecond] Copy Locally Owned:       0.0597323        
  [SchwarzPrecond] Step:                     1.26148        
  Vertex patch gathering                     0.0192025        
  Vertex patch coloring (none)               5.801e-04          
  Submit vertex patches                      0.00268889        
  //////////////////////////////             //////////////////////////////        
  Poisson run cycle:                         8        

  Domain:                                    (0, 1) x (0, 1)        
  Root mesh:                                 2 x 2        
  Number of root cells:                      4        
  Number of active cells:                    1048576        
  Finite element:                            FE_DGQ<2>(6)        
  Number of run cycles:                      14        

  Geometry:                                  Cube        
  Number of refinements:                     1        
  Number of repetitions:                     2        
  Subdivisions per direction:                []        
  Distortion factor:                         -1.000e+00

  Solver:                                    cg        
  Absolute tolerance:                        1.000e-14    
  Relative tolerance:                        1.000e-08    
  Number of maximal iterations:              100        
  Preconditioner:                            GMG        

  Multigrid:                                 V-cycle        
  /// Pre-smoother                                   
  Number of smoothing steps:                 1        
  Smoother:                                  Schwarz Smoother        
  Schwarz operator                           Additive Vertex Patch        
  Number of smoothing steps                  1        
  Damping factor                             0.25        
  Patch-local damping factor                 1        
  Manual coloring                            true     
  Symmetrized Schwarz operator               false    
  Reversed Schwarz operator                  false    
  Number of quad points (surrogate)          5        
  Normalize surrogate patches                false    
  Compute arc length (surrogate)             true     
  Caching strategy                           cached        
  /// Post-smoother                                  
  Number of smoothing steps:                 1        
  Smoother:                                  Schwarz Smoother        
  Schwarz operator                           Additive Vertex Patch        
  Number of smoothing steps                  1        
  Damping factor                             0.25        
  Patch-local damping factor                 1        
  Manual coloring                            true     
  Symmetrized Schwarz operator               false    
  Reversed Schwarz operator                  true     
  Number of quad points (surrogate)          5        
  Normalize surrogate patches                false    
  Compute arc length (surrogate)             true     
  Caching strategy                           cached        
  /// Coarse grid solver                             
  Coarse grid solver:                        Accurate Iterative Solver        
  Iterative solver:                          cg        
  Accuracy:                                  1.000e-12    

  Average reduction (solver):                0.401246        
  Number of iterations (solver):             20.172        
  ||u - uh||_L2 =                            1.617e-08         
  [SchwarzPrecond] Update residuals:         0.000e+00
  [SchwarzPrecond] Apply inverses:           4.86422        
  [SchwarzPrecond] Compute inverses:         7.97176        
  [SchwarzPrecond] Copy Locally Owned:       0.281124        
  [SchwarzPrecond] Step:                     4.86438        
  Vertex patch gathering                     0.0993588        
  Vertex patch coloring (none)               0.00305021        
  Submit vertex patches                      0.0132694        
  //////////////////////////////             //////////////////////////////        
  Poisson run cycle:                         9        

  Domain:                                    (0, 1) x (0, 1)        
  Root mesh:                                 2 x 2        
  Number of root cells:                      4        
  Number of active cells:                    4194304        
  Finite element:                            FE_DGQ<2>(6)        
  Number of run cycles:                      14        

  Geometry:                                  Cube        
  Number of refinements:                     1        
  Number of repetitions:                     2        
  Subdivisions per direction:                []        
  Distortion factor:                         -1.000e+00

  Solver:                                    cg        
  Absolute tolerance:                        1.000e-14    
  Relative tolerance:                        1.000e-08    
  Number of maximal iterations:              100        
  Preconditioner:                            GMG        

  Multigrid:                                 V-cycle        
  /// Pre-smoother                                   
  Number of smoothing steps:                 1        
  Smoother:                                  Schwarz Smoother        
  Schwarz operator                           Additive Vertex Patch        
  Number of smoothing steps                  1        
  Damping factor                             0.25        
  Patch-local damping factor                 1        
  Manual coloring                            true     
  Symmetrized Schwarz operator               false    
  Reversed Schwarz operator                  false    
  Number of quad points (surrogate)          5        
  Normalize surrogate patches                false    
  Compute arc length (surrogate)             true     
  Caching strategy                           cached        
  /// Post-smoother                                  
  Number of smoothing steps:                 1        
  Smoother:                                  Schwarz Smoother        
  Schwarz operator                           Additive Vertex Patch        
  Number of smoothing steps                  1        
  Damping factor                             0.25        
  Patch-local damping factor                 1        
  Manual coloring                            true     
  Symmetrized Schwarz operator               false    
  Reversed Schwarz operator                  true     
  Number of quad points (surrogate)          5        
  Normalize surrogate patches                false    
  Compute arc length (surrogate)             true     
  Caching strategy                           cached        
  /// Coarse grid solver                             
  Coarse grid solver:                        Accurate Iterative Solver        
  Iterative solver:                          cg        
  Accuracy:                                  1.000e-12    

  Average reduction (solver):                0.4019        
  Number of iterations (solver):             20.2081        
  ||u - uh||_L2 =                            2.056e-08          
  [SchwarzPrecond] Update residuals:         0.000e+00
  [SchwarzPrecond] Apply inverses:           20.1507        
  [SchwarzPrecond] Compute inverses:         32.9288        
  [SchwarzPrecond] Copy Locally Owned:       0.834391        
  [SchwarzPrecond] Step:                     20.1509        
  Vertex patch gathering                     0.358683        
  Vertex patch coloring (none)               0.0171597        
  Submit vertex patches                      0.0563488        
  //////////////////////////////             //////////////////////////////        
  Poisson run cycle:                         10        

  Domain:                                    (0, 1) x (0, 1)        
  Root mesh:                                 2 x 2        
  Number of root cells:                      4        
  Number of active cells:                    16777216        
  Finite element:                            FE_DGQ<2>(6)        
  Number of run cycles:                      14        

  Geometry:                                  Cube        
  Number of refinements:                     1        
  Number of repetitions:                     2        
  Subdivisions per direction:                []        
  Distortion factor:                         -1.000e+00

  Solver:                                    cg        
  Absolute tolerance:                        1.000e-14    
  Relative tolerance:                        1.000e-08    
  Number of maximal iterations:              100        
  Preconditioner:                            GMG        

  Multigrid:                                 V-cycle        
  /// Pre-smoother                                   
  Number of smoothing steps:                 1        
  Smoother:                                  Schwarz Smoother        
  Schwarz operator                           Additive Vertex Patch        
  Number of smoothing steps                  1        
  Damping factor                             0.25        
  Patch-local damping factor                 1        
  Manual coloring                            true     
  Symmetrized Schwarz operator               false    
  Reversed Schwarz operator                  false    
  Number of quad points (surrogate)          5        
  Normalize surrogate patches                false    
  Compute arc length (surrogate)             true     
  Caching strategy                           cached        
  /// Post-smoother                                  
  Number of smoothing steps:                 1        
  Smoother:                                  Schwarz Smoother        
  Schwarz operator                           Additive Vertex Patch        
  Number of smoothing steps                  1        
  Damping factor                             0.25        
  Patch-local damping factor                 1        
  Manual coloring                            true     
  Symmetrized Schwarz operator               false    
  Reversed Schwarz operator                  true     
  Number of quad points (surrogate)          5        
  Normalize surrogate patches                false    
  Compute arc length (surrogate)             true     
  Caching strategy                           cached        
  /// Coarse grid solver                             
  Coarse grid solver:                        Accurate Iterative Solver        
  Iterative solver:                          cg        
  Accuracy:                                  1.000e-12    

  Average reduction (solver):                0.401933        
  Number of iterations (solver):             20.2098        
  ||u - uh||_L2 =                            2.302e-08          
  [SchwarzPrecond] Update residuals:         0.000e+00
  [SchwarzPrecond] Apply inverses:           126.422        
  [SchwarzPrecond] Compute inverses:         123.212        
  [SchwarzPrecond] Copy Locally Owned:       20.9265        
  [SchwarzPrecond] Step:                     126.422        
  Vertex patch gathering                     2.12775        
  Vertex patch coloring (none)               0.14214        
  Submit vertex patches                      0.321575        
  //////////////////////////////             //////////////////////////////        
  Poisson run cycle:                         11        

  //////////////////////////////             //////////////////////////////        
  Poisson run cycle:                         12        

  //////////////////////////////             //////////////////////////////        
  Poisson run cycle:                         13        



+---------------------------------------------+------------+------------+
| Total wallclock time elapsed since start    |       580s |            |
|                                             |            |            |
| Section                         | no. calls |  wall time | % of total |
+---------------------------------+-----------+------------+------------+
| Compute discretization errors   |         7 |      2.97s |      0.51% |
| Create triangulation            |        14 |      3.07s |      0.53% |
| Distribute dofs                 |         7 |      2.92s |       0.5% |
| Setup MG preconditioner         |         7 |       143s |        25% |
| Setup linear system             |         7 |      15.2s |       2.6% |
| Solve                           |         7 |       412s |        71% |
+---------------------------------+-----------+------------+------------+

!TABLEPP
n_levels n_cells   n_dofs   n_colors n_iter  reduction       L2_error       
       6     4096    200704        1 21.0748 4.173e-01 6.014e-09    -     - 
       7    16384    802816        1 20.7085 4.109e-01 1.748e-08 0.34 -1.54 
       8    65536   3211264        1 20.0647 3.993e-01 8.708e-09 2.01  1.01 
       9   262144  12845056        1 20.0885 3.997e-01 1.146e-08 0.76 -0.40 
      10  1048576  51380224        1 20.1720 4.012e-01 1.617e-08 0.71 -0.50 
      11  4194304 205520896        1 20.2081 4.019e-01 2.056e-08 0.79 -0.35 
      12 16777216 822083584        1 20.2098 4.019e-01 2.302e-08 0.89 -0.16 
TABLE!PP
