  Git - deal.II version:                     3ff8e288d2        
  Git - deal.II branch:                      master        
  Git - TPSS version:                        8fddea4        
  Git - TPSS branch:                         master        
  Date:                                      2020/2/27        
  Number of MPI processes:                   64        
  Vectorization level:                       AVX        
  Size of global_dof_index (bits):           64        

  n_refinements (initial):                   1        
  n_repetitions (initial):                   2        
  cg solver reduction:                       1.000e-08    

  //////////////////////////////             //////////////////////////////        
  Poisson run cycle:                         0        

  //////////////////////////////             //////////////////////////////        
  Poisson run cycle:                         1        

  Domain:                                    (0, 1) x (0, 1) x (0, 1)        
  Root mesh:                                 2 x 2 x 2        
  Number of root cells:                      8        
  Number of active cells:                    512        
  Finite element:                            FE_DGQ<3>(7)        
  Number of run cycles:                      14        

  Geometry:                                  Cube        
  Number of refinements:                     1        
  Number of repetitions:                     2        
  Subdivisions per direction:                []        
  Distortion factor:                         -1.000e+00

  Solver:                                    cg        
  Absolute tolerance:                        1.000e-14    
  Relative tolerance:                        1.000e-08    
  Number of maximal iterations:              100        
  Preconditioner:                            GMG        

  Multigrid:                                 V-cycle        
  /// Pre-smoother                                   
  Number of smoothing steps:                 1        
  Smoother:                                  Schwarz Smoother        
  Schwarz operator                           Multiplicative Cell-Based        
  Number of smoothing steps                  1        
  Damping factor                             1        
  Patch-local damping factor                 1        
  Manual coloring                            true     
  Symmetrized Schwarz operator               false    
  Reversed Schwarz operator                  false    
  Number of quad points (surrogate)          5        
  Normalize surrogate patches                false    
  Compute arc length (surrogate)             true     
  Caching strategy                           cached        
  /// Post-smoother                                  
  Number of smoothing steps:                 1        
  Smoother:                                  Schwarz Smoother        
  Schwarz operator                           Multiplicative Cell-Based        
  Number of smoothing steps                  1        
  Damping factor                             1        
  Patch-local damping factor                 1        
  Manual coloring                            true     
  Symmetrized Schwarz operator               false    
  Reversed Schwarz operator                  true     
  Number of quad points (surrogate)          5        
  Normalize surrogate patches                false    
  Compute arc length (surrogate)             true     
  Caching strategy                           cached        
  /// Coarse grid solver                             
  Coarse grid solver:                        Accurate Iterative Solver        
  Iterative solver:                          cg        
  Accuracy:                                  1.000e-12    

  Average reduction (solver):                0.330534        
  Number of iterations (solver):             16.6395        
  ||u - uh||_L2 =                            6.626e-09          
  [SchwarzPrecond] Update residuals:         0.00970896        
  [SchwarzPrecond] Apply inverses:           0.0121498        
  [SchwarzPrecond] Compute inverses:         0.00135691        
  [SchwarzPrecond] Copy Locally Owned:       5.480e-04          
  [SchwarzPrecond] Step:                     0.0208973        
  Cell-based gathering                       1.784e-05         
  Cell-based coloring                        3.392e-05         
  Submit cell-based patches                  1.011e-05         
  //////////////////////////////             //////////////////////////////        
  Poisson run cycle:                         2        

  Domain:                                    (0, 1) x (0, 1) x (0, 1)        
  Root mesh:                                 2 x 2 x 2        
  Number of root cells:                      8        
  Number of active cells:                    4096        
  Finite element:                            FE_DGQ<3>(7)        
  Number of run cycles:                      14        

  Geometry:                                  Cube        
  Number of refinements:                     1        
  Number of repetitions:                     2        
  Subdivisions per direction:                []        
  Distortion factor:                         -1.000e+00

  Solver:                                    cg        
  Absolute tolerance:                        1.000e-14    
  Relative tolerance:                        1.000e-08    
  Number of maximal iterations:              100        
  Preconditioner:                            GMG        

  Multigrid:                                 V-cycle        
  /// Pre-smoother                                   
  Number of smoothing steps:                 1        
  Smoother:                                  Schwarz Smoother        
  Schwarz operator                           Multiplicative Cell-Based        
  Number of smoothing steps                  1        
  Damping factor                             1        
  Patch-local damping factor                 1        
  Manual coloring                            true     
  Symmetrized Schwarz operator               false    
  Reversed Schwarz operator                  false    
  Number of quad points (surrogate)          5        
  Normalize surrogate patches                false    
  Compute arc length (surrogate)             true     
  Caching strategy                           cached        
  /// Post-smoother                                  
  Number of smoothing steps:                 1        
  Smoother:                                  Schwarz Smoother        
  Schwarz operator                           Multiplicative Cell-Based        
  Number of smoothing steps                  1        
  Damping factor                             1        
  Patch-local damping factor                 1        
  Manual coloring                            true     
  Symmetrized Schwarz operator               false    
  Reversed Schwarz operator                  true     
  Number of quad points (surrogate)          5        
  Normalize surrogate patches                false    
  Compute arc length (surrogate)             true     
  Caching strategy                           cached        
  /// Coarse grid solver                             
  Coarse grid solver:                        Accurate Iterative Solver        
  Iterative solver:                          cg        
  Accuracy:                                  1.000e-12    

  Average reduction (solver):                0.331887        
  Number of iterations (solver):             16.7011        
  ||u - uh||_L2 =                            6.124e-09          
  [SchwarzPrecond] Update residuals:         0.0549688        
  [SchwarzPrecond] Apply inverses:           0.0539086        
  [SchwarzPrecond] Compute inverses:         0.0103586        
  [SchwarzPrecond] Copy Locally Owned:       0.00495133        
  [SchwarzPrecond] Step:                     0.107299        
  Cell-based gathering                       4.395e-05         
  Cell-based coloring                        1.910e-04         
  Submit cell-based patches                  2.373e-05         
  //////////////////////////////             //////////////////////////////        
  Poisson run cycle:                         3        

  Domain:                                    (0, 1) x (0, 1) x (0, 1)        
  Root mesh:                                 2 x 2 x 2        
  Number of root cells:                      8        
  Number of active cells:                    32768        
  Finite element:                            FE_DGQ<3>(7)        
  Number of run cycles:                      14        

  Geometry:                                  Cube        
  Number of refinements:                     1        
  Number of repetitions:                     2        
  Subdivisions per direction:                []        
  Distortion factor:                         -1.000e+00

  Solver:                                    cg        
  Absolute tolerance:                        1.000e-14    
  Relative tolerance:                        1.000e-08    
  Number of maximal iterations:              100        
  Preconditioner:                            GMG        

  Multigrid:                                 V-cycle        
  /// Pre-smoother                                   
  Number of smoothing steps:                 1        
  Smoother:                                  Schwarz Smoother        
  Schwarz operator                           Multiplicative Cell-Based        
  Number of smoothing steps                  1        
  Damping factor                             1        
  Patch-local damping factor                 1        
  Manual coloring                            true     
  Symmetrized Schwarz operator               false    
  Reversed Schwarz operator                  false    
  Number of quad points (surrogate)          5        
  Normalize surrogate patches                false    
  Compute arc length (surrogate)             true     
  Caching strategy                           cached        
  /// Post-smoother                                  
  Number of smoothing steps:                 1        
  Smoother:                                  Schwarz Smoother        
  Schwarz operator                           Multiplicative Cell-Based        
  Number of smoothing steps                  1        
  Damping factor                             1        
  Patch-local damping factor                 1        
  Manual coloring                            true     
  Symmetrized Schwarz operator               false    
  Reversed Schwarz operator                  true     
  Number of quad points (surrogate)          5        
  Normalize surrogate patches                false    
  Compute arc length (surrogate)             true     
  Caching strategy                           cached        
  /// Coarse grid solver                             
  Coarse grid solver:                        Accurate Iterative Solver        
  Iterative solver:                          cg        
  Accuracy:                                  1.000e-12    

  Average reduction (solver):                0.332044        
  Number of iterations (solver):             16.7083        
  ||u - uh||_L2 =                            5.866e-09          
  [SchwarzPrecond] Update residuals:         0.452731        
  [SchwarzPrecond] Apply inverses:           0.447464        
  [SchwarzPrecond] Compute inverses:         0.0787886        
  [SchwarzPrecond] Copy Locally Owned:       0.0655593        
  [SchwarzPrecond] Step:                     0.883746        
  Cell-based gathering                       2.270e-04          
  Cell-based coloring                        0.00156107        
  Submit cell-based patches                  1.052e-04          
  //////////////////////////////             //////////////////////////////        
  Poisson run cycle:                         4        

  Domain:                                    (0, 1) x (0, 1) x (0, 1)        
  Root mesh:                                 2 x 2 x 2        
  Number of root cells:                      8        
  Number of active cells:                    262144        
  Finite element:                            FE_DGQ<3>(7)        
  Number of run cycles:                      14        

  Geometry:                                  Cube        
  Number of refinements:                     1        
  Number of repetitions:                     2        
  Subdivisions per direction:                []        
  Distortion factor:                         -1.000e+00

  Solver:                                    cg        
  Absolute tolerance:                        1.000e-14    
  Relative tolerance:                        1.000e-08    
  Number of maximal iterations:              100        
  Preconditioner:                            GMG        

  Multigrid:                                 V-cycle        
  /// Pre-smoother                                   
  Number of smoothing steps:                 1        
  Smoother:                                  Schwarz Smoother        
  Schwarz operator                           Multiplicative Cell-Based        
  Number of smoothing steps                  1        
  Damping factor                             1        
  Patch-local damping factor                 1        
  Manual coloring                            true     
  Symmetrized Schwarz operator               false    
  Reversed Schwarz operator                  false    
  Number of quad points (surrogate)          5        
  Normalize surrogate patches                false    
  Compute arc length (surrogate)             true     
  Caching strategy                           cached        
  /// Post-smoother                                  
  Number of smoothing steps:                 1        
  Smoother:                                  Schwarz Smoother        
  Schwarz operator                           Multiplicative Cell-Based        
  Number of smoothing steps                  1        
  Damping factor                             1        
  Patch-local damping factor                 1        
  Manual coloring                            true     
  Symmetrized Schwarz operator               false    
  Reversed Schwarz operator                  true     
  Number of quad points (surrogate)          5        
  Normalize surrogate patches                false    
  Compute arc length (surrogate)             true     
  Caching strategy                           cached        
  /// Coarse grid solver                             
  Coarse grid solver:                        Accurate Iterative Solver        
  Iterative solver:                          cg        
  Accuracy:                                  1.000e-12    

  Average reduction (solver):                0.332045        
  Number of iterations (solver):             16.7083        
  ||u - uh||_L2 =                            5.618e-09          
  [SchwarzPrecond] Update residuals:         3.98264        
  [SchwarzPrecond] Apply inverses:           3.67112        
  [SchwarzPrecond] Compute inverses:         0.652721        
  [SchwarzPrecond] Copy Locally Owned:       0.471526        
  [SchwarzPrecond] Step:                     7.52476        
  Cell-based gathering                       0.00184619        
  Cell-based coloring                        0.0136161        
  Submit cell-based patches                  8.011e-04         
  //////////////////////////////             //////////////////////////////        
  Poisson run cycle:                         5        

  //////////////////////////////             //////////////////////////////        
  Poisson run cycle:                         6        

  //////////////////////////////             //////////////////////////////        
  Poisson run cycle:                         7        

  //////////////////////////////             //////////////////////////////        
  Poisson run cycle:                         8        

  //////////////////////////////             //////////////////////////////        
  Poisson run cycle:                         9        

  //////////////////////////////             //////////////////////////////        
  Poisson run cycle:                         10        

  //////////////////////////////             //////////////////////////////        
  Poisson run cycle:                         11        

  //////////////////////////////             //////////////////////////////        
  Poisson run cycle:                         12        

  //////////////////////////////             //////////////////////////////        
  Poisson run cycle:                         13        



+---------------------------------------------+------------+------------+
| Total wallclock time elapsed since start    |      50.3s |            |
|                                             |            |            |
| Section                         | no. calls |  wall time | % of total |
+---------------------------------+-----------+------------+------------+
| Compute discretization errors   |         4 |     0.307s |      0.61% |
| Create triangulation            |        14 |     0.215s |      0.43% |
| Distribute dofs                 |         4 |     0.498s |      0.99% |
| Setup MG preconditioner         |         4 |      14.8s |        29% |
| Setup linear system             |         4 |      10.7s |        21% |
| Solve                           |         4 |      23.8s |        47% |
+---------------------------------+-----------+------------+------------+

!TABLEPP
n_levels n_cells  n_dofs   n_colors n_iter  reduction      L2_error       
       3     512    262144        2 16.6395 3.305e-01 6.626e-09    -    - 
       4    4096   2097152        2 16.7011 3.319e-01 6.124e-09 1.08 0.11 
       5   32768  16777216        2 16.7083 3.320e-01 5.866e-09 1.04 0.06 
       6  262144 134217728        2 16.7083 3.320e-01 5.618e-09 1.04 0.06 
TABLE!PP
