Number of active cells: 4
Total number of cells: 5
   Number of degrees of freedom: 529
Matrix:
                                                                                                                                                                                                                                       
            9.773e+01                                                                                                                                                                                                                  
                       1.742e+02                                                                                                                                                                                                       
                                  1.395e+03                                                                                                                                                                                            
                                             1.884e+03                                                                                                                                                                                 
                                                        6.792e+03                                                                                                                                                                      
                                                                   8.339e+03                                                                                                                                                           
                                                                              2.104e+04                                                                                                                                                
                                                                                         2.458e+04                                                                                                                                     
                                                                                                    5.082e+04                                                                                                                          
                                                                                                               5.766e+04                                                                                                               
                                                                                                                          1.047e+05                                                                                                    
                                                                                                                                     1.167e+05                                                                                         
                                                                                                                                                2.347e+05                                                                              
                                                                                                                                                           2.674e+05                                                                   
                                                                                                                                                                      4.116e+05                                                        
                                                                                                                                                                                 4.917e+05                                             
                                                                                                                                                                                            3.884e+06                                  
                                                                                                                                                                                                       4.373e+06                       
                                                                                                                                                                                                                  5.616e+06            
                                                                                                                                                                                                                             6.833e+06 
Reference matrix:
                                                                                                                                                                                                                                       
            9.773e+01                                                                                                                                                                                                                  
                       1.742e+02                                                                                                                                                                                                       
                                  1.395e+03                                                                                                                                                                                            
                                             1.884e+03                                                                                                                                                                                 
                                                        6.792e+03                                                                                                                                                                      
                                                                   8.339e+03                                                                                                                                                           
                                                                              2.104e+04                                                                                                                                                
                                                                                         2.458e+04                                                                                                                                     
                                                                                                    5.082e+04                                                                                                                          
                                                                                                               5.766e+04                                                                                                               
                                                                                                                          1.047e+05                                                                                                    
                                                                                                                                     1.167e+05                                                                                         
                                                                                                                                                2.347e+05                                                                              
                                                                                                                                                           2.674e+05                                                                   
                                                                                                                                                                      4.116e+05                                                        
                                                                                                                                                                                 4.917e+05                                             
                                                                                                                                                                                            3.884e+06                                  
                                                                                                                                                                                                       4.373e+06                       
                                                                                                                                                                                                                  5.616e+06            
                                                                                                                                                                                                                             6.833e+06 
Matrix:
 2.116e+01                                                                                                                                                                                                                             
            2.398e+02                                                                                                                                                                                                                  
                       7.638e+02                                                                                                                                                                                                       
                                  2.315e+03                                                                                                                                                                                            
                                             4.619e+03                                                                                                                                                                                 
                                                        9.644e+03                                                                                                                                                                      
                                                                   1.585e+04                                                                                                                                                           
                                                                              2.750e+04                                                                                                                                                
                                                                                         4.058e+04                                                                                                                                     
                                                                                                    6.326e+04                                                                                                                          
                                                                                                               8.789e+04                                                                                                               
                                                                                                                          1.268e+05                                                                                                    
                                                                                                                                     1.678e+05                                                                                         
                                                                                                                                                2.855e+05                                                                              
                                                                                                                                                           4.299e+05                                                                   
                                                                                                                                                                      5.263e+05                                                        
                                                                                                                                                                                 7.594e+05                                             
                                                                                                                                                                                            4.649e+06                                  
                                                                                                                                                                                                       1.424e+07  4.750e-08            
                                                                                                                                                                                                       5.122e-08  1.446e+07            
                                                                                                                                                                                                                             2.842e+07 
Reference matrix:
 2.116e+01                                                                                                                                                                                                                             
            2.398e+02                                                                                                                                                                                                                  
                       7.638e+02                                                                                                                                                                                                       
                                  2.315e+03                                                                                                                                                                                            
                                             4.619e+03                                                                                                                                                                                 
                                                        9.644e+03                                                                                                                                                                      
                                                                   1.585e+04                                                                                                                                                           
                                                                              2.750e+04                                                                                                                                                
                                                                                         4.058e+04                                                                                                                                     
                                                                                                    6.326e+04                                                                                                                          
                                                                                                               8.789e+04                                                                                                               
                                                                                                                          1.268e+05                                                                                                    
                                                                                                                                     1.678e+05                                                                                         
                                                                                                                                                2.855e+05                                                                              
                                                                                                                                                           4.299e+05                                                                   
                                                                                                                                                                      5.263e+05                                                        
                                                                                                                                                                                 7.594e+05                                             
                                                                                                                                                                                            4.649e+06                                  
                                                                                                                                                                                                       1.424e+07                       
                                                                                                                                                                                                                  1.446e+07            
                                                                                                                                                                                                                             2.842e+07 
Matrix:
 4.422e-01                                                                                                                                                                                                                             
            2.471e+00                                                                                                                                                                                                                  
                       4.294e+00                                                                                                                                                                                                       
                                  8.763e+00                                                                                                                                                                                            
                                             1.199e+01                                                                                                                                                                                 
                                                        1.885e+01                                                                                                                                                                      
                                                                   2.351e+01                                                                                                                                                           
                                                                              3.272e+01                                                                                                                                                
                                                                                         3.886e+01                                                                                                                                     
                                                                                                    5.038e+01                                                                                                                          
                                                                                                               5.802e+01                                                                                                               
                                                                                                                          7.181e+01                                                                                                    
                                                                                                                                     8.094e+01                                                                                         
                                                                                                                                                9.761e+01                                                                              
                                                                                                                                                           1.079e+02                                                                   
                                                                                                                                                                      1.197e+02                                                        
                                                                                                                                                                                 1.331e+02                                             
                                                                                                                                                                                            1.955e+02                                  
                                                                                                                                                                                                       1.977e+02                       
                                                                                                                                                                                                                  1.998e+02            
                                                                                                                                                                                                                             3.183e+02 
Reference matrix:
 4.422e-01                                                                                                                                                                                                                             
            2.471e+00                                                                                                                                                                                                                  
                       4.294e+00                                                                                                                                                                                                       
                                  8.763e+00                                                                                                                                                                                            
                                             1.199e+01                                                                                                                                                                                 
                                                        1.885e+01                                                                                                                                                                      
                                                                   2.351e+01                                                                                                                                                           
                                                                              3.272e+01                                                                                                                                                
                                                                                         3.886e+01                                                                                                                                     
                                                                                                    5.038e+01                                                                                                                          
                                                                                                               5.802e+01                                                                                                               
                                                                                                                          7.181e+01                                                                                                    
                                                                                                                                     8.094e+01                                                                                         
                                                                                                                                                9.761e+01                                                                              
                                                                                                                                                           1.079e+02                                                                   
                                                                                                                                                                      1.197e+02                                                        
                                                                                                                                                                                 1.331e+02                                             
                                                                                                                                                                                            1.955e+02                                  
                                                                                                                                                                                                       1.977e+02                       
                                                                                                                                                                                                                  1.998e+02            
                                                                                                                                                                                                                             3.183e+02 
Matrix:
 4.422e-01                                                                                                                                                                                                                             
            2.471e+00                                                                                                                                                                                                                  
                       4.294e+00                                                                                                                                                                                                       
                                  8.763e+00                                                                                                                                                                                            
                                             1.199e+01                                                                                                                                                                                 
                                                        1.885e+01                                                                                                                                                                      
                                                                   2.351e+01                                                                                                                                                           
                                                                              3.272e+01                                                                                                                                                
                                                                                         3.886e+01                                                                                                                                     
                                                                                                    5.038e+01                                                                                                                          
                                                                                                               5.802e+01                                                                                                               
                                                                                                                          7.181e+01                                                                                                    
                                                                                                                                     8.094e+01                                                                                         
                                                                                                                                                9.761e+01                                                                              
                                                                                                                                                           1.079e+02                                                                   
                                                                                                                                                                      1.197e+02                                                        
                                                                                                                                                                                 1.331e+02                                             
                                                                                                                                                                                            1.955e+02                                  
                                                                                                                                                                                                       1.977e+02                       
                                                                                                                                                                                                                  1.998e+02            
                                                                                                                                                                                                                             3.183e+02 
Reference matrix:
 4.422e-01                                                                                                                                                                                                                             
            2.471e+00                                                                                                                                                                                                                  
                       4.294e+00                                                                                                                                                                                                       
                                  8.763e+00                                                                                                                                                                                            
                                             1.199e+01                                                                                                                                                                                 
                                                        1.885e+01                                                                                                                                                                      
                                                                   2.351e+01                                                                                                                                                           
                                                                              3.272e+01                                                                                                                                                
                                                                                         3.886e+01                                                                                                                                     
                                                                                                    5.038e+01                                                                                                                          
                                                                                                               5.802e+01                                                                                                               
                                                                                                                          7.181e+01                                                                                                    
                                                                                                                                     8.094e+01                                                                                         
                                                                                                                                                9.761e+01                                                                              
                                                                                                                                                           1.079e+02                                                                   
                                                                                                                                                                      1.197e+02                                                        
                                                                                                                                                                                 1.331e+02                                             
                                                                                                                                                                                            1.955e+02                                  
                                                                                                                                                                                                       1.977e+02                       
                                                                                                                                                                                                                  1.998e+02            
                                                                                                                                                                                                                             3.183e+02 
Matrix:
 6.884e-03                                                                                                                                                                                                                             
            1.858e-02                                                                                                                                                                                                                  
                       1.881e-02                                                                                                                                                                                                       
                                  2.292e-02                                                                                                                                                                                            
                                             2.292e-02                                                                                                                                                                                 
                                                        3.366e-02                                                                                                                                                                      
                                                                   3.375e-02                                                                                                                                                           
                                                                              3.949e-02                                                                                                                                                
                                                                                         3.949e-02                                                                                                                                     
                                                                                                    4.767e-02                                                                                                                          
                                                                                                               4.771e-02                                                                                                               
                                                                                                                          5.313e-02                                                                                                    
                                                                                                                                     5.313e-02                                                                                         
                                                                                                                                                5.886e-02                                                                              
                                                                                                                                                           5.888e-02                                                                   
                                                                                                                                                                      6.282e-02                                                        
                                                                                                                                                                                 6.282e-02                                             
                                                                                                                                                                                            6.603e-02                                  
                                                                                                                                                                                                       6.603e-02                       
                                                                                                                                                                                                                  6.785e-02            
                                                                                                                                                                                                                             6.785e-02 
Reference matrix:
 6.884e-03                                                                                                                                                                                                                             
            1.858e-02                                                                                                                                                                                                                  
                       1.881e-02                                                                                                                                                                                                       
                                  2.292e-02                                                                                                                                                                                            
                                             2.292e-02                                                                                                                                                                                 
                                                        3.366e-02                                                                                                                                                                      
                                                                   3.375e-02                                                                                                                                                           
                                                                              3.949e-02                                                                                                                                                
                                                                                         3.949e-02                                                                                                                                     
                                                                                                    4.767e-02                                                                                                                          
                                                                                                               4.771e-02                                                                                                               
                                                                                                                          5.313e-02                                                                                                    
                                                                                                                                     5.313e-02                                                                                         
                                                                                                                                                5.886e-02                                                                              
                                                                                                                                                           5.888e-02                                                                   
                                                                                                                                                                      6.282e-02                                                        
                                                                                                                                                                                 6.282e-02                                             
                                                                                                                                                                                            6.603e-02                                  
                                                                                                                                                                                                       6.603e-02                       
                                                                                                                                                                                                                  6.785e-02            
                                                                                                                                                                                                                             6.785e-02 
Matrix:
 1.955e-01                                                                                                                                                                                                                             
            6.106e+00                                                                                                                                                                                                                  
                       1.843e+01                                                                                                                                                                                                       
                                  7.679e+01                                                                                                                                                                                            
                                             1.437e+02                                                                                                                                                                                 
                                                        3.552e+02                                                                                                                                                                      
                                                                   5.528e+02                                                                                                                                                           
                                                                              1.071e+03                                                                                                                                                
                                                                                         1.510e+03                                                                                                                                     
                                                                                                    2.538e+03                                                                                                                          
                                                                                                               3.366e+03                                                                                                               
                                                                                                                          5.157e+03                                                                                                    
                                                                                                                                     6.551e+03                                                                                         
                                                                                                                                                9.527e+03                                                                              
                                                                                                                                                           1.164e+04                                                                   
                                                                                                                                                                      1.434e+04                                                        
                                                                                                                                                                                 1.771e+04                                             
                                                                                                                                                                                            3.823e+04                                  
                                                                                                                                                                                                       3.910e+04                       
                                                                                                                                                                                                                  3.992e+04            
                                                                                                                                                                                                                             1.013e+05 
Reference matrix:
 1.955e-01                                                                                                                                                                                                                             
            6.106e+00                                                                                                                                                                                                                  
                       1.843e+01                                                                                                                                                                                                       
                                  7.679e+01                                                                                                                                                                                            
                                             1.437e+02                                                                                                                                                                                 
                                                        3.552e+02                                                                                                                                                                      
                                                                   5.528e+02                                                                                                                                                           
                                                                              1.071e+03                                                                                                                                                
                                                                                         1.510e+03                                                                                                                                     
                                                                                                    2.538e+03                                                                                                                          
                                                                                                               3.366e+03                                                                                                               
                                                                                                                          5.157e+03                                                                                                    
                                                                                                                                     6.551e+03                                                                                         
                                                                                                                                                9.527e+03                                                                              
                                                                                                                                                           1.164e+04                                                                   
                                                                                                                                                                      1.434e+04                                                        
                                                                                                                                                                                 1.771e+04                                             
                                                                                                                                                                                            3.823e+04                                  
                                                                                                                                                                                                       3.910e+04                       
                                                                                                                                                                                                                  3.992e+04            
                                                                                                                                                                                                                             1.013e+05 

Constructing 1D reference problem
Distributed 23 dofs subject to FE_Q<1>(11)
Global DoFs on patch in lexicographic order: [2, 3, 4, 5, 6, 7, 8, 9, 10, 11, 1, 13, 14, 15, 16, 17, 18, 19, 20, 21, 22]
Eigenvalues(mass):
6.884e-03 1.858e-02 1.881e-02 2.292e-02 2.292e-02 3.366e-02 3.375e-02 3.949e-02 3.949e-02 4.767e-02 4.771e-02 5.313e-02 5.313e-02 5.886e-02 5.888e-02 6.282e-02 6.282e-02 6.603e-02 6.603e-02 6.785e-02 6.785e-02 
Matrix:
 2.192e-02  1.308e-03 -1.517e-03  1.650e-03 -1.715e-03  1.715e-03 -1.650e-03  1.517e-03 -1.308e-03  9.966e-04 -4.051e-04                                                                                                               
 1.308e-03  3.778e-02  1.992e-03 -2.166e-03  2.251e-03 -2.251e-03  2.166e-03 -1.992e-03  1.717e-03 -1.308e-03  5.318e-04                                                                                                               
-1.517e-03  1.992e-03  5.082e-02  2.512e-03 -2.610e-03  2.610e-03 -2.512e-03  2.310e-03 -1.992e-03  1.517e-03 -6.168e-04                                                                                                               
 1.650e-03 -2.166e-03  2.512e-03  6.009e-02  2.839e-03 -2.839e-03  2.731e-03 -2.512e-03  2.166e-03 -1.650e-03  6.707e-04                                                                                                               
-1.715e-03  2.251e-03 -2.610e-03  2.839e-03  6.490e-02  2.950e-03 -2.839e-03  2.610e-03 -2.251e-03  1.715e-03 -6.970e-04                                                                                                               
 1.715e-03 -2.251e-03  2.610e-03 -2.839e-03  2.950e-03  6.490e-02  2.839e-03 -2.610e-03  2.251e-03 -1.715e-03  6.970e-04                                                                                                               
-1.650e-03  2.166e-03 -2.512e-03  2.731e-03 -2.839e-03  2.839e-03  6.009e-02  2.512e-03 -2.166e-03  1.650e-03 -6.707e-04                                                                                                               
 1.517e-03 -1.992e-03  2.310e-03 -2.512e-03  2.610e-03 -2.610e-03  2.512e-03  5.082e-02  1.992e-03 -1.517e-03  6.168e-04                                                                                                               
-1.308e-03  1.717e-03 -1.992e-03  2.166e-03 -2.251e-03  2.251e-03 -2.166e-03  1.992e-03  3.778e-02  1.308e-03 -5.318e-04                                                                                                               
 9.966e-04 -1.308e-03  1.517e-03 -1.650e-03  1.715e-03 -1.715e-03  1.650e-03 -1.517e-03  1.308e-03  2.192e-02  4.051e-04                                                                                                               
-4.051e-04  5.318e-04 -6.168e-04  6.707e-04 -6.970e-04  6.970e-04 -6.707e-04  6.168e-04 -5.318e-04  4.051e-04  7.246e-03  4.051e-04 -5.318e-04  6.168e-04 -6.707e-04  6.970e-04 -6.970e-04  6.707e-04 -6.168e-04  5.318e-04 -4.051e-04 
                                                                                                               4.051e-04  2.192e-02  1.308e-03 -1.517e-03  1.650e-03 -1.715e-03  1.715e-03 -1.650e-03  1.517e-03 -1.308e-03  9.966e-04 
                                                                                                              -5.318e-04  1.308e-03  3.778e-02  1.992e-03 -2.166e-03  2.251e-03 -2.251e-03  2.166e-03 -1.992e-03  1.717e-03 -1.308e-03 
                                                                                                               6.168e-04 -1.517e-03  1.992e-03  5.082e-02  2.512e-03 -2.610e-03  2.610e-03 -2.512e-03  2.310e-03 -1.992e-03  1.517e-03 
                                                                                                              -6.707e-04  1.650e-03 -2.166e-03  2.512e-03  6.009e-02  2.839e-03 -2.839e-03  2.731e-03 -2.512e-03  2.166e-03 -1.650e-03 
                                                                                                               6.970e-04 -1.715e-03  2.251e-03 -2.610e-03  2.839e-03  6.490e-02  2.950e-03 -2.839e-03  2.610e-03 -2.251e-03  1.715e-03 
                                                                                                              -6.970e-04  1.715e-03 -2.251e-03  2.610e-03 -2.839e-03  2.950e-03  6.490e-02  2.839e-03 -2.610e-03  2.251e-03 -1.715e-03 
                                                                                                               6.707e-04 -1.650e-03  2.166e-03 -2.512e-03  2.731e-03 -2.839e-03  2.839e-03  6.009e-02  2.512e-03 -2.166e-03  1.650e-03 
                                                                                                              -6.168e-04  1.517e-03 -1.992e-03  2.310e-03 -2.512e-03  2.610e-03 -2.610e-03  2.512e-03  5.082e-02  1.992e-03 -1.517e-03 
                                                                                                               5.318e-04 -1.308e-03  1.717e-03 -1.992e-03  2.166e-03 -2.251e-03  2.251e-03 -2.166e-03  1.992e-03  3.778e-02  1.308e-03 
                                                                                                              -4.051e-04  9.966e-04 -1.308e-03  1.517e-03 -1.650e-03  1.715e-03 -1.715e-03  1.650e-03 -1.517e-03  1.308e-03  2.192e-02 
Reference matrix:
 2.192e-02  1.308e-03 -1.517e-03  1.650e-03 -1.715e-03  1.715e-03 -1.650e-03  1.517e-03 -1.308e-03  9.966e-04 -4.051e-04                                                                                                               
 1.308e-03  3.778e-02  1.992e-03 -2.166e-03  2.251e-03 -2.251e-03  2.166e-03 -1.992e-03  1.717e-03 -1.308e-03  5.318e-04                                                                                                               
-1.517e-03  1.992e-03  5.082e-02  2.512e-03 -2.610e-03  2.610e-03 -2.512e-03  2.310e-03 -1.992e-03  1.517e-03 -6.168e-04                                                                                                               
 1.650e-03 -2.166e-03  2.512e-03  6.009e-02  2.839e-03 -2.839e-03  2.731e-03 -2.512e-03  2.166e-03 -1.650e-03  6.707e-04                                                                                                               
-1.715e-03  2.251e-03 -2.610e-03  2.839e-03  6.490e-02  2.950e-03 -2.839e-03  2.610e-03 -2.251e-03  1.715e-03 -6.970e-04                                                                                                               
 1.715e-03 -2.251e-03  2.610e-03 -2.839e-03  2.950e-03  6.490e-02  2.839e-03 -2.610e-03  2.251e-03 -1.715e-03  6.970e-04                                                                                                               
-1.650e-03  2.166e-03 -2.512e-03  2.731e-03 -2.839e-03  2.839e-03  6.009e-02  2.512e-03 -2.166e-03  1.650e-03 -6.707e-04                                                                                                               
 1.517e-03 -1.992e-03  2.310e-03 -2.512e-03  2.610e-03 -2.610e-03  2.512e-03  5.082e-02  1.992e-03 -1.517e-03  6.168e-04                                                                                                               
-1.308e-03  1.717e-03 -1.992e-03  2.166e-03 -2.251e-03  2.251e-03 -2.166e-03  1.992e-03  3.778e-02  1.308e-03 -5.318e-04                                                                                                               
 9.966e-04 -1.308e-03  1.517e-03 -1.650e-03  1.715e-03 -1.715e-03  1.650e-03 -1.517e-03  1.308e-03  2.192e-02  4.051e-04                                                                                                               
-4.051e-04  5.318e-04 -6.168e-04  6.707e-04 -6.970e-04  6.970e-04 -6.707e-04  6.168e-04 -5.318e-04  4.051e-04  7.246e-03  4.051e-04 -5.318e-04  6.168e-04 -6.707e-04  6.970e-04 -6.970e-04  6.707e-04 -6.168e-04  5.318e-04 -4.051e-04 
                                                                                                               4.051e-04  2.192e-02  1.308e-03 -1.517e-03  1.650e-03 -1.715e-03  1.715e-03 -1.650e-03  1.517e-03 -1.308e-03  9.966e-04 
                                                                                                              -5.318e-04  1.308e-03  3.778e-02  1.992e-03 -2.166e-03  2.251e-03 -2.251e-03  2.166e-03 -1.992e-03  1.717e-03 -1.308e-03 
                                                                                                               6.168e-04 -1.517e-03  1.992e-03  5.082e-02  2.512e-03 -2.610e-03  2.610e-03 -2.512e-03  2.310e-03 -1.992e-03  1.517e-03 
                                                                                                              -6.707e-04  1.650e-03 -2.166e-03  2.512e-03  6.009e-02  2.839e-03 -2.839e-03  2.731e-03 -2.512e-03  2.166e-03 -1.650e-03 
                                                                                                               6.970e-04 -1.715e-03  2.251e-03 -2.610e-03  2.839e-03  6.490e-02  2.950e-03 -2.839e-03  2.610e-03 -2.251e-03  1.715e-03 
                                                                                                              -6.970e-04  1.715e-03 -2.251e-03  2.610e-03 -2.839e-03  2.950e-03  6.490e-02  2.839e-03 -2.610e-03  2.251e-03 -1.715e-03 
                                                                                                               6.707e-04 -1.650e-03  2.166e-03 -2.512e-03  2.731e-03 -2.839e-03  2.839e-03  6.009e-02  2.512e-03 -2.166e-03  1.650e-03 
                                                                                                              -6.168e-04  1.517e-03 -1.992e-03  2.310e-03 -2.512e-03  2.610e-03 -2.610e-03  2.512e-03  5.082e-02  1.992e-03 -1.517e-03 
                                                                                                               5.318e-04 -1.308e-03  1.717e-03 -1.992e-03  2.166e-03 -2.251e-03  2.251e-03 -2.166e-03  1.992e-03  3.778e-02  1.308e-03 
                                                                                                              -4.051e-04  9.966e-04 -1.308e-03  1.517e-03 -1.650e-03  1.715e-03 -1.715e-03  1.650e-03 -1.517e-03  1.308e-03  2.192e-02 
Matrix:
 1.514e+01                                                                                                                                                                                                                             
            1.519e+01                                                                                                                                                                                                                  
                       1.542e+01                                                                                                                                                                                                       
                                  1.542e+01                                                                                                                                                                                            
                                             1.704e+01                                                                                                                                                                                 
                                                        1.720e+01                                                                                                                                                                      
                                                                   1.843e+01                                                                                                                                                           
                                                                              1.847e+01                                                                                                                                                
                                                                                         2.147e+01                                                                                                                                     
                                                                                                    2.177e+01                                                                                                                          
                                                                                                               2.639e+01                                                                                                               
                                                                                                                          2.657e+01                                                                                                    
                                                                                                                                     3.303e+01                                                                                         
                                                                                                                                                3.309e+01                                                                              
                                                                                                                                                           5.715e+01                                                                   
                                                                                                                                                                      6.594e+01                                                        
                                                                                                                                                                                 8.130e+01                                             
                                                                                                                                                                                            1.286e+02                                  
                                                                                                                                                                                                       3.192e+02                       
                                                                                                                                                                                                                  2.089e+03            
                                                                                                                                                                                                                             5.748e+03 
Reference matrix:
 1.514e+01                                                                                                                                                                                                                             
            1.519e+01                                                                                                                                                                                                                  
                       1.542e+01                                                                                                                                                                                                       
                                  1.542e+01                                                                                                                                                                                            
                                             1.704e+01                                                                                                                                                                                 
                                                        1.720e+01                                                                                                                                                                      
                                                                   1.843e+01                                                                                                                                                           
                                                                              1.847e+01                                                                                                                                                
                                                                                         2.147e+01                                                                                                                                     
                                                                                                    2.177e+01                                                                                                                          
                                                                                                               2.639e+01                                                                                                               
                                                                                                                          2.657e+01                                                                                                    
                                                                                                                                     3.303e+01                                                                                         
                                                                                                                                                3.309e+01                                                                              
                                                                                                                                                           5.715e+01                                                                   
                                                                                                                                                                      6.594e+01                                                        
                                                                                                                                                                                 8.130e+01                                             
                                                                                                                                                                                            1.286e+02                                  
                                                                                                                                                                                                       3.192e+02                       
                                                                                                                                                                                                                  2.089e+03            
                                                                                                                                                                                                                             5.748e+03 
Matrix:
 9.870e+00                                                                                                                                                                                                                             
            3.948e+01                                                                                                                                                                                                                  
                       8.883e+01                                                                                                                                                                                                       
                                  1.579e+02                                                                                                                                                                                            
                                             2.467e+02                                                                                                                                                                                 
                                                        3.553e+02                                                                                                                                                                      
                                                                   4.836e+02                                                                                                                                                           
                                                                              6.317e+02                                                                                                                                                
                                                                                         7.995e+02                                                                                                                                     
                                                                                                    9.882e+02                                                                                                                          
                                                                                                               1.198e+03                                                                                                               
                                                                                                                          1.427e+03                                                                                                    
                                                                                                                                     1.713e+03                                                                                         
                                                                                                                                                2.127e+03                                                                              
                                                                                                                                                           2.507e+03                                                                   
                                                                                                                                                                      2.907e+03                                                        
                                                                                                                                                                                 4.135e+03                                             
                                                                                                                                                                                            7.410e+03                                  
                                                                                                                                                                                                       8.788e+03                       
                                                                                                                                                                                                                  1.028e+04            
                                                                                                                                                                                                                             3.399e+04 
Reference matrix:
 9.870e+00                                                                                                                                                                                                                             
            3.948e+01                                                                                                                                                                                                                  
                       8.883e+01                                                                                                                                                                                                       
                                  1.579e+02                                                                                                                                                                                            
                                             2.467e+02                                                                                                                                                                                 
                                                        3.553e+02                                                                                                                                                                      
                                                                   4.836e+02                                                                                                                                                           
                                                                              6.317e+02                                                                                                                                                
                                                                                         7.995e+02                                                                                                                                     
                                                                                                    9.882e+02                                                                                                                          
                                                                                                               1.198e+03                                                                                                               
                                                                                                                          1.427e+03                                                                                                    
                                                                                                                                     1.713e+03                                                                                         
                                                                                                                                                2.127e+03                                                                              
                                                                                                                                                           2.507e+03                                                                   
                                                                                                                                                                      2.907e+03                                                        
                                                                                                                                                                                 4.135e+03                                             
                                                                                                                                                                                            7.410e+03                                  
                                                                                                                                                                                                       8.788e+03                       
                                                                                                                                                                                                                  1.028e+04            
                                                                                                                                                                                                                             3.399e+04 
Matrix:
 5.006e+02            -2.220e-08             4.542e-08                       -2.724e-08  4.488e-08                       -1.539e-08  3.562e-08            -4.160e-08  1.511e-08  5.402e-08            -2.659e-08  3.073e-08            
            3.804e+03                                                                                                                                                -1.662e-08            -2.255e-08            -3.740e-08  8.414e-08 
-1.691e-08             1.462e+04             2.606e-08                       -2.613e-08                                                         1.631e-08 -2.331e-08             4.198e-08  2.867e-08                        2.290e-07 
-1.592e-08                        3.994e+04  2.322e-08                                   2.612e-08 -1.966e-08            -1.946e-08  3.213e-08 -2.170e-08  2.004e-08 -2.799e-08  4.463e-08            -5.183e-08  5.238e-08 -8.357e-08 
 3.397e-08             2.169e-08  2.196e-08  8.914e+04  1.744e-08             4.079e-08 -6.273e-08  2.734e-08             4.271e-08 -5.708e-08  1.806e-08             2.700e-08 -7.347e-08             2.933e-08 -2.606e-08 -1.343e-07 
                                             1.520e-08  1.739e+05            -1.823e-08  2.915e-08 -2.402e-08            -2.697e-08  3.350e-08 -1.718e-08  2.156e-08 -3.304e-08  3.367e-08            -2.141e-08  4.917e-08  3.697e-08 
                                                                   3.082e+05                        1.675e-08             1.794e-08 -2.266e-08  3.029e-08 -4.832e-08  6.527e-08 -2.388e-08            -1.704e-08 -1.534e-08  5.788e-08 
-2.910e-08            -2.584e-08             4.329e-08 -1.773e-08             5.086e+05  5.121e-08 -2.620e-08                        5.447e-08 -3.818e-08  3.430e-08 -6.644e-08  1.046e-07 -1.638e-08 -6.754e-08  1.655e-08 -5.414e-08 
 3.530e-08                        2.324e-08 -6.167e-08  3.286e-08             4.721e-08  7.942e+05  4.002e-08             4.203e-08 -6.646e-08  3.541e-08 -2.579e-08  6.018e-08 -1.184e-07            -4.866e-08  4.741e-08 -9.500e-08 
                                 -1.860e-08  2.391e-08 -2.323e-08  2.159e-08 -2.594e-08  3.808e-08  1.201e+06  3.502e-08 -4.258e-08  5.896e-08 -3.647e-08  5.338e-08 -7.190e-08  7.139e-08            -4.416e-08  3.913e-08 -1.415e-07 
                                                                                                    3.242e-08  1.771e+06  4.254e-08 -4.128e-08  5.601e-08 -8.539e-08  1.002e-07 -5.077e-08            -6.714e-08             3.453e-07 
                                 -1.799e-08  3.988e-08 -2.552e-08  1.559e-08             4.004e-08 -4.080e-08  4.244e-08  2.481e+06  8.088e-08 -8.142e-08  1.146e-07 -1.242e-07  1.427e-07 -7.119e-08 -2.420e-08  5.865e-08 -1.891e-07 
 3.263e-08                        2.867e-08 -6.052e-08  3.591e-08 -2.164e-08  4.748e-08 -7.282e-08  6.275e-08 -4.643e-08  8.168e-08  3.570e+06  8.744e-08 -1.111e-07  1.408e-07 -1.698e-07            -2.191e-08  2.980e-08 -3.050e-07 
                                 -2.221e-08  1.543e-08             3.560e-08 -3.888e-08  3.196e-08 -3.467e-08  6.005e-08 -8.416e-08  8.053e-08  6.642e+06  1.450e-07 -1.898e-07  9.107e-08  5.322e-08 -3.714e-08  2.270e-08 -1.968e-07 
-3.812e-08            -2.333e-08  2.271e-08                       -4.817e-08  3.546e-08 -2.146e-08  4.881e-08 -8.430e-08  1.091e-07 -1.125e-07  1.364e-07  1.091e+07  3.287e-07 -2.018e-07  5.873e-08 -1.474e-07  3.073e-08  1.207e-07 
 1.574e-08 -1.709e-08            -2.726e-08  2.380e-08 -2.905e-08  6.063e-08 -6.621e-08  6.238e-08 -6.681e-08  9.674e-08 -1.271e-07  1.457e-07 -1.837e-07  3.272e-07  1.386e+07  2.455e-07 -1.284e-07  8.522e-08  6.380e-08 -5.473e-07 
 4.434e-08             3.874e-08  4.563e-08 -7.675e-08  3.188e-08 -2.744e-08  1.008e-07 -1.223e-07  6.924e-08 -5.940e-08  1.499e-07 -1.721e-07  9.517e-08 -1.999e-07  2.468e-07  2.569e+07 -2.794e-08 -7.963e-08  5.495e-08 -2.132e-07 
           -2.634e-08                        2.020e-08                                                                   -6.589e-08 -2.305e-08  3.679e-08  6.706e-08 -1.164e-07             1.926e+08  1.825e-07  4.470e-08  3.353e-07 
                                 -5.169e-08  1.770e-08 -2.608e-08 -2.421e-08 -7.264e-08 -5.402e-08 -4.657e-08 -6.519e-08 -3.539e-08 -2.235e-08 -5.215e-08 -1.639e-07  2.980e-08 -7.451e-08  1.565e-07  6.592e+08  3.576e-07            
 3.364e-08 -3.749e-08             4.191e-08 -2.934e-08  4.563e-08 -2.049e-08             4.098e-08  3.539e-08             5.774e-08  2.608e-08             4.470e-08  5.960e-08  8.196e-08  4.470e-08  2.980e-07  7.076e+08 -2.682e-07 
-2.411e-08  7.445e-08  2.518e-07 -8.452e-08 -1.530e-07  3.725e-08  7.730e-08 -4.424e-08 -1.215e-07 -1.341e-07  3.600e-07 -1.565e-07 -3.586e-07 -1.714e-07  1.676e-07 -5.476e-07 -1.974e-07  4.694e-07  7.451e-08 -2.682e-07  3.019e+09 
Reference matrix:
 5.006e+02                                                                                                                                                                                                                             
            3.804e+03                                                                                                                                                                                                                  
                       1.462e+04                                                                                                                                                                                                       
                                  3.994e+04                                                                                                                                                                                            
                                             8.914e+04                                                                                                                                                                                 
                                                        1.739e+05                                                                                                                                                                      
                                                                   3.082e+05                                                                                                                                                           
                                                                              5.086e+05                                                                                                                                                
                                                                                         7.942e+05                                                                                                                                     
                                                                                                    1.201e+06                                                                                                                          
                                                                                                               1.771e+06                                                                                                               
                                                                                                                          2.481e+06                                                                                                    
                                                                                                                                     3.570e+06                                                                                         
                                                                                                                                                6.642e+06                                                                              
                                                                                                                                                           1.091e+07                                                                   
                                                                                                                                                                      1.386e+07                                                        
                                                                                                                                                                                 2.569e+07                                             
                                                                                                                                                                                            1.926e+08                                  
                                                                                                                                                                                                       6.592e+08                       
                                                                                                                                                                                                                  7.076e+08            
                                                                                                                                                                                                                             3.019e+09 
