  Git - deal.II version:                     0a611000a0        
  Git - deal.II branch:                      rt_matrixfree        
  Git - TPSS version:                        39368e5        
  Git - TPSS branch:                         RAS        
  Date:                                      2020/12/3        
  Number of MPI processes:                   40        
  Number of threads per MPI proc:            4        
  Vectorization level:                       SSE2        
  Size of global_dof_index (bits):           64        

  n_refinements (initial):                   1        
  n_repetitions (initial):                   2        
  cg solver reduction:                       1.000e-08    

  //////////////////////////////             //////////////////////////////        
  Poisson run cycle:                         0        

  //////////////////////////////             //////////////////////////////        
  Poisson run cycle:                         1        

  Domain:                                    (0, 1) x (0, 1) x (0, 1)        
  Root mesh:                                 2 x 2 x 2        
  Number of root cells:                      8        
  Number of active cells:                    512        
  Finite element:                            FE_Q<3>(7)        
  Number of run cycles:                      15        
  Lower dof limit:                           100000        
  Upper dof limit:                           100000000        
  Using TBB:                                 true     

  Geometry:                                  Cube        
  Number of refinements:                     1        
  Number of repetitions:                     2        
  Subdivisions per direction:                []        
  Distortion factor:                         -1.000e+00

  Solver:                                    cg        
  Absolute tolerance:                        1.000e-14    
  Relative tolerance:                        1.000e-08    
  Number of maximal iterations:              100        
  Preconditioner:                            GMG        

  Multigrid:                                 V-cycle        
  /// Pre-smoother                                   
  Number of smoothing steps:                 1        
  Doubling of smoothing steps:               false    
  Smoother:                                  Schwarz Smoother        
  Schwarz operator                           Additive Vertex Patch        
  Damping factor                             0.17        
  User-defined coloring                      true     
  Symmetrized Schwarz operator               false    
  Reversed Schwarz operator                  false    
  RAS - weights                              false    
  RAS - boolean weights                      false    
  Number of quad points (surrogate)          5        
  Normalize surrogate patches                false    
  Compute arc length (surrogate)             true     
  Caching strategy                           cached        
  /// Post-smoother                                  
  Number of smoothing steps:                 1        
  Doubling of smoothing steps:               false    
  Smoother:                                  Schwarz Smoother        
  Schwarz operator                           Additive Vertex Patch        
  Damping factor                             0.17        
  User-defined coloring                      true     
  Symmetrized Schwarz operator               false    
  Reversed Schwarz operator                  true     
  RAS - weights                              false    
  RAS - boolean weights                      false    
  Number of quad points (surrogate)          5        
  Normalize surrogate patches                false    
  Compute arc length (surrogate)             true     
  Caching strategy                           cached        
  /// Coarse grid solver                             
  Coarse grid solver:                        Accurate Iterative Solver        
  Iterative solver:                          cg        
  Accuracy:                                  1.000e-12    

  Average reduction (solver):                0.274889        
  Number of iterations (solver):             14.2643        
  ||u - uh||_L2 =                            6.332e-10          
  [SchwarzPrecond] Update residuals:         0.000e+00
  [SchwarzPrecond] Apply inverses:           1.08246        
  [SchwarzPrecond] Compute inverses:         0.0780521        
  [SchwarzPrecond] Copy Locally Owned:       0.254361        
  [SchwarzPrecond] Step:                     1.08286        
  Vertex patch gathering                     0.0100175        
  Vertex patch coloring (user_avoidrace)     0.023618        
  Submit vertex patches                      0.0010316        
  //////////////////////////////             //////////////////////////////        
  Poisson run cycle:                         2        

  Domain:                                    (0, 1) x (0, 1) x (0, 1)        
  Root mesh:                                 2 x 2 x 2        
  Number of root cells:                      8        
  Number of active cells:                    4096        
  Finite element:                            FE_Q<3>(7)        
  Number of run cycles:                      15        
  Lower dof limit:                           100000        
  Upper dof limit:                           100000000        
  Using TBB:                                 true     

  Geometry:                                  Cube        
  Number of refinements:                     1        
  Number of repetitions:                     2        
  Subdivisions per direction:                []        
  Distortion factor:                         -1.000e+00

  Solver:                                    cg        
  Absolute tolerance:                        1.000e-14    
  Relative tolerance:                        1.000e-08    
  Number of maximal iterations:              100        
  Preconditioner:                            GMG        

  Multigrid:                                 V-cycle        
  /// Pre-smoother                                   
  Number of smoothing steps:                 1        
  Doubling of smoothing steps:               false    
  Smoother:                                  Schwarz Smoother        
  Schwarz operator                           Additive Vertex Patch        
  Damping factor                             0.17        
  User-defined coloring                      true     
  Symmetrized Schwarz operator               false    
  Reversed Schwarz operator                  false    
  RAS - weights                              false    
  RAS - boolean weights                      false    
  Number of quad points (surrogate)          5        
  Normalize surrogate patches                false    
  Compute arc length (surrogate)             true     
  Caching strategy                           cached        
  /// Post-smoother                                  
  Number of smoothing steps:                 1        
  Doubling of smoothing steps:               false    
  Smoother:                                  Schwarz Smoother        
  Schwarz operator                           Additive Vertex Patch        
  Damping factor                             0.17        
  User-defined coloring                      true     
  Symmetrized Schwarz operator               false    
  Reversed Schwarz operator                  true     
  RAS - weights                              false    
  RAS - boolean weights                      false    
  Number of quad points (surrogate)          5        
  Normalize surrogate patches                false    
  Compute arc length (surrogate)             true     
  Caching strategy                           cached        
  /// Coarse grid solver                             
  Coarse grid solver:                        Accurate Iterative Solver        
  Iterative solver:                          cg        
  Accuracy:                                  1.000e-12    

  Average reduction (solver):                0.270908        
  Number of iterations (solver):             14.1049        
  ||u - uh||_L2 =                            4.243e-10          
  [SchwarzPrecond] Update residuals:         0.000e+00
  [SchwarzPrecond] Apply inverses:           5.60406        
  [SchwarzPrecond] Compute inverses:         0.238141        
  [SchwarzPrecond] Copy Locally Owned:       2.17185        
  [SchwarzPrecond] Step:                     5.61503        
  Vertex patch gathering                     0.0257006        
  Vertex patch coloring (user_avoidrace)     0.103308        
  Submit vertex patches                      0.00301985        
  //////////////////////////////             //////////////////////////////        
  Poisson run cycle:                         3        

  Domain:                                    (0, 1) x (0, 1) x (0, 1)        
  Root mesh:                                 2 x 2 x 2        
  Number of root cells:                      8        
  Number of active cells:                    32768        
  Finite element:                            FE_Q<3>(7)        
  Number of run cycles:                      15        
  Lower dof limit:                           100000        
  Upper dof limit:                           100000000        
  Using TBB:                                 true     

  Geometry:                                  Cube        
  Number of refinements:                     1        
  Number of repetitions:                     2        
  Subdivisions per direction:                []        
  Distortion factor:                         -1.000e+00

  Solver:                                    cg        
  Absolute tolerance:                        1.000e-14    
  Relative tolerance:                        1.000e-08    
  Number of maximal iterations:              100        
  Preconditioner:                            GMG        

  Multigrid:                                 V-cycle        
  /// Pre-smoother                                   
  Number of smoothing steps:                 1        
  Doubling of smoothing steps:               false    
  Smoother:                                  Schwarz Smoother        
  Schwarz operator                           Additive Vertex Patch        
  Damping factor                             0.17        
  User-defined coloring                      true     
  Symmetrized Schwarz operator               false    
  Reversed Schwarz operator                  false    
  RAS - weights                              false    
  RAS - boolean weights                      false    
  Number of quad points (surrogate)          5        
  Normalize surrogate patches                false    
  Compute arc length (surrogate)             true     
  Caching strategy                           cached        
  /// Post-smoother                                  
  Number of smoothing steps:                 1        
  Doubling of smoothing steps:               false    
  Smoother:                                  Schwarz Smoother        
  Schwarz operator                           Additive Vertex Patch        
  Damping factor                             0.17        
  User-defined coloring                      true     
  Symmetrized Schwarz operator               false    
  Reversed Schwarz operator                  true     
  RAS - weights                              false    
  RAS - boolean weights                      false    
  Number of quad points (surrogate)          5        
  Normalize surrogate patches                false    
  Compute arc length (surrogate)             true     
  Caching strategy                           cached        
  /// Coarse grid solver                             
  Coarse grid solver:                        Accurate Iterative Solver        
  Iterative solver:                          cg        
  Accuracy:                                  1.000e-12    

  Average reduction (solver):                0.265722        
  Number of iterations (solver):             13.8992        
  ||u - uh||_L2 =                            1.528e-09          
  [SchwarzPrecond] Update residuals:         0.000e+00
  [SchwarzPrecond] Apply inverses:           14.1927        
  [SchwarzPrecond] Compute inverses:         0.526848        
  [SchwarzPrecond] Copy Locally Owned:       5.86275        
  [SchwarzPrecond] Step:                     14.2393        
  Vertex patch gathering                     0.0603521        
  Vertex patch coloring (user_avoidrace)     0.433404        
  Submit vertex patches                      0.0340367        
  //////////////////////////////             //////////////////////////////        
  Poisson run cycle:                         4        

  Domain:                                    (0, 1) x (0, 1) x (0, 1)        
  Root mesh:                                 2 x 2 x 2        
  Number of root cells:                      8        
  Number of active cells:                    262144        
  Finite element:                            FE_Q<3>(7)        
  Number of run cycles:                      15        
  Lower dof limit:                           100000        
  Upper dof limit:                           100000000        
  Using TBB:                                 true     

  Geometry:                                  Cube        
  Number of refinements:                     1        
  Number of repetitions:                     2        
  Subdivisions per direction:                []        
  Distortion factor:                         -1.000e+00

  Solver:                                    cg        
  Absolute tolerance:                        1.000e-14    
  Relative tolerance:                        1.000e-08    
  Number of maximal iterations:              100        
  Preconditioner:                            GMG        

  Multigrid:                                 V-cycle        
  /// Pre-smoother                                   
  Number of smoothing steps:                 1        
  Doubling of smoothing steps:               false    
  Smoother:                                  Schwarz Smoother        
  Schwarz operator                           Additive Vertex Patch        
  Damping factor                             0.17        
  User-defined coloring                      true     
  Symmetrized Schwarz operator               false    
  Reversed Schwarz operator                  false    
  RAS - weights                              false    
  RAS - boolean weights                      false    
  Number of quad points (surrogate)          5        
  Normalize surrogate patches                false    
  Compute arc length (surrogate)             true     
  Caching strategy                           cached        
  /// Post-smoother                                  
  Number of smoothing steps:                 1        
  Doubling of smoothing steps:               false    
  Smoother:                                  Schwarz Smoother        
  Schwarz operator                           Additive Vertex Patch        
  Damping factor                             0.17        
  User-defined coloring                      true     
  Symmetrized Schwarz operator               false    
  Reversed Schwarz operator                  true     
  RAS - weights                              false    
  RAS - boolean weights                      false    
  Number of quad points (surrogate)          5        
  Normalize surrogate patches                false    
  Compute arc length (surrogate)             true     
  Caching strategy                           cached        
  /// Coarse grid solver                             
  Coarse grid solver:                        Accurate Iterative Solver        
  Iterative solver:                          cg        
  Accuracy:                                  1.000e-12    

  Average reduction (solver):                0.263547        
  Number of iterations (solver):             13.8135        
  ||u - uh||_L2 =                            1.866e-09          
  [SchwarzPrecond] Update residuals:         0.000e+00
  [SchwarzPrecond] Apply inverses:           69.2919        
  [SchwarzPrecond] Compute inverses:         5.25131        
  [SchwarzPrecond] Copy Locally Owned:       32.9865        
  [SchwarzPrecond] Step:                     69.5387        
  Vertex patch gathering                     0.572452        
  Vertex patch coloring (user_avoidrace)     1.35377        
  Submit vertex patches                      0.15308        
  //////////////////////////////             //////////////////////////////        
  Poisson run cycle:                         5        

  //////////////////////////////             //////////////////////////////        
  Poisson run cycle:                         6        

  //////////////////////////////             //////////////////////////////        
  Poisson run cycle:                         7        

  //////////////////////////////             //////////////////////////////        
  Poisson run cycle:                         8        

  //////////////////////////////             //////////////////////////////        
  Poisson run cycle:                         9        

  //////////////////////////////             //////////////////////////////        
  Poisson run cycle:                         10        

  //////////////////////////////             //////////////////////////////        
  Poisson run cycle:                         11        

  //////////////////////////////             //////////////////////////////        
  Poisson run cycle:                         12        

  //////////////////////////////             //////////////////////////////        
  Poisson run cycle:                         13        

  //////////////////////////////             //////////////////////////////        
  Poisson run cycle:                         14        



+---------------------------------------------+------------+------------+
| Total wallclock time elapsed since start    |       273s |            |
|                                             |            |            |
| Section                         | no. calls |  wall time | % of total |
+---------------------------------+-----------+------------+------------+
| Compute discretization errors   |         4 |      63.5s |        23% |
| Create triangulation            |        15 |      3.73s |       1.4% |
| Distribute dofs                 |         4 |      5.14s |       1.9% |
| Setup MG preconditioner         |         4 |      43.6s |        16% |
| Setup linear system             |         4 |      5.24s |       1.9% |
| Solve                           |         4 |       152s |        56% |
+---------------------------------+-----------+------------+------------+

!TABLEPP
n_levels n_cells  n_dofs  n_colors n_iter  reduction       L2_error       
       3     512   185193        8 14.2643 2.749e-01 6.332e-10    -     - 
       4    4096  1442897        8 14.1049 2.709e-01 4.243e-10 1.49  0.58 
       5   32768 11390625        8 13.8992 2.657e-01 1.528e-09 0.28 -1.86 
       6  262144 90518849        8 13.8135 2.635e-01 1.866e-09 0.82 -0.29 
TABLE!PP
