  //////////////////////////////             //////////////////////////////        
  Poisson run cycle:                         0        

  Domain:                                    (0, 1) x (0, 1)        
  Distorted root mesh:                       32 x 32        
  Number of root cells:                      1024        
  Distortion in %:                           7.5        
  Number of active cells:                    65536        
  Finite element:                            FE_DGQ<2>(3)        
  Number of run cycles:                      3        

  Geometry:                                  CubeDistorted        
  Number of refinements:                     3        
  Number of repetitions:                     32        
  Distortion factor:                         0.075        

  Solver:                                    cg        
  Absolute tolerance:                        1.000e-14    
  Relative tolerance:                        1.000e-08    
  Number of maximal iterations:              100        
  Preconditioner:                            GMG        

  Multigrid:                                 V-cycle        
  /// Pre-smoother                                   
  Number of smoothing steps:                 2        
  Smoother:                                  Schwarz Smoother        
  Schwarz operator                           Multiplicative Vertex Patch        
  Number of smoothing steps                  1        
  Damping factor                             1        
  Patch-local damping factor                 0.9        
  Manual coloring                            true        
  Symmetrized Schwarz operator               false        
  Reversed Schwarz operator                  false        
  Number of quad points (surrogate)          4        
  Normalize surrogate patches                false        
  Compute arc length (surrogate)             true        
  /// Post-smoother                                  
  Number of smoothing steps:                 2        
  Smoother:                                  Schwarz Smoother        
  Schwarz operator                           Multiplicative Vertex Patch        
  Number of smoothing steps                  1        
  Damping factor                             1        
  Patch-local damping factor                 0.9        
  Manual coloring                            true        
  Symmetrized Schwarz operator               false        
  Reversed Schwarz operator                  true        
  Number of quad points (surrogate)          4        
  Normalize surrogate patches                false        
  Compute arc length (surrogate)             true        
  /// Coarse grid solver                             
  Coarse grid solver:                        Accurate Iterative Solver        
  Iterative solver:                          cg        
  Accuracy:                                  1.000e-08    

  Average reduction (solver):                0.0019375        
  Number of iterations (solver):             2.94903        
  ||u - uh||_L2 =                            3.101e-07          
  //////////////////////////////             //////////////////////////////        
  Poisson run cycle:                         1        

  Domain:                                    (0, 1) x (0, 1)        
  Distorted root mesh:                       32 x 32        
  Number of root cells:                      1024        
  Distortion in %:                           7.5        
  Number of active cells:                    262144        
  Finite element:                            FE_DGQ<2>(3)        
  Number of run cycles:                      3        

  Geometry:                                  CubeDistorted        
  Number of refinements:                     3        
  Number of repetitions:                     32        
  Distortion factor:                         0.075        

  Solver:                                    cg        
  Absolute tolerance:                        1.000e-14    
  Relative tolerance:                        1.000e-08    
  Number of maximal iterations:              100        
  Preconditioner:                            GMG        

  Multigrid:                                 V-cycle        
  /// Pre-smoother                                   
  Number of smoothing steps:                 2        
  Smoother:                                  Schwarz Smoother        
  Schwarz operator                           Multiplicative Vertex Patch        
  Number of smoothing steps                  1        
  Damping factor                             1        
  Patch-local damping factor                 0.9        
  Manual coloring                            true        
  Symmetrized Schwarz operator               false        
  Reversed Schwarz operator                  false        
  Number of quad points (surrogate)          4        
  Normalize surrogate patches                false        
  Compute arc length (surrogate)             true        
  /// Post-smoother                                  
  Number of smoothing steps:                 2        
  Smoother:                                  Schwarz Smoother        
  Schwarz operator                           Multiplicative Vertex Patch        
  Number of smoothing steps                  1        
  Damping factor                             1        
  Patch-local damping factor                 0.9        
  Manual coloring                            true        
  Symmetrized Schwarz operator               false        
  Reversed Schwarz operator                  true        
  Number of quad points (surrogate)          4        
  Normalize surrogate patches                false        
  Compute arc length (surrogate)             true        
  /// Coarse grid solver                             
  Coarse grid solver:                        Accurate Iterative Solver        
  Iterative solver:                          cg        
  Accuracy:                                  1.000e-08    

  Average reduction (solver):                0.00197466        
  Number of iterations (solver):             2.95802        
  ||u - uh||_L2 =                            3.446e-07          
  //////////////////////////////             //////////////////////////////        
  Poisson run cycle:                         2        

  Domain:                                    (0, 1) x (0, 1)        
  Distorted root mesh:                       32 x 32        
  Number of root cells:                      1024        
  Distortion in %:                           7.5        
  Number of active cells:                    1048576        
  Finite element:                            FE_DGQ<2>(3)        
  Number of run cycles:                      3        

  Geometry:                                  CubeDistorted        
  Number of refinements:                     3        
  Number of repetitions:                     32        
  Distortion factor:                         0.075        

  Solver:                                    cg        
  Absolute tolerance:                        1.000e-14    
  Relative tolerance:                        1.000e-08    
  Number of maximal iterations:              100        
  Preconditioner:                            GMG        

  Multigrid:                                 V-cycle        
  /// Pre-smoother                                   
  Number of smoothing steps:                 2        
  Smoother:                                  Schwarz Smoother        
  Schwarz operator                           Multiplicative Vertex Patch        
  Number of smoothing steps                  1        
  Damping factor                             1        
  Patch-local damping factor                 0.9        
  Manual coloring                            true        
  Symmetrized Schwarz operator               false        
  Reversed Schwarz operator                  false        
  Number of quad points (surrogate)          4        
  Normalize surrogate patches                false        
  Compute arc length (surrogate)             true        
  /// Post-smoother                                  
  Number of smoothing steps:                 2        
  Smoother:                                  Schwarz Smoother        
  Schwarz operator                           Multiplicative Vertex Patch        
  Number of smoothing steps                  1        
  Damping factor                             1        
  Patch-local damping factor                 0.9        
  Manual coloring                            true        
  Symmetrized Schwarz operator               false        
  Reversed Schwarz operator                  true        
  Number of quad points (surrogate)          4        
  Normalize surrogate patches                false        
  Compute arc length (surrogate)             true        
  /// Coarse grid solver                             
  Coarse grid solver:                        Accurate Iterative Solver        
  Iterative solver:                          cg        
  Accuracy:                                  1.000e-08    

  Average reduction (solver):                0.00198511        
  Number of iterations (solver):             2.96053        
  ||u - uh||_L2 =                            3.548e-07          


+---------------------------------------------+------------+------------+
| Total wallclock time elapsed since start    |      71.9s |            |
|                                             |            |            |
| Section                         | no. calls |  wall time | % of total |
+---------------------------------+-----------+------------+------------+
| Create triangulation            |         3 |      1.07s |       1.5% |
| Distribute dofs                 |         3 |     0.469s |      0.65% |
| Setup MG preconditioner         |         3 |      67.3s |        94% |
| Setup linear system             |         3 |      2.73s |       3.8% |
| Solve                           |         3 |      40.5s |        56% |
+---------------------------------+-----------+------------+------------+

n_levels n_cells  n_dofs  n_colors n_iter reduction 
       4   65536  1048576        8 2.9490 1.937e-03 
       5  262144  4194304        8 2.9580 1.975e-03 
       6 1048576 16777216        8 2.9605 1.985e-03 
