  //////////////////////////////             //////////////////////////////        
  Poisson run cycle:                         0        

  Domain:                                    (0, 1) x (0, 1)        
  Distorted root mesh:                       32 x 32        
  Number of root cells:                      1024        
  Distortion in %:                           10        
  Number of active cells:                    65536        
  Finite element:                            FE_DGQ<2>(3)        
  Number of run cycles:                      3        

  Geometry:                                  CubeDistorted        
  Number of refinements:                     3        
  Number of repetitions:                     32        
  Distortion factor:                         0.1        

  Solver:                                    cg        
  Absolute tolerance:                        1.000e-14    
  Relative tolerance:                        1.000e-08    
  Number of maximal iterations:              100        
  Preconditioner:                            GMG        

  Multigrid:                                 V-cycle        
  /// Pre-smoother                                   
  Number of smoothing steps:                 1        
  Smoother:                                  Schwarz Smoother        
  Schwarz operator                           Multiplicative Vertex Patch        
  Number of smoothing steps                  1        
  Damping factor                             1        
  Patch-local damping factor                 0.1        
  Manual coloring                            true        
  Symmetrized Schwarz operator               false        
  Reversed Schwarz operator                  false        
  Number of quad points (surrogate)          4        
  Normalize surrogate patches                false        
  Compute arc length (surrogate)             true        
  /// Post-smoother                                  
  Number of smoothing steps:                 1        
  Smoother:                                  Schwarz Smoother        
  Schwarz operator                           Multiplicative Vertex Patch        
  Number of smoothing steps                  1        
  Damping factor                             1        
  Patch-local damping factor                 0.1        
  Manual coloring                            true        
  Symmetrized Schwarz operator               false        
  Reversed Schwarz operator                  true        
  Number of quad points (surrogate)          4        
  Normalize surrogate patches                false        
  Compute arc length (surrogate)             true        
  /// Coarse grid solver                             
  Coarse grid solver:                        Accurate Iterative Solver        
  Iterative solver:                          cg        
  Accuracy:                                  1.000e-08    

  Average reduction (solver):                0.595769        
  Number of iterations (solver):             35.5679        
  ||u - uh||_L2 =                            2.869e-09          
  //////////////////////////////             //////////////////////////////        
  Poisson run cycle:                         1        

  Domain:                                    (0, 1) x (0, 1)        
  Distorted root mesh:                       32 x 32        
  Number of root cells:                      1024        
  Distortion in %:                           10        
  Number of active cells:                    262144        
  Finite element:                            FE_DGQ<2>(3)        
  Number of run cycles:                      3        

  Geometry:                                  CubeDistorted        
  Number of refinements:                     3        
  Number of repetitions:                     32        
  Distortion factor:                         0.1        

  Solver:                                    cg        
  Absolute tolerance:                        1.000e-14    
  Relative tolerance:                        1.000e-08    
  Number of maximal iterations:              100        
  Preconditioner:                            GMG        

  Multigrid:                                 V-cycle        
  /// Pre-smoother                                   
  Number of smoothing steps:                 1        
  Smoother:                                  Schwarz Smoother        
  Schwarz operator                           Multiplicative Vertex Patch        
  Number of smoothing steps                  1        
  Damping factor                             1        
  Patch-local damping factor                 0.1        
  Manual coloring                            true        
  Symmetrized Schwarz operator               false        
  Reversed Schwarz operator                  false        
  Number of quad points (surrogate)          4        
  Normalize surrogate patches                false        
  Compute arc length (surrogate)             true        
  /// Post-smoother                                  
  Number of smoothing steps:                 1        
  Smoother:                                  Schwarz Smoother        
  Schwarz operator                           Multiplicative Vertex Patch        
  Number of smoothing steps                  1        
  Damping factor                             1        
  Patch-local damping factor                 0.1        
  Manual coloring                            true        
  Symmetrized Schwarz operator               false        
  Reversed Schwarz operator                  true        
  Number of quad points (surrogate)          4        
  Normalize surrogate patches                false        
  Compute arc length (surrogate)             true        
  /// Coarse grid solver                             
  Coarse grid solver:                        Accurate Iterative Solver        
  Iterative solver:                          cg        
  Accuracy:                                  1.000e-08    

  Average reduction (solver):                0.650502        
  Number of iterations (solver):             42.8377        
  ||u - uh||_L2 =                            7.403e-09          
  //////////////////////////////             //////////////////////////////        
  Poisson run cycle:                         2        

  Domain:                                    (0, 1) x (0, 1)        
  Distorted root mesh:                       32 x 32        
  Number of root cells:                      1024        
  Distortion in %:                           10        
  Number of active cells:                    1048576        
  Finite element:                            FE_DGQ<2>(3)        
  Number of run cycles:                      3        

  Geometry:                                  CubeDistorted        
  Number of refinements:                     3        
  Number of repetitions:                     32        
  Distortion factor:                         0.1        

  Solver:                                    cg        
  Absolute tolerance:                        1.000e-14    
  Relative tolerance:                        1.000e-08    
  Number of maximal iterations:              100        
  Preconditioner:                            GMG        

  Multigrid:                                 V-cycle        
  /// Pre-smoother                                   
  Number of smoothing steps:                 1        
  Smoother:                                  Schwarz Smoother        
  Schwarz operator                           Multiplicative Vertex Patch        
  Number of smoothing steps                  1        
  Damping factor                             1        
  Patch-local damping factor                 0.1        
  Manual coloring                            true        
  Symmetrized Schwarz operator               false        
  Reversed Schwarz operator                  false        
  Number of quad points (surrogate)          4        
  Normalize surrogate patches                false        
  Compute arc length (surrogate)             true        
  /// Post-smoother                                  
  Number of smoothing steps:                 1        
  Smoother:                                  Schwarz Smoother        
  Schwarz operator                           Multiplicative Vertex Patch        
  Number of smoothing steps                  1        
  Damping factor                             1        
  Patch-local damping factor                 0.1        
  Manual coloring                            true        
  Symmetrized Schwarz operator               false        
  Reversed Schwarz operator                  true        
  Number of quad points (surrogate)          4        
  Normalize surrogate patches                false        
  Compute arc length (surrogate)             true        
  /// Coarse grid solver                             
  Coarse grid solver:                        Accurate Iterative Solver        
  Iterative solver:                          cg        
  Accuracy:                                  1.000e-08    

  Average reduction (solver):                0.706702        
  Number of iterations (solver):             53.0632        
  ||u - uh||_L2 =                            4.453e-09          


+---------------------------------------------+------------+------------+
| Total wallclock time elapsed since start    |       403s |            |
|                                             |            |            |
| Section                         | no. calls |  wall time | % of total |
+---------------------------------+-----------+------------+------------+
| Create triangulation            |         3 |      1.04s |      0.26% |
| Distribute dofs                 |         3 |     0.467s |      0.12% |
| Setup MG preconditioner         |         3 |       399s |        99% |
| Setup linear system             |         3 |      2.74s |      0.68% |
| Solve                           |         3 |       375s |        93% |
+---------------------------------+-----------+------------+------------+

n_levels n_cells  n_dofs  n_colors n_iter  reduction 
       4   65536  1048576        8 35.5679 5.958e-01 
       5  262144  4194304        8 42.8377 6.505e-01 
       6 1048576 16777216        8 53.0632 7.067e-01 
