  //////////////////////////////             //////////////////////////////        
  Poisson run cycle:                         0        

  Domain:                                    (0, 1) x (0, 1)        
  Distorted root mesh:                       32 x 32        
  Number of root cells:                      1024        
  Distortion in %:                           5        
  Number of active cells:                    65536        
  Finite element:                            FE_DGQ<2>(3)        
  Number of run cycles:                      3        

  Geometry:                                  CubeDistorted        
  Number of refinements:                     3        
  Number of repetitions:                     32        
  Distortion factor:                         0.05        

  Solver:                                    cg        
  Absolute tolerance:                        1.000e-14    
  Relative tolerance:                        1.000e-08    
  Number of maximal iterations:              100        
  Preconditioner:                            GMG        

  Multigrid:                                 V-cycle        
  /// Pre-smoother                                   
  Number of smoothing steps:                 1        
  Smoother:                                  Schwarz Smoother        
  Schwarz operator                           Multiplicative Vertex Patch        
  Number of smoothing steps                  1        
  Damping factor                             1        
  Patch-local damping factor                 1        
  Manual coloring                            true        
  Symmetrized Schwarz operator               false        
  Reversed Schwarz operator                  false        
  Number of quad points (surrogate)          4        
  Normalize surrogate patches                false        
  Compute arc length (surrogate)             true        
  /// Post-smoother                                  
  Number of smoothing steps:                 1        
  Smoother:                                  Schwarz Smoother        
  Schwarz operator                           Multiplicative Vertex Patch        
  Number of smoothing steps                  1        
  Damping factor                             1        
  Patch-local damping factor                 1        
  Manual coloring                            true        
  Symmetrized Schwarz operator               false        
  Reversed Schwarz operator                  true        
  Number of quad points (surrogate)          4        
  Normalize surrogate patches                false        
  Compute arc length (surrogate)             true        
  /// Coarse grid solver                             
  Coarse grid solver:                        Accurate Iterative Solver        
  Iterative solver:                          cg        
  Accuracy:                                  1.000e-08    

  Average reduction (solver):                0.00739394        
  Number of iterations (solver):             3.75389        
  ||u - uh||_L2 =                            5.655e-08          
  //////////////////////////////             //////////////////////////////        
  Poisson run cycle:                         1        

  Domain:                                    (0, 1) x (0, 1)        
  Distorted root mesh:                       32 x 32        
  Number of root cells:                      1024        
  Distortion in %:                           5        
  Number of active cells:                    262144        
  Finite element:                            FE_DGQ<2>(3)        
  Number of run cycles:                      3        

  Geometry:                                  CubeDistorted        
  Number of refinements:                     3        
  Number of repetitions:                     32        
  Distortion factor:                         0.05        

  Solver:                                    cg        
  Absolute tolerance:                        1.000e-14    
  Relative tolerance:                        1.000e-08    
  Number of maximal iterations:              100        
  Preconditioner:                            GMG        

  Multigrid:                                 V-cycle        
  /// Pre-smoother                                   
  Number of smoothing steps:                 1        
  Smoother:                                  Schwarz Smoother        
  Schwarz operator                           Multiplicative Vertex Patch        
  Number of smoothing steps                  1        
  Damping factor                             1        
  Patch-local damping factor                 1        
  Manual coloring                            true        
  Symmetrized Schwarz operator               false        
  Reversed Schwarz operator                  false        
  Number of quad points (surrogate)          4        
  Normalize surrogate patches                false        
  Compute arc length (surrogate)             true        
  /// Post-smoother                                  
  Number of smoothing steps:                 1        
  Smoother:                                  Schwarz Smoother        
  Schwarz operator                           Multiplicative Vertex Patch        
  Number of smoothing steps                  1        
  Damping factor                             1        
  Patch-local damping factor                 1        
  Manual coloring                            true        
  Symmetrized Schwarz operator               false        
  Reversed Schwarz operator                  true        
  Number of quad points (surrogate)          4        
  Normalize surrogate patches                false        
  Compute arc length (surrogate)             true        
  /// Coarse grid solver                             
  Coarse grid solver:                        Accurate Iterative Solver        
  Iterative solver:                          cg        
  Accuracy:                                  1.000e-08    

  Average reduction (solver):                0.00755604        
  Number of iterations (solver):             3.77055        
  ||u - uh||_L2 =                            6.716e-08          
  //////////////////////////////             //////////////////////////////        
  Poisson run cycle:                         2        

  Domain:                                    (0, 1) x (0, 1)        
  Distorted root mesh:                       32 x 32        
  Number of root cells:                      1024        
  Distortion in %:                           5        
  Number of active cells:                    1048576        
  Finite element:                            FE_DGQ<2>(3)        
  Number of run cycles:                      3        

  Geometry:                                  CubeDistorted        
  Number of refinements:                     3        
  Number of repetitions:                     32        
  Distortion factor:                         0.05        

  Solver:                                    cg        
  Absolute tolerance:                        1.000e-14    
  Relative tolerance:                        1.000e-08    
  Number of maximal iterations:              100        
  Preconditioner:                            GMG        

  Multigrid:                                 V-cycle        
  /// Pre-smoother                                   
  Number of smoothing steps:                 1        
  Smoother:                                  Schwarz Smoother        
  Schwarz operator                           Multiplicative Vertex Patch        
  Number of smoothing steps                  1        
  Damping factor                             1        
  Patch-local damping factor                 1        
  Manual coloring                            true        
  Symmetrized Schwarz operator               false        
  Reversed Schwarz operator                  false        
  Number of quad points (surrogate)          4        
  Normalize surrogate patches                false        
  Compute arc length (surrogate)             true        
  /// Post-smoother                                  
  Number of smoothing steps:                 1        
  Smoother:                                  Schwarz Smoother        
  Schwarz operator                           Multiplicative Vertex Patch        
  Number of smoothing steps                  1        
  Damping factor                             1        
  Patch-local damping factor                 1        
  Manual coloring                            true        
  Symmetrized Schwarz operator               false        
  Reversed Schwarz operator                  true        
  Number of quad points (surrogate)          4        
  Normalize surrogate patches                false        
  Compute arc length (surrogate)             true        
  /// Coarse grid solver                             
  Coarse grid solver:                        Accurate Iterative Solver        
  Iterative solver:                          cg        
  Accuracy:                                  1.000e-08    

  Average reduction (solver):                0.00761056        
  Number of iterations (solver):             3.77611        
  ||u - uh||_L2 =                            6.941e-08          


+---------------------------------------------+------------+------------+
| Total wallclock time elapsed since start    |      71.6s |            |
|                                             |            |            |
| Section                         | no. calls |  wall time | % of total |
+---------------------------------+-----------+------------+------------+
| Create triangulation            |         3 |      1.05s |       1.5% |
| Distribute dofs                 |         3 |     0.493s |      0.69% |
| Setup MG preconditioner         |         3 |      66.4s |        93% |
| Setup linear system             |         3 |      3.31s |       4.6% |
| Solve                           |         3 |      40.3s |        56% |
+---------------------------------+-----------+------------+------------+

n_levels n_cells  n_dofs  n_colors n_iter reduction 
       4   65536  1048576        8 3.7539 7.394e-03 
       5  262144  4194304        8 3.7706 7.556e-03 
       6 1048576 16777216        8 3.7761 7.611e-03 
