  //////////////////////////////             //////////////////////////////        
  Poisson run cycle:                         0        

  Domain:                                    (0, 1) x (0, 1)        
  Distorted root mesh:                       32 x 32        
  Number of root cells:                      1024        
  Distortion in %:                           2.5        
  Number of active cells:                    65536        
  Finite element:                            FE_DGQ<2>(3)        
  Number of run cycles:                      3        

  Geometry:                                  CubeDistorted        
  Number of refinements:                     3        
  Number of repetitions:                     32        
  Distortion factor:                         0.025        

  Solver:                                    cg        
  Absolute tolerance:                        1.000e-14    
  Relative tolerance:                        1.000e-08    
  Number of maximal iterations:              100        
  Preconditioner:                            GMG        

  Multigrid:                                 V-cycle        
  /// Pre-smoother                                   
  Number of smoothing steps:                 2        
  Smoother:                                  Schwarz Smoother        
  Schwarz operator                           Multiplicative Vertex Patch        
  Number of smoothing steps                  1        
  Damping factor                             1        
  Patch-local damping factor                 0.1        
  Manual coloring                            true        
  Symmetrized Schwarz operator               false        
  Reversed Schwarz operator                  false        
  Number of quad points (surrogate)          4        
  Normalize surrogate patches                false        
  Compute arc length (surrogate)             true        
  /// Post-smoother                                  
  Number of smoothing steps:                 2        
  Smoother:                                  Schwarz Smoother        
  Schwarz operator                           Multiplicative Vertex Patch        
  Number of smoothing steps                  1        
  Damping factor                             1        
  Patch-local damping factor                 0.1        
  Manual coloring                            true        
  Symmetrized Schwarz operator               false        
  Reversed Schwarz operator                  true        
  Number of quad points (surrogate)          4        
  Normalize surrogate patches                false        
  Compute arc length (surrogate)             true        
  /// Coarse grid solver                             
  Coarse grid solver:                        Accurate Iterative Solver        
  Iterative solver:                          cg        
  Accuracy:                                  1.000e-08    

  Average reduction (solver):                0.424432        
  Number of iterations (solver):             21.4943        
  ||u - uh||_L2 =                            8.477e-09          
  //////////////////////////////             //////////////////////////////        
  Poisson run cycle:                         1        

  Domain:                                    (0, 1) x (0, 1)        
  Distorted root mesh:                       32 x 32        
  Number of root cells:                      1024        
  Distortion in %:                           2.5        
  Number of active cells:                    262144        
  Finite element:                            FE_DGQ<2>(3)        
  Number of run cycles:                      3        

  Geometry:                                  CubeDistorted        
  Number of refinements:                     3        
  Number of repetitions:                     32        
  Distortion factor:                         0.025        

  Solver:                                    cg        
  Absolute tolerance:                        1.000e-14    
  Relative tolerance:                        1.000e-08    
  Number of maximal iterations:              100        
  Preconditioner:                            GMG        

  Multigrid:                                 V-cycle        
  /// Pre-smoother                                   
  Number of smoothing steps:                 2        
  Smoother:                                  Schwarz Smoother        
  Schwarz operator                           Multiplicative Vertex Patch        
  Number of smoothing steps                  1        
  Damping factor                             1        
  Patch-local damping factor                 0.1        
  Manual coloring                            true        
  Symmetrized Schwarz operator               false        
  Reversed Schwarz operator                  false        
  Number of quad points (surrogate)          4        
  Normalize surrogate patches                false        
  Compute arc length (surrogate)             true        
  /// Post-smoother                                  
  Number of smoothing steps:                 2        
  Smoother:                                  Schwarz Smoother        
  Schwarz operator                           Multiplicative Vertex Patch        
  Number of smoothing steps                  1        
  Damping factor                             1        
  Patch-local damping factor                 0.1        
  Manual coloring                            true        
  Symmetrized Schwarz operator               false        
  Reversed Schwarz operator                  true        
  Number of quad points (surrogate)          4        
  Normalize surrogate patches                false        
  Compute arc length (surrogate)             true        
  /// Coarse grid solver                             
  Coarse grid solver:                        Accurate Iterative Solver        
  Iterative solver:                          cg        
  Accuracy:                                  1.000e-08    

  Average reduction (solver):                0.446784        
  Number of iterations (solver):             22.8635        
  ||u - uh||_L2 =                            1.551e-08          
  //////////////////////////////             //////////////////////////////        
  Poisson run cycle:                         2        

  Domain:                                    (0, 1) x (0, 1)        
  Distorted root mesh:                       32 x 32        
  Number of root cells:                      1024        
  Distortion in %:                           2.5        
  Number of active cells:                    1048576        
  Finite element:                            FE_DGQ<2>(3)        
  Number of run cycles:                      3        

  Geometry:                                  CubeDistorted        
  Number of refinements:                     3        
  Number of repetitions:                     32        
  Distortion factor:                         0.025        

  Solver:                                    cg        
  Absolute tolerance:                        1.000e-14    
  Relative tolerance:                        1.000e-08    
  Number of maximal iterations:              100        
  Preconditioner:                            GMG        

  Multigrid:                                 V-cycle        
  /// Pre-smoother                                   
  Number of smoothing steps:                 2        
  Smoother:                                  Schwarz Smoother        
  Schwarz operator                           Multiplicative Vertex Patch        
  Number of smoothing steps                  1        
  Damping factor                             1        
  Patch-local damping factor                 0.1        
  Manual coloring                            true        
  Symmetrized Schwarz operator               false        
  Reversed Schwarz operator                  false        
  Number of quad points (surrogate)          4        
  Normalize surrogate patches                false        
  Compute arc length (surrogate)             true        
  /// Post-smoother                                  
  Number of smoothing steps:                 2        
  Smoother:                                  Schwarz Smoother        
  Schwarz operator                           Multiplicative Vertex Patch        
  Number of smoothing steps                  1        
  Damping factor                             1        
  Patch-local damping factor                 0.1        
  Manual coloring                            true        
  Symmetrized Schwarz operator               false        
  Reversed Schwarz operator                  true        
  Number of quad points (surrogate)          4        
  Normalize surrogate patches                false        
  Compute arc length (surrogate)             true        
  /// Coarse grid solver                             
  Coarse grid solver:                        Accurate Iterative Solver        
  Iterative solver:                          cg        
  Accuracy:                                  1.000e-08    

  Average reduction (solver):                0.469002        
  Number of iterations (solver):             24.329        
  ||u - uh||_L2 =                            1.780e-08          


+---------------------------------------------+------------+------------+
| Total wallclock time elapsed since start    |       357s |            |
|                                             |            |            |
| Section                         | no. calls |  wall time | % of total |
+---------------------------------+-----------+------------+------------+
| Create triangulation            |         3 |      1.06s |       0.3% |
| Distribute dofs                 |         3 |     0.457s |      0.13% |
| Setup MG preconditioner         |         3 |       352s |        99% |
| Setup linear system             |         3 |       2.8s |      0.79% |
| Solve                           |         3 |       325s |        91% |
+---------------------------------+-----------+------------+------------+

n_levels n_cells  n_dofs  n_colors n_iter  reduction 
       4   65536  1048576        8 21.4943 4.244e-01 
       5  262144  4194304        8 22.8635 4.468e-01 
       6 1048576 16777216        8 24.3290 4.690e-01 
