  Git - deal.II version:                     3ff8e288d2        
  Git - deal.II branch:                      master        
  Git - TPSS version:                        d4731e4        
  Git - TPSS branch:                         master        
  Date:                                      2020/2/28        
  Number of MPI processes:                   64        
  Vectorization level:                       AVX        
  Size of global_dof_index (bits):           64        

  n_refinements (initial):                   1        
  n_repetitions (initial):                   2        
  cg solver reduction:                       1.000e-08    

  //////////////////////////////             //////////////////////////////        
  Poisson run cycle:                         0        

  //////////////////////////////             //////////////////////////////        
  Poisson run cycle:                         1        

  //////////////////////////////             //////////////////////////////        
  Poisson run cycle:                         2        

  //////////////////////////////             //////////////////////////////        
  Poisson run cycle:                         3        

  Domain:                                    (0, 1) x (0, 1)        
  Root mesh:                                 2 x 2        
  Number of root cells:                      4        
  Number of active cells:                    1024        
  Finite element:                            FE_Q<2>(11)        
  Number of run cycles:                      14        

  Geometry:                                  Cube        
  Number of refinements:                     1        
  Number of repetitions:                     2        
  Subdivisions per direction:                []        
  Distortion factor:                         -1.000e+00

  Solver:                                    cg        
  Absolute tolerance:                        1.000e-14    
  Relative tolerance:                        1.000e-08    
  Number of maximal iterations:              100        
  Preconditioner:                            GMG        

  Multigrid:                                 V-cycle        
  /// Pre-smoother                                   
  Number of smoothing steps:                 1        
  Smoother:                                  Schwarz Smoother        
  Schwarz operator                           Multiplicative Vertex Patch        
  Number of smoothing steps                  1        
  Damping factor                             1        
  Patch-local damping factor                 1        
  Manual coloring                            true     
  Symmetrized Schwarz operator               false    
  Reversed Schwarz operator                  false    
  Number of quad points (surrogate)          5        
  Normalize surrogate patches                false    
  Compute arc length (surrogate)             true     
  Caching strategy                           cached        
  /// Post-smoother                                  
  Number of smoothing steps:                 1        
  Smoother:                                  Schwarz Smoother        
  Schwarz operator                           Multiplicative Vertex Patch        
  Number of smoothing steps                  1        
  Damping factor                             1        
  Patch-local damping factor                 1        
  Manual coloring                            true     
  Symmetrized Schwarz operator               false    
  Reversed Schwarz operator                  true     
  Number of quad points (surrogate)          5        
  Normalize surrogate patches                false    
  Compute arc length (surrogate)             true     
  Caching strategy                           cached        
  /// Coarse grid solver                             
  Coarse grid solver:                        Accurate Iterative Solver        
  Iterative solver:                          cg        
  Accuracy:                                  1.000e-12    

  Average reduction (solver):                0.00170718        
  Number of iterations (solver):             2.89047        
  ||u - uh||_L2 =                            4.565e-08          
  [SchwarzPrecond] Update residuals:         8.940e-04          
  [SchwarzPrecond] Apply inverses:           0.00466277        
  [SchwarzPrecond] Compute inverses:         0.0251914        
  [SchwarzPrecond] Copy Locally Owned:       4.711e-04         
  [SchwarzPrecond] Step:                     0.00543555        
  Vertex patch gathering                     2.690e-04          
  Vertex patch coloring (user)               2.385e-04          
  Submit vertex patches                      7.823e-05         
  //////////////////////////////             //////////////////////////////        
  Poisson run cycle:                         4        

  Domain:                                    (0, 1) x (0, 1)        
  Root mesh:                                 2 x 2        
  Number of root cells:                      4        
  Number of active cells:                    4096        
  Finite element:                            FE_Q<2>(11)        
  Number of run cycles:                      14        

  Geometry:                                  Cube        
  Number of refinements:                     1        
  Number of repetitions:                     2        
  Subdivisions per direction:                []        
  Distortion factor:                         -1.000e+00

  Solver:                                    cg        
  Absolute tolerance:                        1.000e-14    
  Relative tolerance:                        1.000e-08    
  Number of maximal iterations:              100        
  Preconditioner:                            GMG        

  Multigrid:                                 V-cycle        
  /// Pre-smoother                                   
  Number of smoothing steps:                 1        
  Smoother:                                  Schwarz Smoother        
  Schwarz operator                           Multiplicative Vertex Patch        
  Number of smoothing steps                  1        
  Damping factor                             1        
  Patch-local damping factor                 1        
  Manual coloring                            true     
  Symmetrized Schwarz operator               false    
  Reversed Schwarz operator                  false    
  Number of quad points (surrogate)          5        
  Normalize surrogate patches                false    
  Compute arc length (surrogate)             true     
  Caching strategy                           cached        
  /// Post-smoother                                  
  Number of smoothing steps:                 1        
  Smoother:                                  Schwarz Smoother        
  Schwarz operator                           Multiplicative Vertex Patch        
  Number of smoothing steps                  1        
  Damping factor                             1        
  Patch-local damping factor                 1        
  Manual coloring                            true     
  Symmetrized Schwarz operator               false    
  Reversed Schwarz operator                  true     
  Number of quad points (surrogate)          5        
  Normalize surrogate patches                false    
  Compute arc length (surrogate)             true     
  Caching strategy                           cached        
  /// Coarse grid solver                             
  Coarse grid solver:                        Accurate Iterative Solver        
  Iterative solver:                          cg        
  Accuracy:                                  1.000e-12    

  Average reduction (solver):                0.00175103        
  Number of iterations (solver):             2.90201        
  ||u - uh||_L2 =                            6.420e-08         
  [SchwarzPrecond] Update residuals:         0.00216252        
  [SchwarzPrecond] Apply inverses:           0.00909072        
  [SchwarzPrecond] Compute inverses:         0.051365        
  [SchwarzPrecond] Copy Locally Owned:       0.00100593        
  [SchwarzPrecond] Step:                     0.0112579        
  Vertex patch gathering                     4.347e-04          
  Vertex patch coloring (user)               8.407e-04         
  Submit vertex patches                      8.144e-05         
  //////////////////////////////             //////////////////////////////        
  Poisson run cycle:                         5        

  Domain:                                    (0, 1) x (0, 1)        
  Root mesh:                                 2 x 2        
  Number of root cells:                      4        
  Number of active cells:                    16384        
  Finite element:                            FE_Q<2>(11)        
  Number of run cycles:                      14        

  Geometry:                                  Cube        
  Number of refinements:                     1        
  Number of repetitions:                     2        
  Subdivisions per direction:                []        
  Distortion factor:                         -1.000e+00

  Solver:                                    cg        
  Absolute tolerance:                        1.000e-14    
  Relative tolerance:                        1.000e-08    
  Number of maximal iterations:              100        
  Preconditioner:                            GMG        

  Multigrid:                                 V-cycle        
  /// Pre-smoother                                   
  Number of smoothing steps:                 1        
  Smoother:                                  Schwarz Smoother        
  Schwarz operator                           Multiplicative Vertex Patch        
  Number of smoothing steps                  1        
  Damping factor                             1        
  Patch-local damping factor                 1        
  Manual coloring                            true     
  Symmetrized Schwarz operator               false    
  Reversed Schwarz operator                  false    
  Number of quad points (surrogate)          5        
  Normalize surrogate patches                false    
  Compute arc length (surrogate)             true     
  Caching strategy                           cached        
  /// Post-smoother                                  
  Number of smoothing steps:                 1        
  Smoother:                                  Schwarz Smoother        
  Schwarz operator                           Multiplicative Vertex Patch        
  Number of smoothing steps                  1        
  Damping factor                             1        
  Patch-local damping factor                 1        
  Manual coloring                            true     
  Symmetrized Schwarz operator               false    
  Reversed Schwarz operator                  true     
  Number of quad points (surrogate)          5        
  Normalize surrogate patches                false    
  Compute arc length (surrogate)             true     
  Caching strategy                           cached        
  /// Coarse grid solver                             
  Coarse grid solver:                        Accurate Iterative Solver        
  Iterative solver:                          cg        
  Accuracy:                                  1.000e-12    

  Average reduction (solver):                0.00177532        
  Number of iterations (solver):             2.90833        
  ||u - uh||_L2 =                            7.991e-08          
  [SchwarzPrecond] Update residuals:         0.00784643        
  [SchwarzPrecond] Apply inverses:           0.0312242        
  [SchwarzPrecond] Compute inverses:         0.190128        
  [SchwarzPrecond] Copy Locally Owned:       0.0031481        
  [SchwarzPrecond] Step:                     0.0390461        
  Vertex patch gathering                     0.00127127        
  Vertex patch coloring (user)               0.00332668        
  Submit vertex patches                      1.850e-04          
  //////////////////////////////             //////////////////////////////        
  Poisson run cycle:                         6        

  Domain:                                    (0, 1) x (0, 1)        
  Root mesh:                                 2 x 2        
  Number of root cells:                      4        
  Number of active cells:                    65536        
  Finite element:                            FE_Q<2>(11)        
  Number of run cycles:                      14        

  Geometry:                                  Cube        
  Number of refinements:                     1        
  Number of repetitions:                     2        
  Subdivisions per direction:                []        
  Distortion factor:                         -1.000e+00

  Solver:                                    cg        
  Absolute tolerance:                        1.000e-14    
  Relative tolerance:                        1.000e-08    
  Number of maximal iterations:              100        
  Preconditioner:                            GMG        

  Multigrid:                                 V-cycle        
  /// Pre-smoother                                   
  Number of smoothing steps:                 1        
  Smoother:                                  Schwarz Smoother        
  Schwarz operator                           Multiplicative Vertex Patch        
  Number of smoothing steps                  1        
  Damping factor                             1        
  Patch-local damping factor                 1        
  Manual coloring                            true     
  Symmetrized Schwarz operator               false    
  Reversed Schwarz operator                  false    
  Number of quad points (surrogate)          5        
  Normalize surrogate patches                false    
  Compute arc length (surrogate)             true     
  Caching strategy                           cached        
  /// Post-smoother                                  
  Number of smoothing steps:                 1        
  Smoother:                                  Schwarz Smoother        
  Schwarz operator                           Multiplicative Vertex Patch        
  Number of smoothing steps                  1        
  Damping factor                             1        
  Patch-local damping factor                 1        
  Manual coloring                            true     
  Symmetrized Schwarz operator               false    
  Reversed Schwarz operator                  true     
  Number of quad points (surrogate)          5        
  Normalize surrogate patches                false    
  Compute arc length (surrogate)             true     
  Caching strategy                           cached        
  /// Coarse grid solver                             
  Coarse grid solver:                        Accurate Iterative Solver        
  Iterative solver:                          cg        
  Accuracy:                                  1.000e-12    

  Average reduction (solver):                0.00178811        
  Number of iterations (solver):             2.91163        
  ||u - uh||_L2 =                            9.002e-08         
  [SchwarzPrecond] Update residuals:         0.0364077        
  [SchwarzPrecond] Apply inverses:           0.122118        
  [SchwarzPrecond] Compute inverses:         0.745077        
  [SchwarzPrecond] Copy Locally Owned:       0.0176915        
  [SchwarzPrecond] Step:                     0.158339        
  Vertex patch gathering                     0.00382447        
  Vertex patch coloring (user)               0.0144242        
  Submit vertex patches                      5.237e-04          
  //////////////////////////////             //////////////////////////////        
  Poisson run cycle:                         7        

  Domain:                                    (0, 1) x (0, 1)        
  Root mesh:                                 2 x 2        
  Number of root cells:                      4        
  Number of active cells:                    262144        
  Finite element:                            FE_Q<2>(11)        
  Number of run cycles:                      14        

  Geometry:                                  Cube        
  Number of refinements:                     1        
  Number of repetitions:                     2        
  Subdivisions per direction:                []        
  Distortion factor:                         -1.000e+00

  Solver:                                    cg        
  Absolute tolerance:                        1.000e-14    
  Relative tolerance:                        1.000e-08    
  Number of maximal iterations:              100        
  Preconditioner:                            GMG        

  Multigrid:                                 V-cycle        
  /// Pre-smoother                                   
  Number of smoothing steps:                 1        
  Smoother:                                  Schwarz Smoother        
  Schwarz operator                           Multiplicative Vertex Patch        
  Number of smoothing steps                  1        
  Damping factor                             1        
  Patch-local damping factor                 1        
  Manual coloring                            true     
  Symmetrized Schwarz operator               false    
  Reversed Schwarz operator                  false    
  Number of quad points (surrogate)          5        
  Normalize surrogate patches                false    
  Compute arc length (surrogate)             true     
  Caching strategy                           cached        
  /// Post-smoother                                  
  Number of smoothing steps:                 1        
  Smoother:                                  Schwarz Smoother        
  Schwarz operator                           Multiplicative Vertex Patch        
  Number of smoothing steps                  1        
  Damping factor                             1        
  Patch-local damping factor                 1        
  Manual coloring                            true     
  Symmetrized Schwarz operator               false    
  Reversed Schwarz operator                  true     
  Number of quad points (surrogate)          5        
  Normalize surrogate patches                false    
  Compute arc length (surrogate)             true     
  Caching strategy                           cached        
  /// Coarse grid solver                             
  Coarse grid solver:                        Accurate Iterative Solver        
  Iterative solver:                          cg        
  Accuracy:                                  1.000e-12    

  Average reduction (solver):                0.00179486        
  Number of iterations (solver):             2.91336        
  ||u - uh||_L2 =                            9.597e-08          
  [SchwarzPrecond] Update residuals:         0.175046        
  [SchwarzPrecond] Apply inverses:           0.509749        
  [SchwarzPrecond] Compute inverses:         2.99571        
  [SchwarzPrecond] Copy Locally Owned:       0.0902237        
  [SchwarzPrecond] Step:                     0.688965        
  Vertex patch gathering                     0.014222        
  Vertex patch coloring (user)               0.0606293        
  Submit vertex patches                      0.00202639        
  //////////////////////////////             //////////////////////////////        
  Poisson run cycle:                         8        

  Domain:                                    (0, 1) x (0, 1)        
  Root mesh:                                 2 x 2        
  Number of root cells:                      4        
  Number of active cells:                    1048576        
  Finite element:                            FE_Q<2>(11)        
  Number of run cycles:                      14        

  Geometry:                                  Cube        
  Number of refinements:                     1        
  Number of repetitions:                     2        
  Subdivisions per direction:                []        
  Distortion factor:                         -1.000e+00

  Solver:                                    cg        
  Absolute tolerance:                        1.000e-14    
  Relative tolerance:                        1.000e-08    
  Number of maximal iterations:              100        
  Preconditioner:                            GMG        

  Multigrid:                                 V-cycle        
  /// Pre-smoother                                   
  Number of smoothing steps:                 1        
  Smoother:                                  Schwarz Smoother        
  Schwarz operator                           Multiplicative Vertex Patch        
  Number of smoothing steps                  1        
  Damping factor                             1        
  Patch-local damping factor                 1        
  Manual coloring                            true     
  Symmetrized Schwarz operator               false    
  Reversed Schwarz operator                  false    
  Number of quad points (surrogate)          5        
  Normalize surrogate patches                false    
  Compute arc length (surrogate)             true     
  Caching strategy                           cached        
  /// Post-smoother                                  
  Number of smoothing steps:                 1        
  Smoother:                                  Schwarz Smoother        
  Schwarz operator                           Multiplicative Vertex Patch        
  Number of smoothing steps                  1        
  Damping factor                             1        
  Patch-local damping factor                 1        
  Manual coloring                            true     
  Symmetrized Schwarz operator               false    
  Reversed Schwarz operator                  true     
  Number of quad points (surrogate)          5        
  Normalize surrogate patches                false    
  Compute arc length (surrogate)             true     
  Caching strategy                           cached        
  /// Coarse grid solver                             
  Coarse grid solver:                        Accurate Iterative Solver        
  Iterative solver:                          cg        
  Accuracy:                                  1.000e-12    

  Average reduction (solver):                0.00179847        
  Number of iterations (solver):             2.91429        
  ||u - uh||_L2 =                            9.935e-08          
  [SchwarzPrecond] Update residuals:         0.702627        
  [SchwarzPrecond] Apply inverses:           1.94537        
  [SchwarzPrecond] Compute inverses:         12.062        
  [SchwarzPrecond] Copy Locally Owned:       0.305683        
  [SchwarzPrecond] Step:                     2.65554        
  Vertex patch gathering                     0.0588258        
  Vertex patch coloring (user)               0.257849        
  Submit vertex patches                      0.00947631        
  //////////////////////////////             //////////////////////////////        
  Poisson run cycle:                         9        

  Domain:                                    (0, 1) x (0, 1)        
  Root mesh:                                 2 x 2        
  Number of root cells:                      4        
  Number of active cells:                    4194304        
  Finite element:                            FE_Q<2>(11)        
  Number of run cycles:                      14        

  Geometry:                                  Cube        
  Number of refinements:                     1        
  Number of repetitions:                     2        
  Subdivisions per direction:                []        
  Distortion factor:                         -1.000e+00

  Solver:                                    cg        
  Absolute tolerance:                        1.000e-14    
  Relative tolerance:                        1.000e-08    
  Number of maximal iterations:              100        
  Preconditioner:                            GMG        

  Multigrid:                                 V-cycle        
  /// Pre-smoother                                   
  Number of smoothing steps:                 1        
  Smoother:                                  Schwarz Smoother        
  Schwarz operator                           Multiplicative Vertex Patch        
  Number of smoothing steps                  1        
  Damping factor                             1        
  Patch-local damping factor                 1        
  Manual coloring                            true     
  Symmetrized Schwarz operator               false    
  Reversed Schwarz operator                  false    
  Number of quad points (surrogate)          5        
  Normalize surrogate patches                false    
  Compute arc length (surrogate)             true     
  Caching strategy                           cached        
  /// Post-smoother                                  
  Number of smoothing steps:                 1        
  Smoother:                                  Schwarz Smoother        
  Schwarz operator                           Multiplicative Vertex Patch        
  Number of smoothing steps                  1        
  Damping factor                             1        
  Patch-local damping factor                 1        
  Manual coloring                            true     
  Symmetrized Schwarz operator               false    
  Reversed Schwarz operator                  true     
  Number of quad points (surrogate)          5        
  Normalize surrogate patches                false    
  Compute arc length (surrogate)             true     
  Caching strategy                           cached        
  /// Coarse grid solver                             
  Coarse grid solver:                        Accurate Iterative Solver        
  Iterative solver:                          cg        
  Accuracy:                                  1.000e-12    

  Average reduction (solver):                0.00180042        
  Number of iterations (solver):             2.91479        
  ||u - uh||_L2 =                            1.012e-07          
  [SchwarzPrecond] Update residuals:         2.90158        
  [SchwarzPrecond] Apply inverses:           7.53602        
  [SchwarzPrecond] Compute inverses:         48.2511        
  [SchwarzPrecond] Copy Locally Owned:       1.15299        
  [SchwarzPrecond] Step:                     10.6246        
  Vertex patch gathering                     0.293557        
  Vertex patch coloring (user)               1.09358        
  Submit vertex patches                      0.0627115        
  //////////////////////////////             //////////////////////////////        
  Poisson run cycle:                         10        

  //////////////////////////////             //////////////////////////////        
  Poisson run cycle:                         11        

  //////////////////////////////             //////////////////////////////        
  Poisson run cycle:                         12        

  //////////////////////////////             //////////////////////////////        
  Poisson run cycle:                         13        



+---------------------------------------------+------------+------------+
| Total wallclock time elapsed since start    |      90.6s |            |
|                                             |            |            |
| Section                         | no. calls |  wall time | % of total |
+---------------------------------+-----------+------------+------------+
| Compute discretization errors   |         7 |      1.46s |       1.6% |
| Create triangulation            |        14 |     0.525s |      0.58% |
| Distribute dofs                 |         7 |      1.41s |       1.6% |
| Setup MG preconditioner         |         7 |        57s |        63% |
| Setup linear system             |         7 |      3.84s |       4.2% |
| Solve                           |         7 |      26.3s |        29% |
+---------------------------------+-----------+------------+------------+

!TABLEPP
n_levels n_cells  n_dofs   n_colors n_iter reduction       L2_error       
       5    1024    124609        4 2.8905 1.707e-03 4.565e-08    -     - 
       6    4096    497025        4 2.9020 1.751e-03 6.420e-08 0.71 -0.49 
       7   16384   1985281        4 2.9083 1.775e-03 7.991e-08 0.80 -0.32 
       8   65536   7935489        4 2.9116 1.788e-03 9.002e-08 0.89 -0.17 
       9  262144  31730689        4 2.9134 1.795e-03 9.597e-08 0.94 -0.09 
      10 1048576 126900225        4 2.9143 1.798e-03 9.935e-08 0.97 -0.05 
      11 4194304 507555841        4 2.9148 1.800e-03 1.012e-07 0.98 -0.03 
TABLE!PP
